52239 | 2001 | SYN | 15 | 2022-11-21 11:29:47,898
2001 | 52239 | SYN/ACK | 15 | 2022-11-21 11:29:47,898
52239 | 2001 | ACK | 15 | 2022-11-21 11:29:47,898
37928 | 34841 | DATA | 1000 | 2022-11-21 11:29:47,899
34841 | 37928 | ACK | 15 | 2022-11-21 11:29:48,740
34841 | 37928 | DATA | 1000 | 2022-11-21 11:29:48,740
37928 | 34841 | ACK | 15 | 2022-11-21 11:29:48,740
34841 | 37928 | DATA | 1000 | 2022-11-21 11:29:48,740
37928 | 34841 | ACK | 15 | 2022-11-21 11:29:48,740
34841 | 37928 | DATA | 1000 | 2022-11-21 11:29:48,741
37928 | 34841 | ACK | 15 | 2022-11-21 11:29:49,512
34841 | 37928 | DATA | 1000 | 2022-11-21 11:29:49,512
34841 | 37928 | DATA | 1000 | 2022-11-21 11:29:51,041
37928 | 34841 | ACK | 15 | 2022-11-21 11:29:51,041
34841 | 37928 | DATA | 1000 | 2022-11-21 11:29:51,041
37928 | 34841 | ACK | 15 | 2022-11-21 11:29:51,833
34841 | 37928 | DATA | 1000 | 2022-11-21 11:29:51,833
37928 | 34841 | ACK | 15 | 2022-11-21 11:29:52,404
34841 | 37928 | DATA | 1000 | 2022-11-21 11:29:52,404
37928 | 34841 | ACK | 15 | 2022-11-21 11:29:53,135
34841 | 37928 | DATA | 1000 | 2022-11-21 11:29:53,136
37928 | 34841 | ACK | 15 | 2022-11-21 11:29:53,136
34841 | 37928 | DATA | 1000 | 2022-11-21 11:29:53,136
34841 | 37928 | DATA | 1000 | 2022-11-21 11:29:54,540
37928 | 34841 | ACK | 15 | 2022-11-21 11:29:55,411
34841 | 37928 | DATA | 1000 | 2022-11-21 11:29:55,412
34841 | 37928 | DATA | 1000 | 2022-11-21 11:29:57,331
54223 | 2001 | SYN | 15 | 2022-11-21 11:29:58,435
2001 | 54223 | SYN/ACK | 15 | 2022-11-21 11:29:58,435
54223 | 2001 | ACK | 15 | 2022-11-21 11:29:58,436
57820 | 36568 | DATA | 1000 | 2022-11-21 11:29:58,436
36568 | 57820 | ACK | 15 | 2022-11-21 11:29:58,437
36568 | 57820 | DATA | 1000 | 2022-11-21 11:29:58,437
57820 | 36568 | ACK | 15 | 2022-11-21 11:29:58,437
36568 | 57820 | DATA | 1000 | 2022-11-21 11:29:58,437
57820 | 36568 | ACK | 15 | 2022-11-21 11:29:58,437
36568 | 57820 | DATA | 1000 | 2022-11-21 11:29:58,437
57820 | 36568 | ACK | 15 | 2022-11-21 11:29:58,437
36568 | 57820 | DATA | 1000 | 2022-11-21 11:29:58,438
57820 | 36568 | ACK | 15 | 2022-11-21 11:29:58,438
36568 | 57820 | DATA | 1000 | 2022-11-21 11:29:58,438
57820 | 36568 | ACK | 15 | 2022-11-21 11:29:59,239
36568 | 57820 | DATA | 1000 | 2022-11-21 11:29:59,239
34841 | 37928 | DATA | 1000 | 2022-11-21 11:29:59,250
37928 | 34841 | ACK | 15 | 2022-11-21 11:29:59,891
34841 | 37928 | DATA | 1000 | 2022-11-21 11:29:59,892
36568 | 57820 | DATA | 1000 | 2022-11-21 11:30:00,241
57820 | 36568 | ACK | 15 | 2022-11-21 11:30:00,241
36568 | 57820 | DATA | 1000 | 2022-11-21 11:30:00,241
37928 | 34841 | ACK | 15 | 2022-11-21 11:30:00,463
34841 | 37928 | DATA | 1000 | 2022-11-21 11:30:00,463
37928 | 34841 | ACK | 15 | 2022-11-21 11:30:00,463
34841 | 37928 | DATA | 1000 | 2022-11-21 11:30:00,463
37928 | 34841 | ACK | 15 | 2022-11-21 11:30:00,463
34841 | 37928 | DATA | 1000 | 2022-11-21 11:30:00,463
57820 | 36568 | ACK | 15 | 2022-11-21 11:30:00,952
36568 | 57820 | DATA | 1000 | 2022-11-21 11:30:00,952
57820 | 36568 | ACK | 15 | 2022-11-21 11:30:00,952
36568 | 57820 | DATA | 1000 | 2022-11-21 11:30:00,952
57820 | 36568 | ACK | 15 | 2022-11-21 11:30:00,953
36568 | 57820 | DATA | 1000 | 2022-11-21 11:30:00,953
57820 | 36568 | ACK | 15 | 2022-11-21 11:30:00,953
36568 | 57820 | DATA | 1000 | 2022-11-21 11:30:00,953
37928 | 34841 | ACK | 15 | 2022-11-21 11:30:01,455
34841 | 37928 | DATA | 1000 | 2022-11-21 11:30:01,455
57820 | 36568 | ACK | 15 | 2022-11-21 11:30:01,954
36568 | 57820 | DATA | 1000 | 2022-11-21 11:30:01,954
36568 | 57820 | DATA | 1000 | 2022-11-21 11:30:01,955
37928 | 34841 | ACK | 15 | 2022-11-21 11:30:02,046
34841 | 37928 | DATA | 1000 | 2022-11-21 11:30:02,046
57820 | 36568 | ACK | 15 | 2022-11-21 11:30:02,956
36568 | 57820 | DATA | 1000 | 2022-11-21 11:30:02,956
37928 | 34841 | ACK | 15 | 2022-11-21 11:30:03,037
34841 | 37928 | DATA | 1000 | 2022-11-21 11:30:03,037
57820 | 36568 | ACK | 15 | 2022-11-21 11:30:03,467
57820 | 36568 | ACK | 15 | 2022-11-21 11:30:03,467
36568 | 57820 | DATA | 1000 | 2022-11-21 11:30:03,467
57820 | 36568 | ACK | 15 | 2022-11-21 11:30:03,468
36568 | 57820 | DATA | 1000 | 2022-11-21 11:30:03,468
36568 | 57820 | DATA | 1000 | 2022-11-21 11:30:03,468
37928 | 34841 | ACK | 15 | 2022-11-21 11:30:03,939
34841 | 37928 | DATA | 1000 | 2022-11-21 11:30:03,939
37928 | 34841 | ACK | 15 | 2022-11-21 11:30:03,939
34841 | 37928 | DATA | 1000 | 2022-11-21 11:30:03,939
57820 | 36568 | ACK | 15 | 2022-11-21 11:30:04,459
36568 | 57820 | DATA | 1000 | 2022-11-21 11:30:04,459
57820 | 36568 | ACK | 15 | 2022-11-21 11:30:04,459
36568 | 57820 | DATA | 1000 | 2022-11-21 11:30:04,460
57820 | 36568 | ACK | 15 | 2022-11-21 11:30:04,460
36568 | 57820 | DATA | 1000 | 2022-11-21 11:30:04,460
57820 | 36568 | ACK | 15 | 2022-11-21 11:30:04,460
36568 | 57820 | DATA | 1000 | 2022-11-21 11:30:04,460
57820 | 36568 | ACK | 15 | 2022-11-21 11:30:04,460
36568 | 57820 | DATA | 1000 | 2022-11-21 11:30:04,461
37928 | 34841 | ACK | 15 | 2022-11-21 11:30:04,530
34841 | 37928 | DATA | 1000 | 2022-11-21 11:30:04,531
57820 | 36568 | ACK | 15 | 2022-11-21 11:30:05,342
36568 | 57820 | DATA | 1000 | 2022-11-21 11:30:05,342
37928 | 34841 | ACK | 15 | 2022-11-21 11:30:05,432
34841 | 37928 | DATA | 1000 | 2022-11-21 11:30:05,432
57820 | 36568 | ACK | 15 | 2022-11-21 11:30:05,853
36568 | 57820 | DATA | 1000 | 2022-11-21 11:30:05,854
57820 | 36568 | ACK | 15 | 2022-11-21 11:30:05,854
36568 | 57820 | DATA | 1000 | 2022-11-21 11:30:05,854
37928 | 34841 | ACK | 15 | 2022-11-21 11:30:06,263
34841 | 37928 | DATA | 1000 | 2022-11-21 11:30:06,264
37928 | 34841 | ACK | 15 | 2022-11-21 11:30:06,264
34841 | 37928 | DATA | 1000 | 2022-11-21 11:30:06,264
57820 | 36568 | ACK | 15 | 2022-11-21 11:30:06,856
36568 | 57820 | DATA | 1000 | 2022-11-21 11:30:06,856
57820 | 36568 | ACK | 15 | 2022-11-21 11:30:06,856
36568 | 57820 | DATA | 1000 | 2022-11-21 11:30:06,856
57820 | 36568 | ACK | 15 | 2022-11-21 11:30:06,857
36568 | 57820 | DATA | 1000 | 2022-11-21 11:30:06,857
36568 | 57820 | DATA | 1000 | 2022-11-21 11:30:06,857
37928 | 34841 | ACK | 15 | 2022-11-21 11:30:06,955
34841 | 37928 | DATA | 1000 | 2022-11-21 11:30:06,955
37928 | 34841 | ACK | 15 | 2022-11-21 11:30:06,955
34841 | 37928 | DATA | 1000 | 2022-11-21 11:30:06,955
37928 | 34841 | ACK | 15 | 2022-11-21 11:30:07,596
34841 | 37928 | DATA | 1000 | 2022-11-21 11:30:07,597
57820 | 36568 | ACK | 15 | 2022-11-21 11:30:07,658
36568 | 57820 | DATA | 1000 | 2022-11-21 11:30:07,658
37928 | 34841 | ACK | 15 | 2022-11-21 11:30:08,328
34841 | 37928 | DATA | 1000 | 2022-11-21 11:30:08,328
37928 | 34841 | ACK | 15 | 2022-11-21 11:30:08,328
34841 | 37928 | DATA | 1000 | 2022-11-21 11:30:08,328
37928 | 34841 | ACK | 15 | 2022-11-21 11:30:08,328
34841 | 37928 | DATA | 1000 | 2022-11-21 11:30:08,328
57820 | 36568 | ACK | 15 | 2022-11-21 11:30:08,399
36568 | 57820 | DATA | 1000 | 2022-11-21 11:30:08,399
57820 | 36568 | ACK | 15 | 2022-11-21 11:30:08,950
36568 | 57820 | DATA | 1000 | 2022-11-21 11:30:08,950
57820 | 36568 | ACK | 15 | 2022-11-21 11:30:08,950
36568 | 57820 | DATA | 1000 | 2022-11-21 11:30:08,951
57820 | 36568 | ACK | 15 | 2022-11-21 11:30:08,951
36568 | 57820 | DATA | 1000 | 2022-11-21 11:30:08,951
57820 | 36568 | ACK | 15 | 2022-11-21 11:30:08,951
36568 | 57820 | DATA | 1000 | 2022-11-21 11:30:08,951
37928 | 34841 | ACK | 15 | 2022-11-21 11:30:09,010
34841 | 37928 | DATA | 1000 | 2022-11-21 11:30:09,010
37928 | 34841 | ACK | 15 | 2022-11-21 11:30:09,601
34841 | 37928 | DATA | 1000 | 2022-11-21 11:30:09,601
57820 | 36568 | ACK | 15 | 2022-11-21 11:30:09,632
36568 | 57820 | DATA | 1000 | 2022-11-21 11:30:09,632
57820 | 36568 | ACK | 15 | 2022-11-21 11:30:09,632
36568 | 57820 | DATA | 1000 | 2022-11-21 11:30:09,632
37928 | 34841 | ACK | 15 | 2022-11-21 11:30:10,542
34841 | 37928 | DATA | 1000 | 2022-11-21 11:30:10,542
37928 | 34841 | ACK | 15 | 2022-11-21 11:30:10,543
34841 | 37928 | DATA | 1000 | 2022-11-21 11:30:10,543
36568 | 57820 | DATA | 1000 | 2022-11-21 11:30:10,634
37928 | 34841 | ACK | 15 | 2022-11-21 11:30:11,324
34841 | 37928 | DATA | 1000 | 2022-11-21 11:30:11,324
37928 | 34841 | ACK | 15 | 2022-11-21 11:30:11,324
34841 | 37928 | DATA | 1000 | 2022-11-21 11:30:11,324
57820 | 36568 | ACK | 15 | 2022-11-21 11:30:11,555
36568 | 57820 | DATA | 1000 | 2022-11-21 11:30:11,555
57820 | 36568 | ACK | 15 | 2022-11-21 11:30:11,556
36568 | 57820 | DATA | 1000 | 2022-11-21 11:30:11,556
57820 | 36568 | ACK | 15 | 2022-11-21 11:30:12,087
57820 | 36568 | ACK | 15 | 2022-11-21 11:30:12,087
36568 | 57820 | DATA | 1000 | 2022-11-21 11:30:12,087
36568 | 57820 | DATA | 1000 | 2022-11-21 11:30:12,087
37928 | 34841 | ACK | 15 | 2022-11-21 11:30:12,095
34841 | 37928 | DATA | 1000 | 2022-11-21 11:30:12,096
57820 | 36568 | ACK | 15 | 2022-11-21 11:30:12,658
36568 | 57820 | DATA | 1000 | 2022-11-21 11:30:12,658
57820 | 36568 | ACK | 15 | 2022-11-21 11:30:12,659
36568 | 57820 | DATA | 1000 | 2022-11-21 11:30:12,659
57820 | 36568 | ACK | 15 | 2022-11-21 11:30:13,560
36568 | 57820 | DATA | 1000 | 2022-11-21 11:30:13,560
34841 | 37928 | DATA | 1000 | 2022-11-21 11:30:13,892
57820 | 36568 | ACK | 15 | 2022-11-21 11:30:14,101
36568 | 57820 | DATA | 1000 | 2022-11-21 11:30:14,102
57820 | 36568 | ACK | 15 | 2022-11-21 11:30:14,102
36568 | 57820 | DATA | 1000 | 2022-11-21 11:30:14,102
57820 | 36568 | ACK | 15 | 2022-11-21 11:30:14,102
36568 | 57820 | DATA | 1000 | 2022-11-21 11:30:14,102
37928 | 34841 | ACK | 15 | 2022-11-21 11:30:14,613
34841 | 37928 | DATA | 1000 | 2022-11-21 11:30:14,613
37928 | 34841 | ACK | 15 | 2022-11-21 11:30:14,613
34841 | 37928 | DATA | 1000 | 2022-11-21 11:30:14,613
57820 | 36568 | ACK | 15 | 2022-11-21 11:30:14,894
36568 | 57820 | DATA | 1000 | 2022-11-21 11:30:14,894
57820 | 36568 | ACK | 15 | 2022-11-21 11:30:14,894
36568 | 57820 | DATA | 1000 | 2022-11-21 11:30:14,894
57820 | 36568 | ACK | 15 | 2022-11-21 11:30:15,645
36568 | 57820 | DATA | 1000 | 2022-11-21 11:30:15,645
34841 | 37928 | DATA | 1000 | 2022-11-21 11:30:16,053
37928 | 34841 | ACK | 15 | 2022-11-21 11:30:16,053
34841 | 37928 | DATA | 1000 | 2022-11-21 11:30:16,054
57820 | 36568 | ACK | 15 | 2022-11-21 11:30:16,497
36568 | 57820 | DATA | 1000 | 2022-11-21 11:30:16,497
34841 | 37928 | DATA | 1000 | 2022-11-21 11:30:17,129
57820 | 36568 | ACK | 15 | 2022-11-21 11:30:17,198
36568 | 57820 | DATA | 1000 | 2022-11-21 11:30:17,198
57820 | 36568 | ACK | 15 | 2022-11-21 11:30:17,199
36568 | 57820 | DATA | 1000 | 2022-11-21 11:30:17,199
37928 | 34841 | ACK | 15 | 2022-11-21 11:30:17,810
34841 | 37928 | DATA | 1000 | 2022-11-21 11:30:17,811
57820 | 36568 | ACK | 15 | 2022-11-21 11:30:18,030
36568 | 57820 | DATA | 1000 | 2022-11-21 11:30:18,030
57820 | 36568 | ACK | 15 | 2022-11-21 11:30:18,030
36568 | 57820 | DATA | 1000 | 2022-11-21 11:30:18,030
37928 | 34841 | ACK | 15 | 2022-11-21 11:30:18,812
37928 | 34841 | ACK | 15 | 2022-11-21 11:30:18,812
34841 | 37928 | DATA | 1000 | 2022-11-21 11:30:18,812
34841 | 37928 | DATA | 1000 | 2022-11-21 11:30:18,813
37928 | 34841 | ACK | 15 | 2022-11-21 11:30:18,813
34841 | 37928 | DATA | 1000 | 2022-11-21 11:30:18,813
36568 | 57820 | DATA | 1000 | 2022-11-21 11:30:19,426
57820 | 36568 | ACK | 15 | 2022-11-21 11:30:19,426
36568 | 57820 | DATA | 1000 | 2022-11-21 11:30:19,427
57820 | 36568 | ACK | 15 | 2022-11-21 11:30:19,427
36568 | 57820 | DATA | 1000 | 2022-11-21 11:30:19,427
34841 | 37928 | DATA | 1000 | 2022-11-21 11:30:19,905
57820 | 36568 | ACK | 15 | 2022-11-21 11:30:20,008
36568 | 57820 | DATA | 1000 | 2022-11-21 11:30:20,008
57820 | 36568 | ACK | 15 | 2022-11-21 11:30:20,008
36568 | 57820 | DATA | 1000 | 2022-11-21 11:30:20,008
37928 | 34841 | ACK | 15 | 2022-11-21 11:30:20,776
34841 | 37928 | DATA | 1000 | 2022-11-21 11:30:20,776
37928 | 34841 | ACK | 15 | 2022-11-21 11:30:20,777
34841 | 37928 | DATA | 1000 | 2022-11-21 11:30:20,777
57820 | 36568 | ACK | 15 | 2022-11-21 11:30:20,850
36568 | 57820 | DATA | 1000 | 2022-11-21 11:30:20,850
37928 | 34841 | ACK | 15 | 2022-11-21 11:30:21,408
34841 | 37928 | DATA | 1000 | 2022-11-21 11:30:21,408
37928 | 34841 | ACK | 15 | 2022-11-21 11:30:21,408
34841 | 37928 | DATA | 1000 | 2022-11-21 11:30:21,408
37928 | 34841 | ACK | 15 | 2022-11-21 11:30:21,408
34841 | 37928 | DATA | 1000 | 2022-11-21 11:30:21,408
57820 | 36568 | ACK | 15 | 2022-11-21 11:30:21,511
36568 | 57820 | DATA | 1000 | 2022-11-21 11:30:21,511
37928 | 34841 | ACK | 15 | 2022-11-21 11:30:22,140
34841 | 37928 | DATA | 1000 | 2022-11-21 11:30:22,140
37928 | 34841 | ACK | 15 | 2022-11-21 11:30:22,141
34841 | 37928 | DATA | 1000 | 2022-11-21 11:30:22,142
37928 | 34841 | ACK | 15 | 2022-11-21 11:30:23,013
34841 | 37928 | DATA | 1000 | 2022-11-21 11:30:23,013
36568 | 57820 | DATA | 1000 | 2022-11-21 11:30:23,191
37928 | 34841 | ACK | 15 | 2022-11-21 11:30:24,015
34841 | 37928 | DATA | 1000 | 2022-11-21 11:30:24,015
37928 | 34841 | ACK | 15 | 2022-11-21 11:30:24,015
34841 | 37928 | DATA | 1000 | 2022-11-21 11:30:24,015
37928 | 34841 | ACK | 15 | 2022-11-21 11:30:24,536
34841 | 37928 | DATA | 1000 | 2022-11-21 11:30:24,536
37928 | 34841 | ACK | 15 | 2022-11-21 11:30:24,536
34841 | 37928 | DATA | 1000 | 2022-11-21 11:30:24,536
36568 | 57820 | DATA | 1000 | 2022-11-21 11:30:24,871
57820 | 36568 | ACK | 15 | 2022-11-21 11:30:24,872
36568 | 57820 | DATA | 1000 | 2022-11-21 11:30:24,872
37928 | 34841 | ACK | 15 | 2022-11-21 11:30:25,207
34841 | 37928 | DATA | 1000 | 2022-11-21 11:30:25,207
57820 | 36568 | ACK | 15 | 2022-11-21 11:30:25,824
36568 | 57820 | DATA | 1000 | 2022-11-21 11:30:25,824
37928 | 34841 | ACK | 15 | 2022-11-21 11:30:25,849
34841 | 37928 | DATA | 1000 | 2022-11-21 11:30:25,849
37928 | 34841 | ACK | 15 | 2022-11-21 11:30:26,620
34841 | 37928 | DATA | 1000 | 2022-11-21 11:30:26,620
37928 | 34841 | ACK | 15 | 2022-11-21 11:30:26,620
34841 | 37928 | DATA | 1000 | 2022-11-21 11:30:26,621
57820 | 36568 | ACK | 15 | 2022-11-21 11:30:26,645
36568 | 57820 | DATA | 1000 | 2022-11-21 11:30:26,645
37928 | 34841 | ACK | 15 | 2022-11-21 11:30:27,612
34841 | 37928 | DATA | 1000 | 2022-11-21 11:30:27,612
37928 | 34841 | ACK | 15 | 2022-11-21 11:30:27,612
34841 | 37928 | DATA | 1000 | 2022-11-21 11:30:27,612
37928 | 34841 | ACK | 15 | 2022-11-21 11:30:28,173
34841 | 37928 | DATA | 1000 | 2022-11-21 11:30:28,174
36568 | 57820 | DATA | 1000 | 2022-11-21 11:30:28,766
37928 | 34841 | ACK | 15 | 2022-11-21 11:30:28,925
34841 | 37928 | DATA | 1000 | 2022-11-21 11:30:28,925
57820 | 36568 | ACK | 15 | 2022-11-21 11:30:29,397
36568 | 57820 | DATA | 1000 | 2022-11-21 11:30:29,397
57820 | 36568 | ACK | 15 | 2022-11-21 11:30:29,397
36568 | 57820 | DATA | 1000 | 2022-11-21 11:30:29,397
57820 | 36568 | ACK | 15 | 2022-11-21 11:30:29,398
36568 | 57820 | DATA | 1000 | 2022-11-21 11:30:29,398
37928 | 34841 | ACK | 15 | 2022-11-21 11:30:29,756
34841 | 37928 | DATA | 1000 | 2022-11-21 11:30:29,756
57820 | 36568 | ACK | 15 | 2022-11-21 11:30:30,149
36568 | 57820 | DATA | 1000 | 2022-11-21 11:30:30,149
37928 | 34841 | ACK | 15 | 2022-11-21 11:30:30,678
34841 | 37928 | DATA | 1000 | 2022-11-21 11:30:30,678
37928 | 34841 | ACK | 15 | 2022-11-21 11:30:30,679
34841 | 37928 | DATA | 1000 | 2022-11-21 11:30:30,679
37928 | 34841 | ACK | 15 | 2022-11-21 11:30:31,440
34841 | 37928 | DATA | 1000 | 2022-11-21 11:30:31,440
36568 | 57820 | DATA | 1000 | 2022-11-21 11:30:31,770
37928 | 34841 | ACK | 15 | 2022-11-21 11:30:32,052
34841 | 37928 | DATA | 1000 | 2022-11-21 11:30:32,052
57820 | 36568 | ACK | 15 | 2022-11-21 11:30:32,501
36568 | 57820 | DATA | 1000 | 2022-11-21 11:30:32,501
57820 | 36568 | ACK | 15 | 2022-11-21 11:30:32,501
36568 | 57820 | DATA | 1000 | 2022-11-21 11:30:32,501
57820 | 36568 | ACK | 15 | 2022-11-21 11:30:32,502
36568 | 57820 | DATA | 1000 | 2022-11-21 11:30:32,502
57820 | 36568 | ACK | 15 | 2022-11-21 11:30:32,502
36568 | 57820 | DATA | 1000 | 2022-11-21 11:30:32,502
37928 | 34841 | ACK | 15 | 2022-11-21 11:30:33,053
34841 | 37928 | DATA | 1000 | 2022-11-21 11:30:33,053
37928 | 34841 | ACK | 15 | 2022-11-21 11:30:33,053
34841 | 37928 | DATA | 1000 | 2022-11-21 11:30:33,054
57820 | 36568 | ACK | 15 | 2022-11-21 11:30:33,393
36568 | 57820 | DATA | 1000 | 2022-11-21 11:30:33,393
37928 | 34841 | ACK | 15 | 2022-11-21 11:30:33,564
34841 | 37928 | DATA | 1000 | 2022-11-21 11:30:33,565
37928 | 34841 | ACK | 15 | 2022-11-21 11:30:33,565
34841 | 37928 | DATA | 1000 | 2022-11-21 11:30:33,565
36568 | 57820 | DATA | 1000 | 2022-11-21 11:30:34,852
57820 | 36568 | ACK | 15 | 2022-11-21 11:30:34,853
36568 | 57820 | DATA | 1000 | 2022-11-21 11:30:34,853
34841 | 37928 | DATA | 1000 | 2022-11-21 11:30:34,929
37928 | 34841 | ACK | 15 | 2022-11-21 11:30:35,460
34841 | 37928 | DATA | 1000 | 2022-11-21 11:30:35,460
36568 | 57820 | DATA | 1000 | 2022-11-21 11:30:35,883
37928 | 34841 | ACK | 15 | 2022-11-21 11:30:36,351
34841 | 37928 | DATA | 1000 | 2022-11-21 11:30:36,351
57820 | 36568 | ACK | 15 | 2022-11-21 11:30:36,815
36568 | 57820 | DATA | 1000 | 2022-11-21 11:30:36,815
57820 | 36568 | ACK | 15 | 2022-11-21 11:30:36,815
36568 | 57820 | DATA | 1000 | 2022-11-21 11:30:36,815
37928 | 34841 | ACK | 15 | 2022-11-21 11:30:37,243
34841 | 37928 | DATA | 1000 | 2022-11-21 11:30:37,243
57820 | 36568 | ACK | 15 | 2022-11-21 11:30:37,446
36568 | 57820 | DATA | 1000 | 2022-11-21 11:30:37,446
57820 | 36568 | ACK | 15 | 2022-11-21 11:30:37,446
36568 | 57820 | DATA | 1000 | 2022-11-21 11:30:37,447
57820 | 36568 | ACK | 15 | 2022-11-21 11:30:38,298
36568 | 57820 | DATA | 1000 | 2022-11-21 11:30:38,298
57820 | 36568 | ACK | 15 | 2022-11-21 11:30:38,299
36568 | 57820 | DATA | 1000 | 2022-11-21 11:30:38,299
57820 | 36568 | ACK | 15 | 2022-11-21 11:30:38,299
36568 | 57820 | DATA | 1000 | 2022-11-21 11:30:38,299
57820 | 36568 | ACK | 15 | 2022-11-21 11:30:38,299
36568 | 57820 | DATA | 1000 | 2022-11-21 11:30:38,299
57820 | 36568 | ACK | 15 | 2022-11-21 11:30:38,300
36568 | 57820 | DATA | 1000 | 2022-11-21 11:30:38,300
57820 | 36568 | ACK | 15 | 2022-11-21 11:30:39,251
36568 | 57820 | DATA | 1000 | 2022-11-21 11:30:39,251
34841 | 37928 | DATA | 1000 | 2022-11-21 11:30:39,552
57820 | 36568 | ACK | 15 | 2022-11-21 11:30:39,972
36568 | 57820 | DATA | 1000 | 2022-11-21 11:30:39,972
37928 | 34841 | ACK | 15 | 2022-11-21 11:30:40,293
34841 | 37928 | DATA | 1000 | 2022-11-21 11:30:40,293
57820 | 36568 | ACK | 15 | 2022-11-21 11:30:40,894
36568 | 57820 | DATA | 1000 | 2022-11-21 11:30:40,894
57820 | 36568 | ACK | 15 | 2022-11-21 11:30:40,894
36568 | 57820 | DATA | 1000 | 2022-11-21 11:30:40,894
57820 | 36568 | ACK | 15 | 2022-11-21 11:30:40,894
36568 | 57820 | DATA | 1000 | 2022-11-21 11:30:40,894
37928 | 34841 | ACK | 15 | 2022-11-21 11:30:41,264
34841 | 37928 | DATA | 1000 | 2022-11-21 11:30:41,265
37928 | 34841 | ACK | 15 | 2022-11-21 11:30:41,265
34841 | 37928 | DATA | 1000 | 2022-11-21 11:30:41,265
37928 | 34841 | ACK | 15 | 2022-11-21 11:30:41,265
34841 | 37928 | DATA | 1000 | 2022-11-21 11:30:41,265
37928 | 34841 | ACK | 15 | 2022-11-21 11:30:41,266
34841 | 37928 | DATA | 1000 | 2022-11-21 11:30:41,266
37928 | 34841 | ACK | 15 | 2022-11-21 11:30:41,266
34841 | 37928 | DATA | 1000 | 2022-11-21 11:30:41,266
37928 | 34841 | ACK | 15 | 2022-11-21 11:30:41,267
34841 | 37928 | DATA | 1000 | 2022-11-21 11:30:41,267
37928 | 34841 | ACK | 15 | 2022-11-21 11:30:41,267
34841 | 37928 | DATA | 1000 | 2022-11-21 11:30:41,267
57820 | 36568 | ACK | 15 | 2022-11-21 11:30:41,826
36568 | 57820 | DATA | 1000 | 2022-11-21 11:30:41,826
37928 | 34841 | ACK | 15 | 2022-11-21 11:30:41,908
34841 | 37928 | DATA | 1000 | 2022-11-21 11:30:41,908
37928 | 34841 | ACK | 15 | 2022-11-21 11:30:41,909
34841 | 37928 | DATA | 1000 | 2022-11-21 11:30:41,909
34841 | 37928 | DATA | 1000 | 2022-11-21 11:30:42,840
37928 | 34841 | ACK | 15 | 2022-11-21 11:30:42,840
36568 | 57820 | DATA | 1000 | 2022-11-21 11:30:43,585
37928 | 34841 | ACK | 15 | 2022-11-21 11:30:43,783
34841 | 37928 | DATA | 1000 | 2022-11-21 11:30:43,783
37928 | 34841 | ACK | 15 | 2022-11-21 11:30:43,783
34841 | 37928 | DATA | 1000 | 2022-11-21 11:30:43,783
37928 | 34841 | ACK | 15 | 2022-11-21 11:30:43,783
34841 | 37928 | DATA | 1000 | 2022-11-21 11:30:43,783
37928 | 34841 | ACK | 15 | 2022-11-21 11:30:43,784
34841 | 37928 | DATA | 1000 | 2022-11-21 11:30:43,784
37928 | 34841 | ACK | 15 | 2022-11-21 11:30:44,585
34841 | 37928 | DATA | 1000 | 2022-11-21 11:30:44,585
36568 | 57820 | DATA | 1000 | 2022-11-21 11:30:45,346
37928 | 34841 | ACK | 15 | 2022-11-21 11:30:45,557
34841 | 37928 | DATA | 1000 | 2022-11-21 11:30:45,557
37928 | 34841 | ACK | 15 | 2022-11-21 11:30:46,118
34841 | 37928 | DATA | 1000 | 2022-11-21 11:30:46,118
37928 | 34841 | ACK | 15 | 2022-11-21 11:30:46,118
34841 | 37928 | DATA | 1000 | 2022-11-21 11:30:46,118
57820 | 36568 | ACK | 15 | 2022-11-21 11:30:46,347
36568 | 57820 | DATA | 1000 | 2022-11-21 11:30:46,347
57820 | 36568 | ACK | 15 | 2022-11-21 11:30:46,347
36568 | 57820 | DATA | 1000 | 2022-11-21 11:30:46,348
57820 | 36568 | ACK | 15 | 2022-11-21 11:30:47,109
36568 | 57820 | DATA | 1000 | 2022-11-21 11:30:47,109
34841 | 37928 | DATA | 1000 | 2022-11-21 11:30:47,507
37928 | 34841 | ACK | 15 | 2022-11-21 11:30:47,507
34841 | 37928 | DATA | 1000 | 2022-11-21 11:30:47,508
37928 | 34841 | ACK | 15 | 2022-11-21 11:30:47,508
34841 | 37928 | DATA | 1000 | 2022-11-21 11:30:47,508
37928 | 34841 | ACK | 15 | 2022-11-21 11:30:47,508
34841 | 37928 | DATA | 1000 | 2022-11-21 11:30:47,508
34841 | 37928 | DATA | 1000 | 2022-11-21 11:30:48,510
36568 | 57820 | DATA | 1000 | 2022-11-21 11:30:49,062
37928 | 34841 | ACK | 15 | 2022-11-21 11:30:49,441
34841 | 37928 | DATA | 1000 | 2022-11-21 11:30:49,441
57820 | 36568 | ACK | 15 | 2022-11-21 11:30:50,043
36568 | 57820 | DATA | 1000 | 2022-11-21 11:30:50,043
57820 | 36568 | ACK | 15 | 2022-11-21 11:30:50,043
36568 | 57820 | DATA | 1000 | 2022-11-21 11:30:50,043
37928 | 34841 | ACK | 15 | 2022-11-21 11:30:50,382
34841 | 37928 | DATA | 1000 | 2022-11-21 11:30:50,383
57820 | 36568 | ACK | 15 | 2022-11-21 11:30:50,975
36568 | 57820 | DATA | 1000 | 2022-11-21 11:30:50,975
37928 | 34841 | ACK | 15 | 2022-11-21 11:30:51,104
34841 | 37928 | DATA | 1000 | 2022-11-21 11:30:51,104
37928 | 34841 | ACK | 15 | 2022-11-21 11:30:51,795
34841 | 37928 | DATA | 1000 | 2022-11-21 11:30:51,795
37928 | 34841 | ACK | 15 | 2022-11-21 11:30:52,416
34841 | 37928 | DATA | 1000 | 2022-11-21 11:30:52,416
36568 | 57820 | DATA | 1000 | 2022-11-21 11:30:53,177
37928 | 34841 | ACK | 15 | 2022-11-21 11:30:53,328
34841 | 37928 | DATA | 1000 | 2022-11-21 11:30:53,328
57820 | 36568 | ACK | 15 | 2022-11-21 11:30:53,719
36568 | 57820 | DATA | 1000 | 2022-11-21 11:30:53,719
57820 | 36568 | ACK | 15 | 2022-11-21 11:30:53,719
36568 | 57820 | DATA | 1000 | 2022-11-21 11:30:53,719
57820 | 36568 | ACK | 15 | 2022-11-21 11:30:53,719
36568 | 57820 | DATA | 1000 | 2022-11-21 11:30:53,719
57820 | 36568 | ACK | 15 | 2022-11-21 11:30:54,711
36568 | 57820 | DATA | 1000 | 2022-11-21 11:30:54,711
57820 | 36568 | ACK | 15 | 2022-11-21 11:30:54,711
36568 | 57820 | DATA | 1000 | 2022-11-21 11:30:54,712
57820 | 36568 | ACK | 15 | 2022-11-21 11:30:55,603
36568 | 57820 | DATA | 1000 | 2022-11-21 11:30:55,603
34841 | 37928 | DATA | 1000 | 2022-11-21 11:30:55,796
37928 | 34841 | ACK | 15 | 2022-11-21 11:30:55,796
34841 | 37928 | DATA | 1000 | 2022-11-21 11:30:55,796
37928 | 34841 | ACK | 15 | 2022-11-21 11:30:55,796
34841 | 37928 | DATA | 1000 | 2022-11-21 11:30:55,796
37928 | 34841 | ACK | 15 | 2022-11-21 11:30:56,548
34841 | 37928 | DATA | 1000 | 2022-11-21 11:30:56,548
37928 | 34841 | ACK | 15 | 2022-11-21 11:30:56,548
34841 | 37928 | DATA | 1000 | 2022-11-21 11:30:56,548
57820 | 36568 | ACK | 15 | 2022-11-21 11:30:56,555
36568 | 57820 | DATA | 1000 | 2022-11-21 11:30:56,555
37928 | 34841 | ACK | 15 | 2022-11-21 11:30:57,059
34841 | 37928 | DATA | 1000 | 2022-11-21 11:30:57,059
37928 | 34841 | ACK | 15 | 2022-11-21 11:30:57,059
34841 | 37928 | DATA | 1000 | 2022-11-21 11:30:57,059
57820 | 36568 | ACK | 15 | 2022-11-21 11:30:57,206
36568 | 57820 | DATA | 1000 | 2022-11-21 11:30:57,206
37928 | 34841 | ACK | 15 | 2022-11-21 11:30:57,721
34841 | 37928 | DATA | 1000 | 2022-11-21 11:30:57,721
57820 | 36568 | ACK | 15 | 2022-11-21 11:30:57,927
36568 | 57820 | DATA | 1000 | 2022-11-21 11:30:57,927
37928 | 34841 | ACK | 15 | 2022-11-21 11:30:58,342
34841 | 37928 | DATA | 1000 | 2022-11-21 11:30:58,342
37928 | 34841 | ACK | 15 | 2022-11-21 11:30:58,342
34841 | 37928 | DATA | 1000 | 2022-11-21 11:30:58,342
37928 | 34841 | ACK | 15 | 2022-11-21 11:30:58,343
34841 | 37928 | DATA | 1000 | 2022-11-21 11:30:58,343
57820 | 36568 | ACK | 15 | 2022-11-21 11:30:58,819
36568 | 57820 | DATA | 1000 | 2022-11-21 11:30:58,819
37928 | 34841 | ACK | 15 | 2022-11-21 11:30:59,254
34841 | 37928 | DATA | 1000 | 2022-11-21 11:30:59,254
57820 | 36568 | ACK | 15 | 2022-11-21 11:30:59,340
36568 | 57820 | DATA | 1000 | 2022-11-21 11:30:59,340
57820 | 36568 | ACK | 15 | 2022-11-21 11:30:59,340
36568 | 57820 | DATA | 1000 | 2022-11-21 11:30:59,340
57820 | 36568 | ACK | 15 | 2022-11-21 11:30:59,340
36568 | 57820 | DATA | 1000 | 2022-11-21 11:30:59,341
37928 | 34841 | ACK | 15 | 2022-11-21 11:31:00,066
34841 | 37928 | DATA | 1000 | 2022-11-21 11:31:00,066
57820 | 36568 | ACK | 15 | 2022-11-21 11:31:00,302
36568 | 57820 | DATA | 1000 | 2022-11-21 11:31:00,302
57820 | 36568 | ACK | 15 | 2022-11-21 11:31:00,302
36568 | 57820 | DATA | 1000 | 2022-11-21 11:31:00,302
57820 | 36568 | ACK | 15 | 2022-11-21 11:31:00,303
36568 | 57820 | DATA | 1000 | 2022-11-21 11:31:00,303
57820 | 36568 | ACK | 15 | 2022-11-21 11:31:00,303
36568 | 57820 | DATA | 1000 | 2022-11-21 11:31:00,303
57820 | 36568 | ACK | 15 | 2022-11-21 11:31:00,303
36568 | 57820 | DATA | 1000 | 2022-11-21 11:31:00,303
57820 | 36568 | ACK | 15 | 2022-11-21 11:31:00,303
36568 | 57820 | DATA | 1000 | 2022-11-21 11:31:00,304
57820 | 36568 | ACK | 15 | 2022-11-21 11:31:00,304
36568 | 57820 | DATA | 1000 | 2022-11-21 11:31:00,304
36568 | 57820 | DATA | 1000 | 2022-11-21 11:31:01,305
57820 | 36568 | ACK | 15 | 2022-11-21 11:31:01,305
36568 | 57820 | DATA | 1000 | 2022-11-21 11:31:01,306
34841 | 37928 | DATA | 1000 | 2022-11-21 11:31:01,973
57820 | 36568 | ACK | 15 | 2022-11-21 11:31:01,986
36568 | 57820 | DATA | 1000 | 2022-11-21 11:31:01,987
57820 | 36568 | ACK | 15 | 2022-11-21 11:31:01,987
36568 | 57820 | DATA | 1000 | 2022-11-21 11:31:01,987
37928 | 34841 | ACK | 15 | 2022-11-21 11:31:02,845
34841 | 37928 | DATA | 1000 | 2022-11-21 11:31:02,845
57820 | 36568 | ACK | 15 | 2022-11-21 11:31:02,898
36568 | 57820 | DATA | 1000 | 2022-11-21 11:31:02,898
57820 | 36568 | ACK | 15 | 2022-11-21 11:31:02,899
36568 | 57820 | DATA | 1000 | 2022-11-21 11:31:02,899
37928 | 34841 | ACK | 15 | 2022-11-21 11:31:03,496
34841 | 37928 | DATA | 1000 | 2022-11-21 11:31:03,496
36568 | 57820 | DATA | 1000 | 2022-11-21 11:31:03,900
57820 | 36568 | ACK | 15 | 2022-11-21 11:31:03,900
36568 | 57820 | DATA | 1000 | 2022-11-21 11:31:03,900
57820 | 36568 | ACK | 15 | 2022-11-21 11:31:03,901
36568 | 57820 | DATA | 1000 | 2022-11-21 11:31:03,901
37928 | 34841 | ACK | 15 | 2022-11-21 11:31:04,127
34841 | 37928 | DATA | 1000 | 2022-11-21 11:31:04,127
57820 | 36568 | ACK | 15 | 2022-11-21 11:31:04,442
36568 | 57820 | DATA | 1000 | 2022-11-21 11:31:04,442
57820 | 36568 | ACK | 15 | 2022-11-21 11:31:04,963
36568 | 57820 | DATA | 1000 | 2022-11-21 11:31:04,963
57820 | 36568 | ACK | 15 | 2022-11-21 11:31:04,963
36568 | 57820 | DATA | 1000 | 2022-11-21 11:31:04,963
37928 | 34841 | ACK | 15 | 2022-11-21 11:31:05,009
34841 | 37928 | DATA | 1000 | 2022-11-21 11:31:05,009
37928 | 34841 | ACK | 15 | 2022-11-21 11:31:05,009
34841 | 37928 | DATA | 1000 | 2022-11-21 11:31:05,009
37928 | 34841 | ACK | 15 | 2022-11-21 11:31:05,860
34841 | 37928 | DATA | 1000 | 2022-11-21 11:31:05,860
37928 | 34841 | ACK | 15 | 2022-11-21 11:31:05,861
34841 | 37928 | DATA | 1000 | 2022-11-21 11:31:05,861
37928 | 34841 | ACK | 15 | 2022-11-21 11:31:05,861
34841 | 37928 | DATA | 1000 | 2022-11-21 11:31:05,861
36568 | 57820 | DATA | 1000 | 2022-11-21 11:31:05,965
57820 | 36568 | ACK | 15 | 2022-11-21 11:31:05,965
36568 | 57820 | DATA | 1000 | 2022-11-21 11:31:05,965
37928 | 34841 | ACK | 15 | 2022-11-21 11:31:06,392
34841 | 37928 | DATA | 1000 | 2022-11-21 11:31:06,392
57820 | 36568 | ACK | 15 | 2022-11-21 11:31:06,476
36568 | 57820 | DATA | 1000 | 2022-11-21 11:31:06,477
57820 | 36568 | ACK | 15 | 2022-11-21 11:31:07,208
36568 | 57820 | DATA | 1000 | 2022-11-21 11:31:07,208
57820 | 36568 | ACK | 15 | 2022-11-21 11:31:07,208
36568 | 57820 | DATA | 1000 | 2022-11-21 11:31:07,208
37928 | 34841 | ACK | 15 | 2022-11-21 11:31:07,324
34841 | 37928 | DATA | 1000 | 2022-11-21 11:31:07,324
57820 | 36568 | ACK | 15 | 2022-11-21 11:31:07,779
36568 | 57820 | DATA | 1000 | 2022-11-21 11:31:07,779
57820 | 36568 | ACK | 15 | 2022-11-21 11:31:07,780
36568 | 57820 | DATA | 1000 | 2022-11-21 11:31:07,780
37928 | 34841 | ACK | 15 | 2022-11-21 11:31:07,995
34841 | 37928 | DATA | 1000 | 2022-11-21 11:31:07,996
37928 | 34841 | ACK | 15 | 2022-11-21 11:31:08,717
34841 | 37928 | DATA | 1000 | 2022-11-21 11:31:08,717
37928 | 34841 | ACK | 15 | 2022-11-21 11:31:08,717
34841 | 37928 | DATA | 1000 | 2022-11-21 11:31:08,717
57820 | 36568 | ACK | 15 | 2022-11-21 11:31:08,731
36568 | 57820 | DATA | 1000 | 2022-11-21 11:31:08,731
57820 | 36568 | ACK | 15 | 2022-11-21 11:31:09,523
36568 | 57820 | DATA | 1000 | 2022-11-21 11:31:09,523
34841 | 37928 | DATA | 1000 | 2022-11-21 11:31:10,297
57820 | 36568 | ACK | 15 | 2022-11-21 11:31:10,434
36568 | 57820 | DATA | 1000 | 2022-11-21 11:31:10,434
37928 | 34841 | ACK | 15 | 2022-11-21 11:31:11,088
34841 | 37928 | DATA | 1000 | 2022-11-21 11:31:11,089
57820 | 36568 | ACK | 15 | 2022-11-21 11:31:11,376
36568 | 57820 | DATA | 1000 | 2022-11-21 11:31:11,376
37928 | 34841 | ACK | 15 | 2022-11-21 11:31:11,920
34841 | 37928 | DATA | 1000 | 2022-11-21 11:31:11,920
57820 | 36568 | ACK | 15 | 2022-11-21 11:31:12,267
36568 | 57820 | DATA | 1000 | 2022-11-21 11:31:12,267
57820 | 36568 | ACK | 15 | 2022-11-21 11:31:12,267
36568 | 57820 | DATA | 1000 | 2022-11-21 11:31:12,267
57820 | 36568 | ACK | 15 | 2022-11-21 11:31:12,268
36568 | 57820 | DATA | 1000 | 2022-11-21 11:31:12,268
37928 | 34841 | ACK | 15 | 2022-11-21 11:31:12,781
34841 | 37928 | DATA | 1000 | 2022-11-21 11:31:12,781
57820 | 36568 | ACK | 15 | 2022-11-21 11:31:13,049
36568 | 57820 | DATA | 1000 | 2022-11-21 11:31:13,049
37928 | 34841 | ACK | 15 | 2022-11-21 11:31:13,492
34841 | 37928 | DATA | 1000 | 2022-11-21 11:31:13,493
37928 | 34841 | ACK | 15 | 2022-11-21 11:31:13,493
34841 | 37928 | DATA | 1000 | 2022-11-21 11:31:13,493
37928 | 34841 | ACK | 15 | 2022-11-21 11:31:13,493
34841 | 37928 | DATA | 1000 | 2022-11-21 11:31:13,493
37928 | 34841 | ACK | 15 | 2022-11-21 11:31:13,493
34841 | 37928 | DATA | 1000 | 2022-11-21 11:31:13,493
57820 | 36568 | ACK | 15 | 2022-11-21 11:31:13,710
36568 | 57820 | DATA | 1000 | 2022-11-21 11:31:13,711
57820 | 36568 | ACK | 15 | 2022-11-21 11:31:13,711
36568 | 57820 | DATA | 1000 | 2022-11-21 11:31:13,711
57820 | 36568 | ACK | 15 | 2022-11-21 11:31:13,711
36568 | 57820 | DATA | 1000 | 2022-11-21 11:31:13,711
37928 | 34841 | ACK | 15 | 2022-11-21 11:31:14,435
34841 | 37928 | DATA | 1000 | 2022-11-21 11:31:14,435
37928 | 34841 | ACK | 15 | 2022-11-21 11:31:14,435
34841 | 37928 | DATA | 1000 | 2022-11-21 11:31:14,435
57820 | 36568 | ACK | 15 | 2022-11-21 11:31:14,553
36568 | 57820 | DATA | 1000 | 2022-11-21 11:31:14,553
57820 | 36568 | ACK | 15 | 2022-11-21 11:31:14,553
36568 | 57820 | DATA | 1000 | 2022-11-21 11:31:14,553
37928 | 34841 | ACK | 15 | 2022-11-21 11:31:15,307
34841 | 37928 | DATA | 1000 | 2022-11-21 11:31:15,307
37928 | 34841 | ACK | 15 | 2022-11-21 11:31:15,307
34841 | 37928 | DATA | 1000 | 2022-11-21 11:31:15,307
36568 | 57820 | DATA | 1000 | 2022-11-21 11:31:15,733
57820 | 36568 | ACK | 15 | 2022-11-21 11:31:15,733
36568 | 57820 | DATA | 1000 | 2022-11-21 11:31:15,733
37928 | 34841 | ACK | 15 | 2022-11-21 11:31:15,928
34841 | 37928 | DATA | 1000 | 2022-11-21 11:31:15,928
37928 | 34841 | ACK | 15 | 2022-11-21 11:31:15,929
34841 | 37928 | DATA | 1000 | 2022-11-21 11:31:15,929
36568 | 57820 | DATA | 1000 | 2022-11-21 11:31:16,735
37928 | 34841 | ACK | 15 | 2022-11-21 11:31:16,860
34841 | 37928 | DATA | 1000 | 2022-11-21 11:31:16,860
37928 | 34841 | ACK | 15 | 2022-11-21 11:31:16,860
34841 | 37928 | DATA | 1000 | 2022-11-21 11:31:16,861
37928 | 34841 | ACK | 15 | 2022-11-21 11:31:17,402
34841 | 37928 | DATA | 1000 | 2022-11-21 11:31:17,402
36568 | 57820 | DATA | 1000 | 2022-11-21 11:31:17,737
57820 | 36568 | ACK | 15 | 2022-11-21 11:31:17,737
36568 | 57820 | DATA | 1000 | 2022-11-21 11:31:17,737
57820 | 36568 | ACK | 15 | 2022-11-21 11:31:17,737
36568 | 57820 | DATA | 1000 | 2022-11-21 11:31:17,737
37928 | 34841 | ACK | 15 | 2022-11-21 11:31:18,353
34841 | 37928 | DATA | 1000 | 2022-11-21 11:31:18,353
57820 | 36568 | ACK | 15 | 2022-11-21 11:31:18,388
36568 | 57820 | DATA | 1000 | 2022-11-21 11:31:18,388
37928 | 34841 | ACK | 15 | 2022-11-21 11:31:19,205
34841 | 37928 | DATA | 1000 | 2022-11-21 11:31:19,205
37928 | 34841 | ACK | 15 | 2022-11-21 11:31:19,205
34841 | 37928 | DATA | 1000 | 2022-11-21 11:31:19,205
37928 | 34841 | ACK | 15 | 2022-11-21 11:31:19,205
34841 | 37928 | DATA | 1000 | 2022-11-21 11:31:19,205
37928 | 34841 | ACK | 15 | 2022-11-21 11:31:19,205
34841 | 37928 | DATA | 1000 | 2022-11-21 11:31:19,206
37928 | 34841 | ACK | 15 | 2022-11-21 11:31:19,206
34841 | 37928 | DATA | 746 | 2022-11-21 11:31:19,206
57820 | 36568 | ACK | 15 | 2022-11-21 11:31:19,300
36568 | 57820 | DATA | 1000 | 2022-11-21 11:31:19,300
37928 | 34841 | ACK | 15 | 2022-11-21 11:31:19,927
34841 | 37928 | FIN | 15 | 2022-11-21 11:31:19,927
37928 | 34841 | ACK | 15 | 2022-11-21 11:31:19,927
57820 | 36568 | ACK | 15 | 2022-11-21 11:31:20,261
36568 | 57820 | DATA | 1000 | 2022-11-21 11:31:20,261
57820 | 36568 | ACK | 15 | 2022-11-21 11:31:20,922
36568 | 57820 | DATA | 1000 | 2022-11-21 11:31:20,923
57820 | 36568 | ACK | 15 | 2022-11-21 11:31:20,923
36568 | 57820 | DATA | 1000 | 2022-11-21 11:31:20,923
57820 | 36568 | ACK | 15 | 2022-11-21 11:31:21,514
36568 | 57820 | DATA | 1000 | 2022-11-21 11:31:21,514
57820 | 36568 | ACK | 15 | 2022-11-21 11:31:22,295
36568 | 57820 | DATA | 1000 | 2022-11-21 11:31:22,295
57820 | 36568 | ACK | 15 | 2022-11-21 11:31:22,917
36568 | 57820 | DATA | 1000 | 2022-11-21 11:31:22,917
57820 | 36568 | ACK | 15 | 2022-11-21 11:31:23,588
36568 | 57820 | DATA | 1000 | 2022-11-21 11:31:23,588
57820 | 36568 | ACK | 15 | 2022-11-21 11:31:23,588
36568 | 57820 | DATA | 1000 | 2022-11-21 11:31:23,588
57820 | 36568 | ACK | 15 | 2022-11-21 11:31:24,129
36568 | 57820 | DATA | 746 | 2022-11-21 11:31:24,129
57820 | 36568 | ACK | 15 | 2022-11-21 11:31:24,130
36568 | 57820 | FIN | 15 | 2022-11-21 11:31:24,130
57820 | 36568 | ACK | 15 | 2022-11-21 11:31:24,130
