54599 | 2001 | SYN | 15 | 2022-11-21 11:26:45,007
2001 | 54599 | SYN/ACK | 15 | 2022-11-21 11:26:45,008
54599 | 2001 | ACK | 15 | 2022-11-21 11:26:45,008
40874 | 50351 | DATA | 1000 | 2022-11-21 11:26:45,009
50351 | 40874 | ACK | 15 | 2022-11-21 11:26:45,610
50351 | 40874 | DATA | 1000 | 2022-11-21 11:26:45,610
50351 | 40874 | DATA | 1000 | 2022-11-21 11:26:47,417
40874 | 50351 | ACK | 15 | 2022-11-21 11:26:48,189
50351 | 40874 | DATA | 1000 | 2022-11-21 11:26:48,189
40874 | 50351 | ACK | 15 | 2022-11-21 11:26:48,189
50351 | 40874 | DATA | 1000 | 2022-11-21 11:26:48,189
50351 | 40874 | DATA | 1000 | 2022-11-21 11:26:49,360
40874 | 50351 | ACK | 15 | 2022-11-21 11:26:49,360
50351 | 40874 | DATA | 1000 | 2022-11-21 11:26:49,361
40874 | 50351 | ACK | 15 | 2022-11-21 11:26:49,872
50351 | 40874 | DATA | 1000 | 2022-11-21 11:26:49,872
40874 | 50351 | ACK | 15 | 2022-11-21 11:26:50,643
50351 | 40874 | DATA | 1000 | 2022-11-21 11:26:50,643
50351 | 40874 | DATA | 1000 | 2022-11-21 11:26:52,241
40874 | 50351 | ACK | 15 | 2022-11-21 11:26:52,932
50351 | 40874 | DATA | 1000 | 2022-11-21 11:26:52,932
50351 | 40874 | DATA | 1000 | 2022-11-21 11:26:54,745
40874 | 50351 | ACK | 15 | 2022-11-21 11:26:54,745
50351 | 40874 | DATA | 1000 | 2022-11-21 11:26:54,746
40874 | 50351 | ACK | 15 | 2022-11-21 11:26:55,327
50351 | 40874 | DATA | 1000 | 2022-11-21 11:26:55,327
40874 | 50351 | ACK | 15 | 2022-11-21 11:26:55,878
50351 | 40874 | DATA | 1000 | 2022-11-21 11:26:55,878
50351 | 40874 | DATA | 1000 | 2022-11-21 11:26:57,540
50351 | 40874 | DATA | 1000 | 2022-11-21 11:26:59,202
50351 | 40874 | DATA | 1000 | 2022-11-21 11:27:00,083
40874 | 50351 | ACK | 15 | 2022-11-21 11:27:00,084
40874 | 50351 | ACK | 15 | 2022-11-21 11:27:01,055
50351 | 40874 | DATA | 1000 | 2022-11-21 11:27:01,055
40874 | 50351 | ACK | 15 | 2022-11-21 11:27:01,055
50351 | 40874 | DATA | 1000 | 2022-11-21 11:27:01,055
40874 | 50351 | ACK | 15 | 2022-11-21 11:27:01,056
50351 | 40874 | DATA | 1000 | 2022-11-21 11:27:01,056
40874 | 50351 | ACK | 15 | 2022-11-21 11:27:01,887
50351 | 40874 | DATA | 1000 | 2022-11-21 11:27:01,887
40874 | 50351 | ACK | 15 | 2022-11-21 11:27:01,887
50351 | 40874 | DATA | 1000 | 2022-11-21 11:27:01,887
40874 | 50351 | ACK | 15 | 2022-11-21 11:27:02,408
50351 | 40874 | DATA | 1000 | 2022-11-21 11:27:02,409
40874 | 50351 | ACK | 15 | 2022-11-21 11:27:03,210
50351 | 40874 | DATA | 1000 | 2022-11-21 11:27:03,210
40874 | 50351 | ACK | 15 | 2022-11-21 11:27:03,210
50351 | 40874 | DATA | 1000 | 2022-11-21 11:27:03,210
40874 | 50351 | ACK | 15 | 2022-11-21 11:27:03,210
50351 | 40874 | DATA | 1000 | 2022-11-21 11:27:03,211
40874 | 50351 | ACK | 15 | 2022-11-21 11:27:03,752
50351 | 40874 | DATA | 1000 | 2022-11-21 11:27:03,752
40874 | 50351 | ACK | 15 | 2022-11-21 11:27:03,752
50351 | 40874 | DATA | 1000 | 2022-11-21 11:27:03,752
40874 | 50351 | ACK | 15 | 2022-11-21 11:27:03,752
50351 | 40874 | DATA | 1000 | 2022-11-21 11:27:03,753
40874 | 50351 | ACK | 15 | 2022-11-21 11:27:03,753
50351 | 40874 | DATA | 1000 | 2022-11-21 11:27:03,753
40874 | 50351 | ACK | 15 | 2022-11-21 11:27:04,734
50351 | 40874 | DATA | 1000 | 2022-11-21 11:27:04,734
40874 | 50351 | ACK | 15 | 2022-11-21 11:27:05,486
50351 | 40874 | DATA | 1000 | 2022-11-21 11:27:05,486
40874 | 50351 | ACK | 15 | 2022-11-21 11:27:06,257
50351 | 40874 | DATA | 1000 | 2022-11-21 11:27:06,257
40874 | 50351 | ACK | 15 | 2022-11-21 11:27:07,079
50351 | 40874 | DATA | 1000 | 2022-11-21 11:27:07,079
40874 | 50351 | ACK | 15 | 2022-11-21 11:27:07,690
50351 | 40874 | DATA | 1000 | 2022-11-21 11:27:07,690
50351 | 40874 | DATA | 1000 | 2022-11-21 11:27:09,879
40874 | 50351 | ACK | 15 | 2022-11-21 11:27:10,410
50351 | 40874 | DATA | 1000 | 2022-11-21 11:27:10,410
40874 | 50351 | ACK | 15 | 2022-11-21 11:27:10,941
50351 | 40874 | DATA | 1000 | 2022-11-21 11:27:10,941
40874 | 50351 | ACK | 15 | 2022-11-21 11:27:10,941
50351 | 40874 | DATA | 1000 | 2022-11-21 11:27:10,941
40874 | 50351 | ACK | 15 | 2022-11-21 11:27:11,903
50351 | 40874 | DATA | 1000 | 2022-11-21 11:27:11,903
40874 | 50351 | ACK | 15 | 2022-11-21 11:27:12,844
50351 | 40874 | DATA | 1000 | 2022-11-21 11:27:12,844
40874 | 50351 | ACK | 15 | 2022-11-21 11:27:13,355
50351 | 40874 | DATA | 1000 | 2022-11-21 11:27:13,355
40874 | 50351 | ACK | 15 | 2022-11-21 11:27:13,356
50351 | 40874 | DATA | 1000 | 2022-11-21 11:27:13,356
40874 | 50351 | ACK | 15 | 2022-11-21 11:27:14,087
50351 | 40874 | DATA | 1000 | 2022-11-21 11:27:14,087
40874 | 50351 | ACK | 15 | 2022-11-21 11:27:14,909
50351 | 40874 | DATA | 1000 | 2022-11-21 11:27:14,909
40874 | 50351 | ACK | 15 | 2022-11-21 11:27:14,909
50351 | 40874 | DATA | 1000 | 2022-11-21 11:27:14,909
40874 | 50351 | ACK | 15 | 2022-11-21 11:27:14,909
50351 | 40874 | DATA | 1000 | 2022-11-21 11:27:14,909
40874 | 50351 | ACK | 15 | 2022-11-21 11:27:15,571
50351 | 40874 | DATA | 1000 | 2022-11-21 11:27:15,571
40874 | 50351 | ACK | 15 | 2022-11-21 11:27:15,571
50351 | 40874 | DATA | 1000 | 2022-11-21 11:27:15,571
40874 | 50351 | ACK | 15 | 2022-11-21 11:27:16,292
50351 | 40874 | DATA | 1000 | 2022-11-21 11:27:16,292
40874 | 50351 | ACK | 15 | 2022-11-21 11:27:16,293
50351 | 40874 | DATA | 1000 | 2022-11-21 11:27:16,293
40874 | 50351 | ACK | 15 | 2022-11-21 11:27:16,293
50351 | 40874 | DATA | 1000 | 2022-11-21 11:27:16,293
40874 | 50351 | ACK | 15 | 2022-11-21 11:27:16,884
50351 | 40874 | DATA | 1000 | 2022-11-21 11:27:16,884
40874 | 50351 | ACK | 15 | 2022-11-21 11:27:17,395
50351 | 40874 | DATA | 1000 | 2022-11-21 11:27:17,395
40874 | 50351 | ACK | 15 | 2022-11-21 11:27:18,146
50351 | 40874 | DATA | 1000 | 2022-11-21 11:27:18,147
40874 | 50351 | ACK | 15 | 2022-11-21 11:27:18,147
50351 | 40874 | DATA | 1000 | 2022-11-21 11:27:18,147
40874 | 50351 | ACK | 15 | 2022-11-21 11:27:18,858
50351 | 40874 | DATA | 1000 | 2022-11-21 11:27:18,858
40874 | 50351 | ACK | 15 | 2022-11-21 11:27:19,600
50351 | 40874 | DATA | 1000 | 2022-11-21 11:27:19,600
50351 | 40874 | DATA | 1000 | 2022-11-21 11:27:21,499
40874 | 50351 | ACK | 15 | 2022-11-21 11:27:22,110
50351 | 40874 | DATA | 1000 | 2022-11-21 11:27:22,110
40874 | 50351 | ACK | 15 | 2022-11-21 11:27:22,911
50351 | 40874 | DATA | 1000 | 2022-11-21 11:27:22,912
40874 | 50351 | ACK | 15 | 2022-11-21 11:27:22,912
50351 | 40874 | DATA | 1000 | 2022-11-21 11:27:22,912
40874 | 50351 | ACK | 15 | 2022-11-21 11:27:22,912
50351 | 40874 | DATA | 1000 | 2022-11-21 11:27:22,912
40874 | 50351 | ACK | 15 | 2022-11-21 11:27:23,513
50351 | 40874 | DATA | 1000 | 2022-11-21 11:27:23,513
40874 | 50351 | ACK | 15 | 2022-11-21 11:27:24,405
50351 | 40874 | DATA | 1000 | 2022-11-21 11:27:24,405
40874 | 50351 | ACK | 15 | 2022-11-21 11:27:25,326
50351 | 40874 | DATA | 1000 | 2022-11-21 11:27:25,327
40874 | 50351 | ACK | 15 | 2022-11-21 11:27:25,327
50351 | 40874 | DATA | 1000 | 2022-11-21 11:27:25,327
40874 | 50351 | ACK | 15 | 2022-11-21 11:27:25,327
50351 | 40874 | DATA | 1000 | 2022-11-21 11:27:25,327
40874 | 50351 | ACK | 15 | 2022-11-21 11:27:26,309
50351 | 40874 | DATA | 1000 | 2022-11-21 11:27:26,309
40874 | 50351 | ACK | 15 | 2022-11-21 11:27:26,309
50351 | 40874 | DATA | 1000 | 2022-11-21 11:27:26,309
40874 | 50351 | ACK | 15 | 2022-11-21 11:27:27,160
50351 | 40874 | DATA | 1000 | 2022-11-21 11:27:27,161
40874 | 50351 | ACK | 15 | 2022-11-21 11:27:27,962
50351 | 40874 | DATA | 1000 | 2022-11-21 11:27:27,962
40874 | 50351 | ACK | 15 | 2022-11-21 11:27:28,603
50351 | 40874 | DATA | 1000 | 2022-11-21 11:27:28,603
50351 | 40874 | DATA | 1000 | 2022-11-21 11:27:30,753
40874 | 50351 | ACK | 15 | 2022-11-21 11:27:31,364
50351 | 40874 | DATA | 1000 | 2022-11-21 11:27:31,364
40874 | 50351 | ACK | 15 | 2022-11-21 11:27:31,364
50351 | 40874 | DATA | 1000 | 2022-11-21 11:27:31,364
40874 | 50351 | ACK | 15 | 2022-11-21 11:27:32,166
50351 | 40874 | DATA | 1000 | 2022-11-21 11:27:32,166
40874 | 50351 | ACK | 15 | 2022-11-21 11:27:32,166
50351 | 40874 | DATA | 1000 | 2022-11-21 11:27:32,166
40874 | 50351 | ACK | 15 | 2022-11-21 11:27:32,166
50351 | 40874 | DATA | 1000 | 2022-11-21 11:27:32,166
40874 | 50351 | ACK | 15 | 2022-11-21 11:27:32,747
50351 | 40874 | DATA | 1000 | 2022-11-21 11:27:32,747
40874 | 50351 | ACK | 15 | 2022-11-21 11:27:33,699
50351 | 40874 | DATA | 1000 | 2022-11-21 11:27:33,699
40874 | 50351 | ACK | 15 | 2022-11-21 11:27:33,699
50351 | 40874 | DATA | 1000 | 2022-11-21 11:27:33,699
40874 | 50351 | ACK | 15 | 2022-11-21 11:27:34,421
50351 | 40874 | DATA | 1000 | 2022-11-21 11:27:34,421
40874 | 50351 | ACK | 15 | 2022-11-21 11:27:35,072
50351 | 40874 | DATA | 1000 | 2022-11-21 11:27:35,072
40874 | 50351 | ACK | 15 | 2022-11-21 11:27:35,072
50351 | 40874 | DATA | 1000 | 2022-11-21 11:27:35,073
40874 | 50351 | ACK | 15 | 2022-11-21 11:27:35,894
50351 | 40874 | DATA | 1000 | 2022-11-21 11:27:35,894
40874 | 50351 | ACK | 15 | 2022-11-21 11:27:35,894
50351 | 40874 | DATA | 1000 | 2022-11-21 11:27:35,894
40874 | 50351 | ACK | 15 | 2022-11-21 11:27:35,895
50351 | 40874 | DATA | 1000 | 2022-11-21 11:27:35,895
40874 | 50351 | ACK | 15 | 2022-11-21 11:27:36,706
50351 | 40874 | DATA | 1000 | 2022-11-21 11:27:36,706
40874 | 50351 | ACK | 15 | 2022-11-21 11:27:36,706
50351 | 40874 | DATA | 1000 | 2022-11-21 11:27:36,706
40874 | 50351 | ACK | 15 | 2022-11-21 11:27:36,706
50351 | 40874 | DATA | 1000 | 2022-11-21 11:27:36,707
40874 | 50351 | ACK | 15 | 2022-11-21 11:27:37,558
50351 | 40874 | DATA | 1000 | 2022-11-21 11:27:37,558
40874 | 50351 | ACK | 15 | 2022-11-21 11:27:38,149
50351 | 40874 | DATA | 1000 | 2022-11-21 11:27:38,149
40874 | 50351 | ACK | 15 | 2022-11-21 11:27:38,150
50351 | 40874 | DATA | 1000 | 2022-11-21 11:27:38,150
40874 | 50351 | ACK | 15 | 2022-11-21 11:27:39,101
50351 | 40874 | DATA | 1000 | 2022-11-21 11:27:39,101
40874 | 50351 | ACK | 15 | 2022-11-21 11:27:39,101
50351 | 40874 | DATA | 1000 | 2022-11-21 11:27:39,102
40874 | 50351 | ACK | 15 | 2022-11-21 11:27:39,102
50351 | 40874 | DATA | 1000 | 2022-11-21 11:27:39,102
40874 | 50351 | ACK | 15 | 2022-11-21 11:27:39,102
50351 | 40874 | DATA | 1000 | 2022-11-21 11:27:39,102
40874 | 50351 | ACK | 15 | 2022-11-21 11:27:39,102
50351 | 40874 | DATA | 1000 | 2022-11-21 11:27:39,102
40874 | 50351 | ACK | 15 | 2022-11-21 11:27:40,064
50351 | 40874 | DATA | 1000 | 2022-11-21 11:27:40,064
50351 | 40874 | DATA | 1000 | 2022-11-21 11:27:41,434
50351 | 40874 | DATA | 1000 | 2022-11-21 11:27:42,803
40874 | 50351 | ACK | 15 | 2022-11-21 11:27:43,584
50351 | 40874 | DATA | 1000 | 2022-11-21 11:27:43,585
40874 | 50351 | ACK | 15 | 2022-11-21 11:27:43,585
50351 | 40874 | DATA | 1000 | 2022-11-21 11:27:43,585
40874 | 50351 | ACK | 15 | 2022-11-21 11:27:43,585
50351 | 40874 | DATA | 1000 | 2022-11-21 11:27:43,585
40874 | 50351 | ACK | 15 | 2022-11-21 11:27:43,586
50351 | 40874 | DATA | 1000 | 2022-11-21 11:27:43,586
40874 | 50351 | ACK | 15 | 2022-11-21 11:27:44,177
50351 | 40874 | DATA | 1000 | 2022-11-21 11:27:44,177
40874 | 50351 | ACK | 15 | 2022-11-21 11:27:44,177
50351 | 40874 | DATA | 1000 | 2022-11-21 11:27:44,177
40874 | 50351 | ACK | 15 | 2022-11-21 11:27:44,177
50351 | 40874 | DATA | 1000 | 2022-11-21 11:27:44,177
40874 | 50351 | ACK | 15 | 2022-11-21 11:27:45,049
50351 | 40874 | DATA | 1000 | 2022-11-21 11:27:45,049
40874 | 50351 | ACK | 15 | 2022-11-21 11:27:45,049
50351 | 40874 | DATA | 1000 | 2022-11-21 11:27:45,049
50351 | 40874 | DATA | 1000 | 2022-11-21 11:27:46,051
50351 | 40874 | DATA | 1000 | 2022-11-21 11:27:46,642
40874 | 50351 | ACK | 15 | 2022-11-21 11:27:46,642
40874 | 50351 | ACK | 15 | 2022-11-21 11:27:47,464
50351 | 40874 | DATA | 1000 | 2022-11-21 11:27:47,464
40874 | 50351 | ACK | 15 | 2022-11-21 11:27:47,464
50351 | 40874 | DATA | 1000 | 2022-11-21 11:27:47,464
40874 | 50351 | ACK | 15 | 2022-11-21 11:27:47,464
50351 | 40874 | DATA | 1000 | 2022-11-21 11:27:47,464
40874 | 50351 | ACK | 15 | 2022-11-21 11:27:48,415
50351 | 40874 | DATA | 1000 | 2022-11-21 11:27:48,415
40874 | 50351 | ACK | 15 | 2022-11-21 11:27:48,416
50351 | 40874 | DATA | 1000 | 2022-11-21 11:27:48,416
50351 | 40874 | DATA | 1000 | 2022-11-21 11:27:49,577
40874 | 50351 | ACK | 15 | 2022-11-21 11:27:49,577
50351 | 40874 | DATA | 1000 | 2022-11-21 11:27:49,577
40874 | 50351 | ACK | 15 | 2022-11-21 11:27:49,577
50351 | 40874 | DATA | 1000 | 2022-11-21 11:27:49,577
40874 | 50351 | ACK | 15 | 2022-11-21 11:27:50,238
50351 | 40874 | DATA | 1000 | 2022-11-21 11:27:50,239
40874 | 50351 | ACK | 15 | 2022-11-21 11:27:50,890
50351 | 40874 | DATA | 1000 | 2022-11-21 11:27:50,890
40874 | 50351 | ACK | 15 | 2022-11-21 11:27:50,890
50351 | 40874 | DATA | 1000 | 2022-11-21 11:27:50,890
40874 | 50351 | ACK | 15 | 2022-11-21 11:27:51,661
50351 | 40874 | DATA | 1000 | 2022-11-21 11:27:51,662
40874 | 50351 | ACK | 15 | 2022-11-21 11:27:52,293
50351 | 40874 | DATA | 1000 | 2022-11-21 11:27:52,293
40874 | 50351 | ACK | 15 | 2022-11-21 11:27:52,293
50351 | 40874 | DATA | 1000 | 2022-11-21 11:27:52,293
40874 | 50351 | ACK | 15 | 2022-11-21 11:27:53,184
50351 | 40874 | DATA | 1000 | 2022-11-21 11:27:53,185
50351 | 40874 | DATA | 1000 | 2022-11-21 11:27:55,000
50351 | 40874 | DATA | 1000 | 2022-11-21 11:27:56,816
40874 | 50351 | ACK | 15 | 2022-11-21 11:27:56,816
50351 | 40874 | DATA | 1000 | 2022-11-21 11:27:56,816
50351 | 40874 | DATA | 1000 | 2022-11-21 11:27:58,113
40874 | 50351 | ACK | 15 | 2022-11-21 11:27:58,654
50351 | 40874 | DATA | 1000 | 2022-11-21 11:27:58,654
40874 | 50351 | ACK | 15 | 2022-11-21 11:27:58,654
50351 | 40874 | DATA | 1000 | 2022-11-21 11:27:58,654
40874 | 50351 | ACK | 15 | 2022-11-21 11:27:59,545
50351 | 40874 | DATA | 1000 | 2022-11-21 11:27:59,545
40874 | 50351 | ACK | 15 | 2022-11-21 11:28:00,227
50351 | 40874 | DATA | 1000 | 2022-11-21 11:28:00,227
40874 | 50351 | ACK | 15 | 2022-11-21 11:28:00,227
50351 | 40874 | DATA | 1000 | 2022-11-21 11:28:00,227
50351 | 40874 | DATA | 1000 | 2022-11-21 11:28:01,581
40874 | 50351 | ACK | 15 | 2022-11-21 11:28:02,212
50351 | 40874 | DATA | 1000 | 2022-11-21 11:28:02,213
40874 | 50351 | ACK | 15 | 2022-11-21 11:28:02,764
50351 | 40874 | DATA | 1000 | 2022-11-21 11:28:02,764
40874 | 50351 | ACK | 15 | 2022-11-21 11:28:02,764
50351 | 40874 | DATA | 1000 | 2022-11-21 11:28:02,764
40874 | 50351 | ACK | 15 | 2022-11-21 11:28:03,405
50351 | 40874 | DATA | 1000 | 2022-11-21 11:28:03,405
40874 | 50351 | ACK | 15 | 2022-11-21 11:28:04,357
50351 | 40874 | DATA | 1000 | 2022-11-21 11:28:04,357
40874 | 50351 | ACK | 15 | 2022-11-21 11:28:05,118
50351 | 40874 | DATA | 1000 | 2022-11-21 11:28:05,118
40874 | 50351 | ACK | 15 | 2022-11-21 11:28:05,920
50351 | 40874 | DATA | 1000 | 2022-11-21 11:28:05,920
40874 | 50351 | ACK | 15 | 2022-11-21 11:28:05,920
50351 | 40874 | DATA | 1000 | 2022-11-21 11:28:05,920
50351 | 40874 | DATA | 1000 | 2022-11-21 11:28:07,650
40874 | 50351 | ACK | 15 | 2022-11-21 11:28:08,291
50351 | 40874 | DATA | 1000 | 2022-11-21 11:28:08,291
40874 | 50351 | ACK | 15 | 2022-11-21 11:28:09,142
50351 | 40874 | DATA | 1000 | 2022-11-21 11:28:09,142
40874 | 50351 | ACK | 15 | 2022-11-21 11:28:10,033
50351 | 40874 | DATA | 1000 | 2022-11-21 11:28:10,034
40874 | 50351 | ACK | 15 | 2022-11-21 11:28:10,034
50351 | 40874 | DATA | 1000 | 2022-11-21 11:28:10,034
40874 | 50351 | ACK | 15 | 2022-11-21 11:28:10,034
50351 | 40874 | DATA | 1000 | 2022-11-21 11:28:10,034
40874 | 50351 | ACK | 15 | 2022-11-21 11:28:10,865
50351 | 40874 | DATA | 1000 | 2022-11-21 11:28:10,865
40874 | 50351 | ACK | 15 | 2022-11-21 11:28:11,676
50351 | 40874 | DATA | 1000 | 2022-11-21 11:28:11,677
40874 | 50351 | ACK | 15 | 2022-11-21 11:28:11,677
50351 | 40874 | DATA | 1000 | 2022-11-21 11:28:11,677
40874 | 50351 | ACK | 15 | 2022-11-21 11:28:11,677
40874 | 50351 | ACK | 15 | 2022-11-21 11:28:11,678
50351 | 40874 | DATA | 1000 | 2022-11-21 11:28:11,678
50351 | 40874 | DATA | 1000 | 2022-11-21 11:28:11,678
40874 | 50351 | ACK | 15 | 2022-11-21 11:28:11,678
50351 | 40874 | DATA | 1000 | 2022-11-21 11:28:11,679
40874 | 50351 | ACK | 15 | 2022-11-21 11:28:12,340
50351 | 40874 | DATA | 1000 | 2022-11-21 11:28:12,340
40874 | 50351 | ACK | 15 | 2022-11-21 11:28:13,261
50351 | 40874 | DATA | 1000 | 2022-11-21 11:28:13,261
40874 | 50351 | ACK | 15 | 2022-11-21 11:28:13,261
50351 | 40874 | DATA | 1000 | 2022-11-21 11:28:13,262
50351 | 40874 | DATA | 1000 | 2022-11-21 11:28:14,478
40874 | 50351 | ACK | 15 | 2022-11-21 11:28:14,478
50351 | 40874 | DATA | 1000 | 2022-11-21 11:28:14,479
50351 | 40874 | DATA | 1000 | 2022-11-21 11:28:15,480
50351 | 40874 | DATA | 1000 | 2022-11-21 11:28:16,482
40874 | 50351 | ACK | 15 | 2022-11-21 11:28:16,482
50351 | 40874 | DATA | 1000 | 2022-11-21 11:28:16,482
40874 | 50351 | ACK | 15 | 2022-11-21 11:28:17,063
50351 | 40874 | DATA | 1000 | 2022-11-21 11:28:17,064
40874 | 50351 | ACK | 15 | 2022-11-21 11:28:17,064
50351 | 40874 | DATA | 1000 | 2022-11-21 11:28:17,064
40874 | 50351 | ACK | 15 | 2022-11-21 11:28:17,064
40874 | 50351 | ACK | 15 | 2022-11-21 11:28:17,064
50351 | 40874 | DATA | 1000 | 2022-11-21 11:28:17,065
50351 | 40874 | DATA | 1000 | 2022-11-21 11:28:17,065
40874 | 50351 | ACK | 15 | 2022-11-21 11:28:17,936
50351 | 40874 | DATA | 746 | 2022-11-21 11:28:17,937
40874 | 50351 | ACK | 15 | 2022-11-21 11:28:17,937
50351 | 40874 | FIN | 15 | 2022-11-21 11:28:17,937
40874 | 50351 | ACK | 15 | 2022-11-21 11:28:17,937
