47026 | 2002 | SYN | 17 | 2022-11-21 02:26:29,129
2002 | 47026 | SYN/ACK | 17 | 2022-11-21 02:26:29,129
47026 | 2002 | ACK | 17 | 2022-11-21 02:26:29,129
57521 | 42249 | DATA | 1 | SLOW START | 1000 | 2022-11-21 02:26:29,130
42249 | 57521 | ACK | 17 | 2022-11-21 02:26:29,130
57521 | 42249 | ACK | 17 | 2022-11-21 02:26:29,131
42249 | 57521 | DATA | 2 | SLOW START | 1000 | 2022-11-21 02:26:29,131
57521 | 42249 | ACK | 17 | 2022-11-21 02:26:29,132
42249 | 57521 | DATA | 2 | SLOW START | 1000 | 2022-11-21 02:26:29,132
57521 | 42249 | ACK | 17 | 2022-11-21 02:26:29,132
42249 | 57521 | DATA | 4 | SLOW START | 1000 | 2022-11-21 02:26:29,132
57521 | 42249 | ACK | 17 | 2022-11-21 02:26:29,133
42249 | 57521 | DATA | 4 | SLOW START | 1000 | 2022-11-21 02:26:29,133
57521 | 42249 | ACK | 17 | 2022-11-21 02:26:30,084
42249 | 57521 | DATA | 4 | SLOW START | 1000 | 2022-11-21 02:26:30,084
57521 | 42249 | ACK | 17 | 2022-11-21 02:26:30,085
42249 | 57521 | DATA | 4 | SLOW START | 1000 | 2022-11-21 02:26:30,085
57521 | 42249 | ACK | 17 | 2022-11-21 02:26:31,087
42249 | 57521 | DATA | 2 | SLOW START | 1000 | 2022-11-21 02:26:31,087
57521 | 42249 | ACK | 17 | 2022-11-21 02:26:31,818
42249 | 57521 | DATA | 2 | SLOW START | 1000 | 2022-11-21 02:26:31,818
57521 | 42249 | ACK | 17 | 2022-11-21 02:26:31,819
42249 | 57521 | DATA | 4 | SLOW START | 1000 | 2022-11-21 02:26:31,819
57521 | 42249 | ACK | 17 | 2022-11-21 02:26:32,370
42249 | 57521 | DATA | 4 | SLOW START | 1000 | 2022-11-21 02:26:32,370
57521 | 42249 | ACK | 17 | 2022-11-21 02:26:34,273
42249 | 57521 | DATA | 2 | SLOW START | 1000 | 2022-11-21 02:26:34,273
57521 | 42249 | ACK | 17 | 2022-11-21 02:26:35,135
42249 | 57521 | DATA | 2 | SLOW START | 1000 | 2022-11-21 02:26:35,135
57521 | 42249 | ACK | 17 | 2022-11-21 02:26:36,037
42249 | 57521 | DATA | 3 | CONGESTION AVOIDANCE | 1000 | 2022-11-21 02:26:36,037
57521 | 42249 | ACK | 17 | 2022-11-21 02:26:36,738
42249 | 57521 | DATA | 3 | CONGESTION AVOIDANCE | 1000 | 2022-11-21 02:26:36,738
57521 | 42249 | ACK | 17 | 2022-11-21 02:26:36,739
42249 | 57521 | DATA | 3 | CONGESTION AVOIDANCE | 1000 | 2022-11-21 02:26:36,739
57521 | 42249 | ACK | 17 | 2022-11-21 02:26:37,651
42249 | 57521 | DATA | 4 | CONGESTION AVOIDANCE | 1000 | 2022-11-21 02:26:37,651
57521 | 42249 | ACK | 17 | 2022-11-21 02:26:37,651
42249 | 57521 | DATA | 4 | CONGESTION AVOIDANCE | 1000 | 2022-11-21 02:26:37,651
57521 | 42249 | ACK | 17 | 2022-11-21 02:26:37,652
42249 | 57521 | DATA | 4 | CONGESTION AVOIDANCE | 1000 | 2022-11-21 02:26:37,652
57521 | 42249 | ACK | 17 | 2022-11-21 02:26:38,583
42249 | 57521 | DATA | 4 | CONGESTION AVOIDANCE | 1000 | 2022-11-21 02:26:38,583
57521 | 42249 | ACK | 17 | 2022-11-21 02:26:39,315
42249 | 57521 | DATA | 5 | CONGESTION AVOIDANCE | 1000 | 2022-11-21 02:26:39,315
57521 | 42249 | ACK | 17 | 2022-11-21 02:26:40,296
42249 | 57521 | DATA | 5 | CONGESTION AVOIDANCE | 1000 | 2022-11-21 02:26:40,297
57521 | 42249 | ACK | 17 | 2022-11-21 02:26:40,297
42249 | 57521 | DATA | 5 | CONGESTION AVOIDANCE | 1000 | 2022-11-21 02:26:40,297
57521 | 42249 | ACK | 17 | 2022-11-21 02:26:40,889
42249 | 57521 | DATA | 5 | CONGESTION AVOIDANCE | 1000 | 2022-11-21 02:26:40,889
57521 | 42249 | ACK | 17 | 2022-11-21 02:26:41,500
42249 | 57521 | DATA | 5 | CONGESTION AVOIDANCE | 1000 | 2022-11-21 02:26:41,500
57521 | 42249 | ACK | 17 | 2022-11-21 02:26:42,311
42249 | 57521 | DATA | 6 | CONGESTION AVOIDANCE | 1000 | 2022-11-21 02:26:42,312
57521 | 42249 | ACK | 17 | 2022-11-21 02:26:42,312
42249 | 57521 | DATA | 6 | CONGESTION AVOIDANCE | 1000 | 2022-11-21 02:26:42,312
57521 | 42249 | ACK | 17 | 2022-11-21 02:26:43,204
42249 | 57521 | DATA | 6 | CONGESTION AVOIDANCE | 1000 | 2022-11-21 02:26:43,204
57521 | 42249 | ACK | 17 | 2022-11-21 02:26:43,985
42249 | 57521 | DATA | 6 | CONGESTION AVOIDANCE | 1000 | 2022-11-21 02:26:43,985
57521 | 42249 | ACK | 17 | 2022-11-21 02:26:44,636
42249 | 57521 | DATA | 6 | CONGESTION AVOIDANCE | 1000 | 2022-11-21 02:26:44,637
57521 | 42249 | ACK | 17 | 2022-11-21 02:26:45,468
42249 | 57521 | DATA | 6 | CONGESTION AVOIDANCE | 1000 | 2022-11-21 02:26:45,468
57521 | 42249 | ACK | 17 | 2022-11-21 02:26:47,291
42249 | 57521 | DATA | 2 | SLOW START | 1000 | 2022-11-21 02:26:47,291
57521 | 42249 | ACK | 17 | 2022-11-21 02:26:47,943
42249 | 57521 | DATA | 2 | SLOW START | 1000 | 2022-11-21 02:26:47,943
57521 | 42249 | ACK | 17 | 2022-11-21 02:26:47,943
42249 | 57521 | DATA | 4 | SLOW START | 1000 | 2022-11-21 02:26:47,943
57521 | 42249 | ACK | 17 | 2022-11-21 02:26:47,944
42249 | 57521 | DATA | 4 | SLOW START | 1000 | 2022-11-21 02:26:47,944
57521 | 42249 | ACK | 17 | 2022-11-21 02:26:48,945
42249 | 57521 | DATA | 2 | SLOW START | 1000 | 2022-11-21 02:26:48,945
57521 | 42249 | ACK | 17 | 2022-11-21 02:26:49,887
42249 | 57521 | DATA | 2 | SLOW START | 1000 | 2022-11-21 02:26:49,887
57521 | 42249 | ACK | 17 | 2022-11-21 02:26:49,887
42249 | 57521 | DATA | 3 | CONGESTION AVOIDANCE | 1000 | 2022-11-21 02:26:49,888
57521 | 42249 | ACK | 17 | 2022-11-21 02:26:50,669
42249 | 57521 | DATA | 3 | CONGESTION AVOIDANCE | 1000 | 2022-11-21 02:26:50,669
57521 | 42249 | ACK | 17 | 2022-11-21 02:26:52,372
42249 | 57521 | DATA | 2 | CONGESTION AVOIDANCE | 1000 | 2022-11-21 02:26:52,372
57521 | 42249 | ACK | 17 | 2022-11-21 02:26:53,204
42249 | 57521 | DATA | 2 | CONGESTION AVOIDANCE | 1000 | 2022-11-21 02:26:53,204
57521 | 42249 | ACK | 17 | 2022-11-21 02:26:54,206
42249 | 57521 | DATA | 2 | CONGESTION AVOIDANCE | 1000 | 2022-11-21 02:26:54,206
57521 | 42249 | ACK | 17 | 2022-11-21 02:26:54,207
42249 | 57521 | DATA | 2 | CONGESTION AVOIDANCE | 1000 | 2022-11-21 02:26:54,207
57521 | 42249 | ACK | 17 | 2022-11-21 02:26:54,207
42249 | 57521 | DATA | 3 | CONGESTION AVOIDANCE | 1000 | 2022-11-21 02:26:54,207
57521 | 42249 | ACK | 17 | 2022-11-21 02:26:54,208
42249 | 57521 | DATA | 3 | CONGESTION AVOIDANCE | 1000 | 2022-11-21 02:26:54,208
57521 | 42249 | ACK | 17 | 2022-11-21 02:26:54,208
42249 | 57521 | DATA | 3 | CONGESTION AVOIDANCE | 1000 | 2022-11-21 02:26:54,208
57521 | 42249 | ACK | 17 | 2022-11-21 02:26:54,209
42249 | 57521 | DATA | 4 | CONGESTION AVOIDANCE | 1000 | 2022-11-21 02:26:54,209
57521 | 42249 | ACK | 17 | 2022-11-21 02:26:54,210
42249 | 57521 | DATA | 4 | CONGESTION AVOIDANCE | 1000 | 2022-11-21 02:26:54,210
57521 | 42249 | ACK | 17 | 2022-11-21 02:26:56,213
42249 | 57521 | DATA | 2 | CONGESTION AVOIDANCE | 1000 | 2022-11-21 02:26:56,213
57521 | 42249 | ACK | 17 | 2022-11-21 02:26:57,185
42249 | 57521 | DATA | 2 | CONGESTION AVOIDANCE | 1000 | 2022-11-21 02:26:57,185
57521 | 42249 | ACK | 17 | 2022-11-21 02:26:59,188
42249 | 57521 | DATA | 2 | CONGESTION AVOIDANCE | 1000 | 2022-11-21 02:26:59,188
57521 | 42249 | ACK | 17 | 2022-11-21 02:27:00,060
42249 | 57521 | DATA | 2 | CONGESTION AVOIDANCE | 1000 | 2022-11-21 02:27:00,060
57521 | 42249 | ACK | 17 | 2022-11-21 02:27:01,021
42249 | 57521 | DATA | 3 | CONGESTION AVOIDANCE | 1000 | 2022-11-21 02:27:01,021
57521 | 42249 | ACK | 17 | 2022-11-21 02:27:01,963
42249 | 57521 | DATA | 3 | CONGESTION AVOIDANCE | 1000 | 2022-11-21 02:27:01,963
57521 | 42249 | ACK | 17 | 2022-11-21 02:27:01,964
42249 | 57521 | DATA | 3 | CONGESTION AVOIDANCE | 1000 | 2022-11-21 02:27:01,964
57521 | 42249 | ACK | 17 | 2022-11-21 02:27:02,795
42249 | 57521 | DATA | 4 | CONGESTION AVOIDANCE | 1000 | 2022-11-21 02:27:02,795
57521 | 42249 | ACK | 17 | 2022-11-21 02:27:03,797
42249 | 57521 | DATA | 2 | SLOW START | 1000 | 2022-11-21 02:27:03,797
57521 | 42249 | ACK | 17 | 2022-11-21 02:27:04,799
42249 | 57521 | DATA | 2 | CONGESTION AVOIDANCE | 1000 | 2022-11-21 02:27:04,799
57521 | 42249 | ACK | 17 | 2022-11-21 02:27:04,799
42249 | 57521 | DATA | 2 | CONGESTION AVOIDANCE | 1000 | 2022-11-21 02:27:04,800
57521 | 42249 | ACK | 17 | 2022-11-21 02:27:04,800
42249 | 57521 | DATA | 3 | CONGESTION AVOIDANCE | 1000 | 2022-11-21 02:27:04,800
57521 | 42249 | ACK | 17 | 2022-11-21 02:27:04,800
42249 | 57521 | DATA | 3 | CONGESTION AVOIDANCE | 1000 | 2022-11-21 02:27:04,800
57521 | 42249 | ACK | 17 | 2022-11-21 02:27:05,442
42249 | 57521 | DATA | 3 | CONGESTION AVOIDANCE | 1000 | 2022-11-21 02:27:05,442
57521 | 42249 | ACK | 17 | 2022-11-21 02:27:06,053
42249 | 57521 | DATA | 4 | CONGESTION AVOIDANCE | 1000 | 2022-11-21 02:27:06,053
57521 | 42249 | ACK | 17 | 2022-11-21 02:27:06,053
42249 | 57521 | DATA | 4 | CONGESTION AVOIDANCE | 1000 | 2022-11-21 02:27:06,053
57521 | 42249 | ACK | 17 | 2022-11-21 02:27:07,055
42249 | 57521 | DATA | 2 | SLOW START | 1000 | 2022-11-21 02:27:07,055
57521 | 42249 | ACK | 17 | 2022-11-21 02:27:07,607
42249 | 57521 | DATA | 2 | SLOW START | 1000 | 2022-11-21 02:27:07,607
57521 | 42249 | ACK | 17 | 2022-11-21 02:27:08,338
42249 | 57521 | DATA | 3 | CONGESTION AVOIDANCE | 1000 | 2022-11-21 02:27:08,338
57521 | 42249 | ACK | 17 | 2022-11-21 02:27:08,339
42249 | 57521 | DATA | 3 | CONGESTION AVOIDANCE | 1000 | 2022-11-21 02:27:08,339
57521 | 42249 | ACK | 17 | 2022-11-21 02:27:09,150
42249 | 57521 | DATA | 3 | CONGESTION AVOIDANCE | 1000 | 2022-11-21 02:27:09,150
57521 | 42249 | ACK | 17 | 2022-11-21 02:27:09,862
42249 | 57521 | DATA | 4 | CONGESTION AVOIDANCE | 1000 | 2022-11-21 02:27:09,862
57521 | 42249 | ACK | 17 | 2022-11-21 02:27:09,862
42249 | 57521 | DATA | 4 | CONGESTION AVOIDANCE | 1000 | 2022-11-21 02:27:09,862
57521 | 42249 | ACK | 17 | 2022-11-21 02:27:10,403
42249 | 57521 | DATA | 4 | CONGESTION AVOIDANCE | 1000 | 2022-11-21 02:27:10,403
57521 | 42249 | ACK | 17 | 2022-11-21 02:27:10,995
42249 | 57521 | DATA | 4 | CONGESTION AVOIDANCE | 1000 | 2022-11-21 02:27:10,995
57521 | 42249 | ACK | 17 | 2022-11-21 02:27:10,995
42249 | 57521 | DATA | 5 | CONGESTION AVOIDANCE | 1000 | 2022-11-21 02:27:10,995
57521 | 42249 | ACK | 17 | 2022-11-21 02:27:10,996
42249 | 57521 | DATA | 5 | CONGESTION AVOIDANCE | 1000 | 2022-11-21 02:27:10,996
57521 | 42249 | ACK | 17 | 2022-11-21 02:27:11,887
42249 | 57521 | DATA | 5 | CONGESTION AVOIDANCE | 1000 | 2022-11-21 02:27:11,887
57521 | 42249 | ACK | 17 | 2022-11-21 02:27:12,859
42249 | 57521 | DATA | 5 | CONGESTION AVOIDANCE | 1000 | 2022-11-21 02:27:12,860
57521 | 42249 | ACK | 17 | 2022-11-21 02:27:13,861
42249 | 57521 | DATA | 2 | SLOW START | 1000 | 2022-11-21 02:27:13,861
57521 | 42249 | ACK | 17 | 2022-11-21 02:27:14,863
42249 | 57521 | DATA | 2 | CONGESTION AVOIDANCE | 1000 | 2022-11-21 02:27:14,863
57521 | 42249 | ACK | 17 | 2022-11-21 02:27:15,384
42249 | 57521 | DATA | 2 | CONGESTION AVOIDANCE | 1000 | 2022-11-21 02:27:15,384
57521 | 42249 | ACK | 17 | 2022-11-21 02:27:16,006
42249 | 57521 | DATA | 3 | CONGESTION AVOIDANCE | 1000 | 2022-11-21 02:27:16,006
57521 | 42249 | ACK | 17 | 2022-11-21 02:27:16,817
42249 | 57521 | DATA | 3 | CONGESTION AVOIDANCE | 1000 | 2022-11-21 02:27:16,817
57521 | 42249 | ACK | 17 | 2022-11-21 02:27:17,779
42249 | 57521 | DATA | 3 | CONGESTION AVOIDANCE | 1000 | 2022-11-21 02:27:17,779
57521 | 42249 | ACK | 17 | 2022-11-21 02:27:19,782
42249 | 57521 | DATA | 2 | CONGESTION AVOIDANCE | 1000 | 2022-11-21 02:27:19,782
57521 | 42249 | ACK | 17 | 2022-11-21 02:27:20,714
42249 | 57521 | DATA | 2 | CONGESTION AVOIDANCE | 1000 | 2022-11-21 02:27:20,714
57521 | 42249 | ACK | 17 | 2022-11-21 02:27:21,716
42249 | 57521 | DATA | 2 | CONGESTION AVOIDANCE | 1000 | 2022-11-21 02:27:21,716
57521 | 42249 | ACK | 17 | 2022-11-21 02:27:22,467
42249 | 57521 | DATA | 2 | CONGESTION AVOIDANCE | 1000 | 2022-11-21 02:27:22,467
57521 | 42249 | ACK | 17 | 2022-11-21 02:27:22,468
42249 | 57521 | DATA | 3 | CONGESTION AVOIDANCE | 1000 | 2022-11-21 02:27:22,468
57521 | 42249 | ACK | 17 | 2022-11-21 02:27:23,259
42249 | 57521 | DATA | 3 | CONGESTION AVOIDANCE | 1000 | 2022-11-21 02:27:23,259
57521 | 42249 | ACK | 17 | 2022-11-21 02:27:24,261
42249 | 57521 | DATA | 2 | CONGESTION AVOIDANCE | 1000 | 2022-11-21 02:27:24,261
57521 | 42249 | ACK | 17 | 2022-11-21 02:27:24,261
42249 | 57521 | DATA | 2 | CONGESTION AVOIDANCE | 1000 | 2022-11-21 02:27:24,261
57521 | 42249 | ACK | 17 | 2022-11-21 02:27:24,983
42249 | 57521 | DATA | 3 | CONGESTION AVOIDANCE | 1000 | 2022-11-21 02:27:24,983
57521 | 42249 | ACK | 17 | 2022-11-21 02:27:25,664
42249 | 57521 | DATA | 3 | CONGESTION AVOIDANCE | 1000 | 2022-11-21 02:27:25,664
57521 | 42249 | ACK | 17 | 2022-11-21 02:27:26,395
42249 | 57521 | DATA | 3 | CONGESTION AVOIDANCE | 1000 | 2022-11-21 02:27:26,395
57521 | 42249 | ACK | 17 | 2022-11-21 02:27:27,397
42249 | 57521 | DATA | 2 | SLOW START | 1000 | 2022-11-21 02:27:27,398
57521 | 42249 | ACK | 17 | 2022-11-21 02:27:28,369
42249 | 57521 | DATA | 2 | SLOW START | 1000 | 2022-11-21 02:27:28,369
57521 | 42249 | ACK | 17 | 2022-11-21 02:27:30,883
42249 | 57521 | DATA | 2 | CONGESTION AVOIDANCE | 1000 | 2022-11-21 02:27:30,883
57521 | 42249 | ACK | 17 | 2022-11-21 02:27:30,884
42249 | 57521 | DATA | 2 | CONGESTION AVOIDANCE | 1000 | 2022-11-21 02:27:30,884
57521 | 42249 | ACK | 17 | 2022-11-21 02:27:30,884
42249 | 57521 | DATA | 3 | CONGESTION AVOIDANCE | 1000 | 2022-11-21 02:27:30,884
57521 | 42249 | ACK | 17 | 2022-11-21 02:27:31,826
42249 | 57521 | DATA | 3 | CONGESTION AVOIDANCE | 1000 | 2022-11-21 02:27:31,826
57521 | 42249 | ACK | 17 | 2022-11-21 02:27:31,826
42249 | 57521 | DATA | 3 | CONGESTION AVOIDANCE | 1000 | 2022-11-21 02:27:31,827
57521 | 42249 | ACK | 17 | 2022-11-21 02:27:31,827
42249 | 57521 | DATA | 4 | CONGESTION AVOIDANCE | 1000 | 2022-11-21 02:27:31,827
57521 | 42249 | ACK | 17 | 2022-11-21 02:27:31,827
42249 | 57521 | DATA | 4 | CONGESTION AVOIDANCE | 1000 | 2022-11-21 02:27:31,828
57521 | 42249 | ACK | 17 | 2022-11-21 02:27:32,639
42249 | 57521 | DATA | 4 | CONGESTION AVOIDANCE | 1000 | 2022-11-21 02:27:32,639
57521 | 42249 | ACK | 17 | 2022-11-21 02:27:32,639
42249 | 57521 | DATA | 4 | CONGESTION AVOIDANCE | 1000 | 2022-11-21 02:27:32,640
57521 | 42249 | ACK | 17 | 2022-11-21 02:27:32,640
42249 | 57521 | DATA | 5 | CONGESTION AVOIDANCE | 1000 | 2022-11-21 02:27:32,640
57521 | 42249 | ACK | 17 | 2022-11-21 02:27:33,511
42249 | 57521 | DATA | 5 | CONGESTION AVOIDANCE | 1000 | 2022-11-21 02:27:33,511
57521 | 42249 | ACK | 17 | 2022-11-21 02:27:37,246
42249 | 57521 | DATA | 2 | CONGESTION AVOIDANCE | 1000 | 2022-11-21 02:27:37,246
57521 | 42249 | ACK | 17 | 2022-11-21 02:27:37,948
42249 | 57521 | DATA | 2 | CONGESTION AVOIDANCE | 1000 | 2022-11-21 02:27:37,948
57521 | 42249 | ACK | 17 | 2022-11-21 02:27:37,949
42249 | 57521 | DATA | 3 | CONGESTION AVOIDANCE | 1000 | 2022-11-21 02:27:37,949
57521 | 42249 | ACK | 17 | 2022-11-21 02:27:38,880
42249 | 57521 | DATA | 3 | CONGESTION AVOIDANCE | 1000 | 2022-11-21 02:27:38,880
57521 | 42249 | ACK | 17 | 2022-11-21 02:27:38,881
42249 | 57521 | DATA | 3 | CONGESTION AVOIDANCE | 1000 | 2022-11-21 02:27:38,881
57521 | 42249 | ACK | 17 | 2022-11-21 02:27:38,881
42249 | 57521 | DATA | 4 | CONGESTION AVOIDANCE | 1000 | 2022-11-21 02:27:38,881
57521 | 42249 | ACK | 17 | 2022-11-21 02:27:39,392
42249 | 57521 | DATA | 4 | CONGESTION AVOIDANCE | 1000 | 2022-11-21 02:27:39,392
57521 | 42249 | ACK | 17 | 2022-11-21 02:27:40,174
42249 | 57521 | DATA | 4 | CONGESTION AVOIDANCE | 1000 | 2022-11-21 02:27:40,174
57521 | 42249 | ACK | 17 | 2022-11-21 02:27:40,825
42249 | 57521 | DATA | 4 | CONGESTION AVOIDANCE | 1000 | 2022-11-21 02:27:40,825
57521 | 42249 | ACK | 17 | 2022-11-21 02:27:41,727
42249 | 57521 | DATA | 5 | CONGESTION AVOIDANCE | 1000 | 2022-11-21 02:27:41,727
57521 | 42249 | ACK | 17 | 2022-11-21 02:27:41,727
42249 | 57521 | DATA | 5 | CONGESTION AVOIDANCE | 1000 | 2022-11-21 02:27:41,727
57521 | 42249 | ACK | 17 | 2022-11-21 02:27:41,728
42249 | 57521 | DATA | 5 | CONGESTION AVOIDANCE | 1000 | 2022-11-21 02:27:41,728
57521 | 42249 | ACK | 17 | 2022-11-21 02:27:42,289
42249 | 57521 | DATA | 5 | CONGESTION AVOIDANCE | 1000 | 2022-11-21 02:27:42,289
57521 | 42249 | ACK | 17 | 2022-11-21 02:27:42,289
42249 | 57521 | DATA | 5 | CONGESTION AVOIDANCE | 1000 | 2022-11-21 02:27:42,290
57521 | 42249 | ACK | 17 | 2022-11-21 02:27:43,081
42249 | 57521 | DATA | 6 | CONGESTION AVOIDANCE | 1000 | 2022-11-21 02:27:43,081
57521 | 42249 | ACK | 17 | 2022-11-21 02:27:43,082
42249 | 57521 | DATA | 6 | CONGESTION AVOIDANCE | 1000 | 2022-11-21 02:27:43,082
57521 | 42249 | ACK | 17 | 2022-11-21 02:27:43,082
42249 | 57521 | DATA | 6 | CONGESTION AVOIDANCE | 1000 | 2022-11-21 02:27:43,082
57521 | 42249 | ACK | 17 | 2022-11-21 02:27:43,083
42249 | 57521 | DATA | 6 | CONGESTION AVOIDANCE | 1000 | 2022-11-21 02:27:43,083
57521 | 42249 | ACK | 17 | 2022-11-21 02:27:43,083
42249 | 57521 | DATA | 6 | CONGESTION AVOIDANCE | 1000 | 2022-11-21 02:27:43,083
57521 | 42249 | ACK | 17 | 2022-11-21 02:27:43,084
42249 | 57521 | DATA | 6 | CONGESTION AVOIDANCE | 1000 | 2022-11-21 02:27:43,084
57521 | 42249 | ACK | 17 | 2022-11-21 02:27:43,975
42249 | 57521 | DATA | 7 | CONGESTION AVOIDANCE | 1000 | 2022-11-21 02:27:43,975
57521 | 42249 | ACK | 17 | 2022-11-21 02:27:43,976
42249 | 57521 | DATA | 7 | CONGESTION AVOIDANCE | 1000 | 2022-11-21 02:27:43,976
57521 | 42249 | ACK | 17 | 2022-11-21 02:27:44,817
42249 | 57521 | DATA | 7 | CONGESTION AVOIDANCE | 1000 | 2022-11-21 02:27:44,817
57521 | 42249 | ACK | 17 | 2022-11-21 02:27:45,739
42249 | 57521 | DATA | 7 | CONGESTION AVOIDANCE | 1000 | 2022-11-21 02:27:45,739
57521 | 42249 | ACK | 17 | 2022-11-21 02:27:48,284
42249 | 57521 | DATA | 2 | CONGESTION AVOIDANCE | 1000 | 2022-11-21 02:27:48,284
57521 | 42249 | ACK | 17 | 2022-11-21 02:27:48,284
42249 | 57521 | DATA | 2 | CONGESTION AVOIDANCE | 1000 | 2022-11-21 02:27:48,284
57521 | 42249 | ACK | 17 | 2022-11-21 02:27:49,076
42249 | 57521 | DATA | 3 | CONGESTION AVOIDANCE | 1000 | 2022-11-21 02:27:49,076
57521 | 42249 | ACK | 17 | 2022-11-21 02:27:49,076
42249 | 57521 | DATA | 3 | CONGESTION AVOIDANCE | 1000 | 2022-11-21 02:27:49,076
57521 | 42249 | ACK | 17 | 2022-11-21 02:27:49,838
42249 | 57521 | DATA | 3 | CONGESTION AVOIDANCE | 1000 | 2022-11-21 02:27:49,838
57521 | 42249 | ACK | 17 | 2022-11-21 02:27:50,439
42249 | 57521 | DATA | 4 | CONGESTION AVOIDANCE | 1000 | 2022-11-21 02:27:50,439
57521 | 42249 | ACK | 17 | 2022-11-21 02:27:51,100
42249 | 57521 | DATA | 4 | CONGESTION AVOIDANCE | 1000 | 2022-11-21 02:27:51,101
57521 | 42249 | ACK | 17 | 2022-11-21 02:27:51,762
42249 | 57521 | DATA | 4 | CONGESTION AVOIDANCE | 1000 | 2022-11-21 02:27:51,762
57521 | 42249 | ACK | 17 | 2022-11-21 02:27:52,394
42249 | 57521 | DATA | 4 | CONGESTION AVOIDANCE | 1000 | 2022-11-21 02:27:52,394
57521 | 42249 | ACK | 17 | 2022-11-21 02:27:53,196
42249 | 57521 | DATA | 5 | CONGESTION AVOIDANCE | 1000 | 2022-11-21 02:27:53,196
57521 | 42249 | ACK | 17 | 2022-11-21 02:27:53,707
42249 | 57521 | DATA | 5 | CONGESTION AVOIDANCE | 1000 | 2022-11-21 02:27:53,707
57521 | 42249 | ACK | 17 | 2022-11-21 02:27:54,558
42249 | 57521 | DATA | 5 | CONGESTION AVOIDANCE | 1000 | 2022-11-21 02:27:54,558
57521 | 42249 | ACK | 17 | 2022-11-21 02:27:55,560
42249 | 57521 | DATA | 2 | SLOW START | 1000 | 2022-11-21 02:27:55,560
57521 | 42249 | ACK | 17 | 2022-11-21 02:27:55,561
42249 | 57521 | DATA | 2 | SLOW START | 1000 | 2022-11-21 02:27:55,561
57521 | 42249 | ACK | 17 | 2022-11-21 02:27:55,562
42249 | 57521 | DATA | 3 | CONGESTION AVOIDANCE | 1000 | 2022-11-21 02:27:55,562
57521 | 42249 | ACK | 17 | 2022-11-21 02:27:56,304
42249 | 57521 | DATA | 3 | CONGESTION AVOIDANCE | 1000 | 2022-11-21 02:27:56,304
57521 | 42249 | ACK | 17 | 2022-11-21 02:27:56,304
42249 | 57521 | DATA | 3 | CONGESTION AVOIDANCE | 1000 | 2022-11-21 02:27:56,304
57521 | 42249 | ACK | 17 | 2022-11-21 02:27:56,966
42249 | 57521 | DATA | 4 | CONGESTION AVOIDANCE | 1000 | 2022-11-21 02:27:56,966
57521 | 42249 | ACK | 17 | 2022-11-21 02:27:56,966
42249 | 57521 | DATA | 4 | CONGESTION AVOIDANCE | 1000 | 2022-11-21 02:27:56,966
57521 | 42249 | ACK | 17 | 2022-11-21 02:27:56,966
42249 | 57521 | DATA | 4 | CONGESTION AVOIDANCE | 1000 | 2022-11-21 02:27:56,967
57521 | 42249 | ACK | 17 | 2022-11-21 02:27:56,967
42249 | 57521 | DATA | 4 | CONGESTION AVOIDANCE | 65 | 2022-11-21 02:27:56,967
42249 | 57521 | FIN | 15 | 2022-11-21 02:27:56,967
57521 | 42249 | ACK | 15 | 2022-11-21 02:27:56,968
