37621 | 2002 | SYN | 17 | 2022-11-21 12:30:24,819
2002 | 37621 | SYN/ACK | 17 | 2022-11-21 12:30:24,820
37621 | 2002 | ACK | 17 | 2022-11-21 12:30:24,820
57857 | 57589 | DATA | 1 | SLOW START | 1000 | 2022-11-21 12:30:24,821
57857 | 57589 | DATA | 1 | SLOW START | 1000 | 2022-11-21 12:30:25,822
57857 | 57589 | DATA | 1 | SLOW START | 1000 | 2022-11-21 12:30:26,824
57589 | 57857 | ACK | 17 | 2022-11-21 12:30:27,465
43707 | 2002 | SYN | 17 | 2022-11-21 12:30:27,588
2002 | 43707 | SYN/ACK | 17 | 2022-11-21 12:30:27,588
43707 | 2002 | ACK | 17 | 2022-11-21 12:30:27,588
36639 | 34705 | DATA | 1 | SLOW START | 1000 | 2022-11-21 12:30:27,589
57857 | 57589 | ACK | 17 | 2022-11-21 12:30:28,166
57589 | 57857 | DATA | 2 | SLOW START | 1000 | 2022-11-21 12:30:28,166
34705 | 36639 | ACK | 17 | 2022-11-21 12:30:28,200
36639 | 34705 | ACK | 17 | 2022-11-21 12:30:28,201
34705 | 36639 | DATA | 2 | SLOW START | 1000 | 2022-11-21 12:30:28,201
57857 | 57589 | ACK | 17 | 2022-11-21 12:30:28,798
57589 | 57857 | DATA | 2 | SLOW START | 1000 | 2022-11-21 12:30:28,798
36639 | 34705 | ACK | 17 | 2022-11-21 12:30:29,122
34705 | 36639 | DATA | 2 | SLOW START | 1000 | 2022-11-21 12:30:29,122
57857 | 57589 | ACK | 17 | 2022-11-21 12:30:29,329
57589 | 57857 | DATA | 4 | SLOW START | 1000 | 2022-11-21 12:30:29,329
36639 | 34705 | ACK | 17 | 2022-11-21 12:30:29,854
34705 | 36639 | DATA | 4 | SLOW START | 1000 | 2022-11-21 12:30:29,854
36639 | 34705 | ACK | 17 | 2022-11-21 12:30:29,854
34705 | 36639 | DATA | 4 | SLOW START | 1000 | 2022-11-21 12:30:29,854
36639 | 34705 | ACK | 17 | 2022-11-21 12:30:29,855
34705 | 36639 | DATA | 4 | SLOW START | 1000 | 2022-11-21 12:30:29,855
57857 | 57589 | ACK | 17 | 2022-11-21 12:30:30,211
57589 | 57857 | DATA | 4 | SLOW START | 1000 | 2022-11-21 12:30:30,211
36639 | 34705 | ACK | 17 | 2022-11-21 12:30:30,696
34705 | 36639 | DATA | 4 | SLOW START | 1000 | 2022-11-21 12:30:30,696
57857 | 57589 | ACK | 17 | 2022-11-21 12:30:30,872
57589 | 57857 | DATA | 4 | SLOW START | 1000 | 2022-11-21 12:30:30,872
36639 | 34705 | ACK | 17 | 2022-11-21 12:30:31,699
34705 | 36639 | DATA | 5 | CONGESTION AVOIDANCE | 1000 | 2022-11-21 12:30:31,699
57857 | 57589 | ACK | 17 | 2022-11-21 12:30:31,824
57589 | 57857 | DATA | 4 | SLOW START | 1000 | 2022-11-21 12:30:31,824
36639 | 34705 | ACK | 17 | 2022-11-21 12:30:32,671
34705 | 36639 | DATA | 5 | CONGESTION AVOIDANCE | 1000 | 2022-11-21 12:30:32,671
36639 | 34705 | ACK | 17 | 2022-11-21 12:30:32,671
34705 | 36639 | DATA | 5 | CONGESTION AVOIDANCE | 1000 | 2022-11-21 12:30:32,671
57857 | 57589 | ACK | 17 | 2022-11-21 12:30:32,746
57589 | 57857 | DATA | 8 | SLOW START | 1000 | 2022-11-21 12:30:32,746
36639 | 34705 | ACK | 17 | 2022-11-21 12:30:33,402
34705 | 36639 | DATA | 5 | CONGESTION AVOIDANCE | 1000 | 2022-11-21 12:30:33,402
57857 | 57589 | ACK | 17 | 2022-11-21 12:30:33,617
57589 | 57857 | DATA | 8 | SLOW START | 1000 | 2022-11-21 12:30:33,617
57589 | 57857 | DATA | 8 | SLOW START | 1000 | 2022-11-21 12:30:34,209
57857 | 57589 | ACK | 17 | 2022-11-21 12:30:34,209
36639 | 34705 | ACK | 17 | 2022-11-21 12:30:34,404
34705 | 36639 | DATA | 3 | CONGESTION AVOIDANCE | 1000 | 2022-11-21 12:30:34,404
36639 | 34705 | ACK | 17 | 2022-11-21 12:30:34,405
34705 | 36639 | DATA | 3 | CONGESTION AVOIDANCE | 1000 | 2022-11-21 12:30:34,405
36639 | 34705 | ACK | 17 | 2022-11-21 12:30:34,405
34705 | 36639 | DATA | 3 | CONGESTION AVOIDANCE | 1000 | 2022-11-21 12:30:34,405
57857 | 57589 | ACK | 17 | 2022-11-21 12:30:35,000
57589 | 57857 | DATA | 8 | SLOW START | 1000 | 2022-11-21 12:30:35,000
36639 | 34705 | ACK | 17 | 2022-11-21 12:30:35,287
34705 | 36639 | DATA | 4 | CONGESTION AVOIDANCE | 1000 | 2022-11-21 12:30:35,287
57857 | 57589 | ACK | 17 | 2022-11-21 12:30:35,622
57589 | 57857 | DATA | 8 | SLOW START | 1000 | 2022-11-21 12:30:35,622
57857 | 57589 | ACK | 17 | 2022-11-21 12:30:35,622
57589 | 57857 | DATA | 8 | SLOW START | 1000 | 2022-11-21 12:30:35,623
36639 | 34705 | ACK | 17 | 2022-11-21 12:30:36,219
34705 | 36639 | DATA | 4 | CONGESTION AVOIDANCE | 1000 | 2022-11-21 12:30:36,219
36639 | 34705 | ACK | 17 | 2022-11-21 12:30:36,220
34705 | 36639 | DATA | 4 | CONGESTION AVOIDANCE | 1000 | 2022-11-21 12:30:36,220
36639 | 34705 | ACK | 17 | 2022-11-21 12:30:36,221
34705 | 36639 | DATA | 4 | CONGESTION AVOIDANCE | 1000 | 2022-11-21 12:30:36,221
57857 | 57589 | ACK | 17 | 2022-11-21 12:30:36,244
57589 | 57857 | DATA | 8 | SLOW START | 1000 | 2022-11-21 12:30:36,244
57857 | 57589 | ACK | 17 | 2022-11-21 12:30:36,945
57589 | 57857 | DATA | 8 | SLOW START | 1000 | 2022-11-21 12:30:36,945
36639 | 34705 | ACK | 17 | 2022-11-21 12:30:37,132
34705 | 36639 | DATA | 5 | CONGESTION AVOIDANCE | 1000 | 2022-11-21 12:30:37,132
57857 | 57589 | ACK | 17 | 2022-11-21 12:30:37,797
57589 | 57857 | DATA | 16 | SLOW START | 1000 | 2022-11-21 12:30:37,797
36639 | 34705 | ACK | 17 | 2022-11-21 12:30:38,094
34705 | 36639 | DATA | 5 | CONGESTION AVOIDANCE | 1000 | 2022-11-21 12:30:38,094
57857 | 57589 | ACK | 17 | 2022-11-21 12:30:38,589
57589 | 57857 | DATA | 16 | SLOW START | 1000 | 2022-11-21 12:30:38,589
36639 | 34705 | ACK | 17 | 2022-11-21 12:30:38,845
34705 | 36639 | DATA | 5 | CONGESTION AVOIDANCE | 1000 | 2022-11-21 12:30:38,846
57857 | 57589 | ACK | 17 | 2022-11-21 12:30:39,460
57589 | 57857 | DATA | 16 | SLOW START | 1000 | 2022-11-21 12:30:39,460
36639 | 34705 | ACK | 17 | 2022-11-21 12:30:39,657
34705 | 36639 | DATA | 5 | CONGESTION AVOIDANCE | 1000 | 2022-11-21 12:30:39,657
36639 | 34705 | ACK | 17 | 2022-11-21 12:30:39,657
34705 | 36639 | DATA | 5 | CONGESTION AVOIDANCE | 1000 | 2022-11-21 12:30:39,657
36639 | 34705 | ACK | 17 | 2022-11-21 12:30:40,309
34705 | 36639 | DATA | 6 | CONGESTION AVOIDANCE | 1000 | 2022-11-21 12:30:40,309
36639 | 34705 | ACK | 17 | 2022-11-21 12:30:40,309
34705 | 36639 | DATA | 6 | CONGESTION AVOIDANCE | 1000 | 2022-11-21 12:30:40,309
57857 | 57589 | ACK | 17 | 2022-11-21 12:30:40,462
57589 | 57857 | DATA | 2 | SLOW START | 1000 | 2022-11-21 12:30:40,462
57857 | 57589 | ACK | 17 | 2022-11-21 12:30:41,384
57589 | 57857 | DATA | 2 | SLOW START | 1000 | 2022-11-21 12:30:41,384
57589 | 57857 | DATA | 4 | SLOW START | 1000 | 2022-11-21 12:30:41,925
57857 | 57589 | ACK | 17 | 2022-11-21 12:30:41,925
36639 | 34705 | ACK | 17 | 2022-11-21 12:30:41,962
34705 | 36639 | DATA | 4 | CONGESTION AVOIDANCE | 1000 | 2022-11-21 12:30:41,962
36639 | 34705 | ACK | 17 | 2022-11-21 12:30:41,962
34705 | 36639 | DATA | 4 | CONGESTION AVOIDANCE | 1000 | 2022-11-21 12:30:41,962
36639 | 34705 | ACK | 17 | 2022-11-21 12:30:41,963
34705 | 36639 | DATA | 4 | CONGESTION AVOIDANCE | 1000 | 2022-11-21 12:30:41,963
36639 | 34705 | ACK | 17 | 2022-11-21 12:30:42,604
34705 | 36639 | DATA | 4 | CONGESTION AVOIDANCE | 1000 | 2022-11-21 12:30:42,604
36639 | 34705 | ACK | 17 | 2022-11-21 12:30:43,145
34705 | 36639 | DATA | 5 | CONGESTION AVOIDANCE | 1000 | 2022-11-21 12:30:43,145
57857 | 57589 | ACK | 17 | 2022-11-21 12:30:43,458
57589 | 57857 | DATA | 2 | SLOW START | 1000 | 2022-11-21 12:30:43,458
57857 | 57589 | ACK | 17 | 2022-11-21 12:30:43,999
57589 | 57857 | DATA | 2 | SLOW START | 1000 | 2022-11-21 12:30:43,999
36639 | 34705 | ACK | 17 | 2022-11-21 12:30:44,127
34705 | 36639 | DATA | 5 | CONGESTION AVOIDANCE | 1000 | 2022-11-21 12:30:44,127
36639 | 34705 | ACK | 17 | 2022-11-21 12:30:44,127
34705 | 36639 | DATA | 5 | CONGESTION AVOIDANCE | 1000 | 2022-11-21 12:30:44,127
57857 | 57589 | ACK | 17 | 2022-11-21 12:30:44,530
57589 | 57857 | DATA | 3 | CONGESTION AVOIDANCE | 1000 | 2022-11-21 12:30:44,530
36639 | 34705 | ACK | 17 | 2022-11-21 12:30:44,919
34705 | 36639 | DATA | 5 | CONGESTION AVOIDANCE | 1000 | 2022-11-21 12:30:44,919
36639 | 34705 | ACK | 17 | 2022-11-21 12:30:44,919
34705 | 36639 | DATA | 5 | CONGESTION AVOIDANCE | 1000 | 2022-11-21 12:30:44,919
57857 | 57589 | ACK | 17 | 2022-11-21 12:30:45,372
57589 | 57857 | DATA | 3 | CONGESTION AVOIDANCE | 1000 | 2022-11-21 12:30:45,372
57857 | 57589 | ACK | 17 | 2022-11-21 12:30:45,372
57589 | 57857 | DATA | 3 | CONGESTION AVOIDANCE | 1000 | 2022-11-21 12:30:45,372
36639 | 34705 | ACK | 17 | 2022-11-21 12:30:45,891
34705 | 36639 | DATA | 6 | CONGESTION AVOIDANCE | 1000 | 2022-11-21 12:30:45,891
57857 | 57589 | ACK | 17 | 2022-11-21 12:30:46,354
57589 | 57857 | DATA | 4 | CONGESTION AVOIDANCE | 1000 | 2022-11-21 12:30:46,354
36639 | 34705 | ACK | 17 | 2022-11-21 12:30:46,843
34705 | 36639 | DATA | 6 | CONGESTION AVOIDANCE | 1000 | 2022-11-21 12:30:46,843
57857 | 57589 | ACK | 17 | 2022-11-21 12:30:47,356
57589 | 57857 | DATA | 2 | SLOW START | 1000 | 2022-11-21 12:30:47,356
57857 | 57589 | ACK | 17 | 2022-11-21 12:30:47,356
57589 | 57857 | DATA | 2 | SLOW START | 1000 | 2022-11-21 12:30:47,356
57857 | 57589 | ACK | 17 | 2022-11-21 12:30:47,357
57589 | 57857 | DATA | 3 | CONGESTION AVOIDANCE | 1000 | 2022-11-21 12:30:47,357
57857 | 57589 | ACK | 17 | 2022-11-21 12:30:47,357
57589 | 57857 | DATA | 3 | CONGESTION AVOIDANCE | 1000 | 2022-11-21 12:30:47,357
57857 | 57589 | ACK | 17 | 2022-11-21 12:30:47,357
57589 | 57857 | DATA | 3 | CONGESTION AVOIDANCE | 1000 | 2022-11-21 12:30:47,357
57857 | 57589 | ACK | 17 | 2022-11-21 12:30:47,358
57589 | 57857 | DATA | 4 | CONGESTION AVOIDANCE | 1000 | 2022-11-21 12:30:47,358
36639 | 34705 | ACK | 17 | 2022-11-21 12:30:47,744
34705 | 36639 | DATA | 6 | CONGESTION AVOIDANCE | 1000 | 2022-11-21 12:30:47,744
57857 | 57589 | ACK | 17 | 2022-11-21 12:30:48,139
57589 | 57857 | DATA | 4 | CONGESTION AVOIDANCE | 1000 | 2022-11-21 12:30:48,139
36639 | 34705 | ACK | 17 | 2022-11-21 12:30:48,725
34705 | 36639 | DATA | 6 | CONGESTION AVOIDANCE | 1000 | 2022-11-21 12:30:48,725
57857 | 57589 | ACK | 17 | 2022-11-21 12:30:48,961
57589 | 57857 | DATA | 4 | CONGESTION AVOIDANCE | 1000 | 2022-11-21 12:30:48,961
57857 | 57589 | ACK | 17 | 2022-11-21 12:30:48,961
57589 | 57857 | DATA | 4 | CONGESTION AVOIDANCE | 1000 | 2022-11-21 12:30:48,961
36639 | 34705 | ACK | 17 | 2022-11-21 12:30:49,416
34705 | 36639 | DATA | 6 | CONGESTION AVOIDANCE | 1000 | 2022-11-21 12:30:49,417
36639 | 34705 | ACK | 17 | 2022-11-21 12:30:50,088
34705 | 36639 | DATA | 6 | CONGESTION AVOIDANCE | 1000 | 2022-11-21 12:30:50,088
57857 | 57589 | ACK | 17 | 2022-11-21 12:30:50,674
57589 | 57857 | DATA | 2 | SLOW START | 1000 | 2022-11-21 12:30:50,674
57857 | 57589 | ACK | 17 | 2022-11-21 12:30:50,675
57589 | 57857 | DATA | 2 | SLOW START | 1000 | 2022-11-21 12:30:50,675
36639 | 34705 | ACK | 17 | 2022-11-21 12:30:51,070
34705 | 36639 | DATA | 7 | CONGESTION AVOIDANCE | 1000 | 2022-11-21 12:30:51,070
57857 | 57589 | ACK | 17 | 2022-11-21 12:30:51,677
57589 | 57857 | DATA | 2 | CONGESTION AVOIDANCE | 1000 | 2022-11-21 12:30:51,677
36639 | 34705 | ACK | 17 | 2022-11-21 12:30:51,951
34705 | 36639 | DATA | 7 | CONGESTION AVOIDANCE | 1000 | 2022-11-21 12:30:51,951
36639 | 34705 | ACK | 17 | 2022-11-21 12:30:51,952
34705 | 36639 | DATA | 7 | CONGESTION AVOIDANCE | 1000 | 2022-11-21 12:30:51,952
57857 | 57589 | ACK | 17 | 2022-11-21 12:30:52,328
57589 | 57857 | DATA | 2 | CONGESTION AVOIDANCE | 1000 | 2022-11-21 12:30:52,328
36639 | 34705 | ACK | 17 | 2022-11-21 12:30:52,783
34705 | 36639 | DATA | 7 | CONGESTION AVOIDANCE | 1000 | 2022-11-21 12:30:52,783
36639 | 34705 | ACK | 17 | 2022-11-21 12:30:52,784
34705 | 36639 | DATA | 7 | CONGESTION AVOIDANCE | 1000 | 2022-11-21 12:30:52,784
36639 | 34705 | ACK | 17 | 2022-11-21 12:30:52,784
34705 | 36639 | DATA | 7 | CONGESTION AVOIDANCE | 1000 | 2022-11-21 12:30:52,784
57857 | 57589 | ACK | 17 | 2022-11-21 12:30:53,010
57589 | 57857 | DATA | 3 | CONGESTION AVOIDANCE | 1000 | 2022-11-21 12:30:53,010
36639 | 34705 | ACK | 17 | 2022-11-21 12:30:53,536
34705 | 36639 | DATA | 7 | CONGESTION AVOIDANCE | 1000 | 2022-11-21 12:30:53,536
57857 | 57589 | ACK | 17 | 2022-11-21 12:30:53,581
57589 | 57857 | DATA | 3 | CONGESTION AVOIDANCE | 1000 | 2022-11-21 12:30:53,581
36639 | 34705 | ACK | 17 | 2022-11-21 12:30:54,057
34705 | 36639 | DATA | 8 | CONGESTION AVOIDANCE | 1000 | 2022-11-21 12:30:54,057
57857 | 57589 | ACK | 17 | 2022-11-21 12:30:54,283
57589 | 57857 | DATA | 3 | CONGESTION AVOIDANCE | 1000 | 2022-11-21 12:30:54,283
36639 | 34705 | ACK | 17 | 2022-11-21 12:30:54,748
34705 | 36639 | DATA | 8 | CONGESTION AVOIDANCE | 1000 | 2022-11-21 12:30:54,748
57857 | 57589 | ACK | 17 | 2022-11-21 12:30:55,285
57589 | 57857 | DATA | 2 | SLOW START | 1000 | 2022-11-21 12:30:55,285
57857 | 57589 | ACK | 17 | 2022-11-21 12:30:55,285
57589 | 57857 | DATA | 2 | SLOW START | 1000 | 2022-11-21 12:30:55,285
57857 | 57589 | ACK | 17 | 2022-11-21 12:30:55,286
57589 | 57857 | DATA | 3 | CONGESTION AVOIDANCE | 1000 | 2022-11-21 12:30:55,286
36639 | 34705 | ACK | 17 | 2022-11-21 12:30:55,470
34705 | 36639 | DATA | 8 | CONGESTION AVOIDANCE | 1000 | 2022-11-21 12:30:55,470
36639 | 34705 | ACK | 17 | 2022-11-21 12:30:55,470
34705 | 36639 | DATA | 8 | CONGESTION AVOIDANCE | 1000 | 2022-11-21 12:30:55,470
57857 | 57589 | ACK | 17 | 2022-11-21 12:30:55,967
57589 | 57857 | DATA | 3 | CONGESTION AVOIDANCE | 1000 | 2022-11-21 12:30:55,967
36639 | 34705 | ACK | 17 | 2022-11-21 12:30:57,203
34705 | 36639 | DATA | 5 | CONGESTION AVOIDANCE | 1000 | 2022-11-21 12:30:57,203
57857 | 57589 | ACK | 17 | 2022-11-21 12:30:57,740
57589 | 57857 | DATA | 2 | CONGESTION AVOIDANCE | 1000 | 2022-11-21 12:30:57,740
36639 | 34705 | ACK | 17 | 2022-11-21 12:30:57,995
34705 | 36639 | DATA | 5 | CONGESTION AVOIDANCE | 1000 | 2022-11-21 12:30:57,995
36639 | 34705 | ACK | 17 | 2022-11-21 12:30:57,995
34705 | 36639 | DATA | 5 | CONGESTION AVOIDANCE | 1000 | 2022-11-21 12:30:57,995
36639 | 34705 | ACK | 17 | 2022-11-21 12:30:57,996
34705 | 36639 | DATA | 5 | CONGESTION AVOIDANCE | 1000 | 2022-11-21 12:30:57,996
57857 | 57589 | ACK | 17 | 2022-11-21 12:30:58,742
57589 | 57857 | DATA | 2 | CONGESTION AVOIDANCE | 1000 | 2022-11-21 12:30:58,742
36639 | 34705 | ACK | 17 | 2022-11-21 12:30:59,758
34705 | 36639 | DATA | 3 | CONGESTION AVOIDANCE | 1000 | 2022-11-21 12:30:59,758
36639 | 34705 | ACK | 17 | 2022-11-21 12:31:00,640
34705 | 36639 | DATA | 3 | CONGESTION AVOIDANCE | 1000 | 2022-11-21 12:31:00,640
57857 | 57589 | ACK | 17 | 2022-11-21 12:31:00,745
57589 | 57857 | DATA | 2 | CONGESTION AVOIDANCE | 1000 | 2022-11-21 12:31:00,745
57857 | 57589 | ACK | 17 | 2022-11-21 12:31:00,745
57589 | 57857 | DATA | 2 | CONGESTION AVOIDANCE | 1000 | 2022-11-21 12:31:00,745
57857 | 57589 | ACK | 17 | 2022-11-21 12:31:00,746
57589 | 57857 | DATA | 3 | CONGESTION AVOIDANCE | 1000 | 2022-11-21 12:31:00,746
57857 | 57589 | ACK | 17 | 2022-11-21 12:31:00,746
57589 | 57857 | DATA | 3 | CONGESTION AVOIDANCE | 1000 | 2022-11-21 12:31:00,746
57857 | 57589 | ACK | 17 | 2022-11-21 12:31:00,747
57589 | 57857 | DATA | 3 | CONGESTION AVOIDANCE | 1000 | 2022-11-21 12:31:00,747
36639 | 34705 | ACK | 17 | 2022-11-21 12:31:01,642
34705 | 36639 | DATA | 2 | CONGESTION AVOIDANCE | 1000 | 2022-11-21 12:31:01,642
36639 | 34705 | ACK | 17 | 2022-11-21 12:31:01,643
34705 | 36639 | DATA | 2 | CONGESTION AVOIDANCE | 1000 | 2022-11-21 12:31:01,643
57857 | 57589 | ACK | 17 | 2022-11-21 12:31:01,708
57589 | 57857 | DATA | 4 | CONGESTION AVOIDANCE | 1000 | 2022-11-21 12:31:01,708
57857 | 57589 | ACK | 17 | 2022-11-21 12:31:01,709
57589 | 57857 | DATA | 4 | CONGESTION AVOIDANCE | 1000 | 2022-11-21 12:31:01,709
57857 | 57589 | ACK | 17 | 2022-11-21 12:31:02,700
57589 | 57857 | DATA | 4 | CONGESTION AVOIDANCE | 1000 | 2022-11-21 12:31:02,701
57857 | 57589 | ACK | 17 | 2022-11-21 12:31:02,701
57589 | 57857 | DATA | 4 | CONGESTION AVOIDANCE | 1000 | 2022-11-21 12:31:02,701
36639 | 34705 | ACK | 17 | 2022-11-21 12:31:03,215
34705 | 36639 | DATA | 2 | CONGESTION AVOIDANCE | 1000 | 2022-11-21 12:31:03,215
36639 | 34705 | ACK | 17 | 2022-11-21 12:31:03,216
34705 | 36639 | DATA | 2 | CONGESTION AVOIDANCE | 1000 | 2022-11-21 12:31:03,216
36639 | 34705 | ACK | 17 | 2022-11-21 12:31:03,216
34705 | 36639 | DATA | 3 | CONGESTION AVOIDANCE | 1000 | 2022-11-21 12:31:03,216
57857 | 57589 | ACK | 17 | 2022-11-21 12:31:03,593
57589 | 57857 | DATA | 5 | CONGESTION AVOIDANCE | 1000 | 2022-11-21 12:31:03,593
36639 | 34705 | ACK | 17 | 2022-11-21 12:31:04,108
34705 | 36639 | DATA | 3 | CONGESTION AVOIDANCE | 1000 | 2022-11-21 12:31:04,108
57857 | 57589 | ACK | 17 | 2022-11-21 12:31:04,294
57589 | 57857 | DATA | 5 | CONGESTION AVOIDANCE | 1000 | 2022-11-21 12:31:04,294
34705 | 36639 | DATA | 2 | CONGESTION AVOIDANCE | 1000 | 2022-11-21 12:31:05,110
36639 | 34705 | ACK | 17 | 2022-11-21 12:31:05,110
36639 | 34705 | ACK | 17 | 2022-11-21 12:31:06,081
34705 | 36639 | DATA | 2 | CONGESTION AVOIDANCE | 1000 | 2022-11-21 12:31:06,081
57857 | 57589 | ACK | 17 | 2022-11-21 12:31:06,267
57589 | 57857 | DATA | 2 | SLOW START | 1000 | 2022-11-21 12:31:06,267
57857 | 57589 | ACK | 17 | 2022-11-21 12:31:06,268
57589 | 57857 | DATA | 2 | SLOW START | 1000 | 2022-11-21 12:31:06,268
36639 | 34705 | ACK | 17 | 2022-11-21 12:31:06,833
34705 | 36639 | DATA | 3 | CONGESTION AVOIDANCE | 1000 | 2022-11-21 12:31:06,833
57857 | 57589 | ACK | 17 | 2022-11-21 12:31:06,939
57589 | 57857 | DATA | 3 | CONGESTION AVOIDANCE | 1000 | 2022-11-21 12:31:06,939
36639 | 34705 | ACK | 17 | 2022-11-21 12:31:07,524
34705 | 36639 | DATA | 3 | CONGESTION AVOIDANCE | 1000 | 2022-11-21 12:31:07,524
36639 | 34705 | ACK | 17 | 2022-11-21 12:31:07,525
34705 | 36639 | DATA | 3 | CONGESTION AVOIDANCE | 1000 | 2022-11-21 12:31:07,525
57857 | 57589 | ACK | 17 | 2022-11-21 12:31:07,771
57589 | 57857 | DATA | 3 | CONGESTION AVOIDANCE | 1000 | 2022-11-21 12:31:07,771
36639 | 34705 | ACK | 17 | 2022-11-21 12:31:08,126
34705 | 36639 | DATA | 4 | CONGESTION AVOIDANCE | 1000 | 2022-11-21 12:31:08,126
57857 | 57589 | ACK | 17 | 2022-11-21 12:31:08,392
57589 | 57857 | DATA | 3 | CONGESTION AVOIDANCE | 1000 | 2022-11-21 12:31:08,392
34705 | 36639 | DATA | 3 | CONGESTION AVOIDANCE | 1000 | 2022-11-21 12:31:09,128
36639 | 34705 | ACK | 17 | 2022-11-21 12:31:09,128
36639 | 34705 | ACK | 17 | 2022-11-21 12:31:09,128
34705 | 36639 | DATA | 3 | CONGESTION AVOIDANCE | 1000 | 2022-11-21 12:31:09,129
57857 | 57589 | ACK | 17 | 2022-11-21 12:31:09,173
57589 | 57857 | DATA | 4 | CONGESTION AVOIDANCE | 1000 | 2022-11-21 12:31:09,174
36639 | 34705 | ACK | 17 | 2022-11-21 12:31:09,760
34705 | 36639 | DATA | 3 | CONGESTION AVOIDANCE | 1000 | 2022-11-21 12:31:09,760
36639 | 34705 | ACK | 17 | 2022-11-21 12:31:09,760
34705 | 36639 | DATA | 4 | CONGESTION AVOIDANCE | 1000 | 2022-11-21 12:31:09,760
57857 | 57589 | ACK | 17 | 2022-11-21 12:31:10,175
57589 | 57857 | DATA | 2 | SLOW START | 1000 | 2022-11-21 12:31:10,175
36639 | 34705 | ACK | 17 | 2022-11-21 12:31:10,552
34705 | 36639 | DATA | 4 | CONGESTION AVOIDANCE | 1000 | 2022-11-21 12:31:10,552
57857 | 57589 | ACK | 17 | 2022-11-21 12:31:11,177
57589 | 57857 | DATA | 2 | CONGESTION AVOIDANCE | 1000 | 2022-11-21 12:31:11,177
36639 | 34705 | ACK | 17 | 2022-11-21 12:31:11,413
34705 | 36639 | DATA | 4 | CONGESTION AVOIDANCE | 1000 | 2022-11-21 12:31:11,414
36639 | 34705 | ACK | 17 | 2022-11-21 12:31:11,414
34705 | 36639 | DATA | 4 | CONGESTION AVOIDANCE | 1000 | 2022-11-21 12:31:11,414
36639 | 34705 | ACK | 17 | 2022-11-21 12:31:11,414
34705 | 36639 | DATA | 5 | CONGESTION AVOIDANCE | 1000 | 2022-11-21 12:31:11,414
57857 | 57589 | ACK | 17 | 2022-11-21 12:31:11,899
57589 | 57857 | DATA | 2 | CONGESTION AVOIDANCE | 1000 | 2022-11-21 12:31:11,899
57857 | 57589 | ACK | 17 | 2022-11-21 12:31:11,899
57589 | 57857 | DATA | 3 | CONGESTION AVOIDANCE | 1000 | 2022-11-21 12:31:11,899
36639 | 34705 | ACK | 17 | 2022-11-21 12:31:12,056
34705 | 36639 | DATA | 5 | CONGESTION AVOIDANCE | 1000 | 2022-11-21 12:31:12,056
36639 | 34705 | ACK | 17 | 2022-11-21 12:31:12,597
34705 | 36639 | DATA | 5 | CONGESTION AVOIDANCE | 1000 | 2022-11-21 12:31:12,597
57857 | 57589 | ACK | 17 | 2022-11-21 12:31:12,771
57589 | 57857 | DATA | 3 | CONGESTION AVOIDANCE | 1000 | 2022-11-21 12:31:12,771
36639 | 34705 | ACK | 17 | 2022-11-21 12:31:13,429
34705 | 36639 | DATA | 5 | CONGESTION AVOIDANCE | 1000 | 2022-11-21 12:31:13,429
57857 | 57589 | ACK | 17 | 2022-11-21 12:31:13,442
57589 | 57857 | DATA | 3 | CONGESTION AVOIDANCE | 1000 | 2022-11-21 12:31:13,442
36639 | 34705 | ACK | 17 | 2022-11-21 12:31:14,381
34705 | 36639 | DATA | 5 | CONGESTION AVOIDANCE | 1000 | 2022-11-21 12:31:14,381
57857 | 57589 | ACK | 17 | 2022-11-21 12:31:14,443
57589 | 57857 | DATA | 2 | SLOW START | 1000 | 2022-11-21 12:31:14,443
57857 | 57589 | ACK | 17 | 2022-11-21 12:31:14,444
57589 | 57857 | DATA | 2 | SLOW START | 1000 | 2022-11-21 12:31:14,444
57857 | 57589 | ACK | 17 | 2022-11-21 12:31:14,444
57589 | 57857 | DATA | 3 | CONGESTION AVOIDANCE | 1000 | 2022-11-21 12:31:14,444
57857 | 57589 | ACK | 17 | 2022-11-21 12:31:14,445
57589 | 57857 | DATA | 3 | CONGESTION AVOIDANCE | 1000 | 2022-11-21 12:31:14,445
57857 | 57589 | ACK | 17 | 2022-11-21 12:31:14,445
57589 | 57857 | DATA | 3 | CONGESTION AVOIDANCE | 1000 | 2022-11-21 12:31:14,446
57857 | 57589 | ACK | 17 | 2022-11-21 12:31:14,447
57589 | 57857 | DATA | 4 | CONGESTION AVOIDANCE | 1000 | 2022-11-21 12:31:14,447
57857 | 57589 | ACK | 17 | 2022-11-21 12:31:14,448
57589 | 57857 | DATA | 4 | CONGESTION AVOIDANCE | 1000 | 2022-11-21 12:31:14,448
36639 | 34705 | ACK | 17 | 2022-11-21 12:31:15,263
34705 | 36639 | DATA | 6 | CONGESTION AVOIDANCE | 1000 | 2022-11-21 12:31:15,263
36639 | 34705 | ACK | 17 | 2022-11-21 12:31:15,264
34705 | 36639 | DATA | 6 | CONGESTION AVOIDANCE | 1000 | 2022-11-21 12:31:15,264
57857 | 57589 | ACK | 17 | 2022-11-21 12:31:16,131
57589 | 57857 | DATA | 2 | SLOW START | 1000 | 2022-11-21 12:31:16,131
34705 | 36639 | DATA | 6 | CONGESTION AVOIDANCE | 1000 | 2022-11-21 12:31:16,255
36639 | 34705 | ACK | 17 | 2022-11-21 12:31:16,255
57857 | 57589 | ACK | 17 | 2022-11-21 12:31:16,782
57589 | 57857 | DATA | 2 | SLOW START | 1000 | 2022-11-21 12:31:16,782
57857 | 57589 | ACK | 17 | 2022-11-21 12:31:16,783
57589 | 57857 | DATA | 3 | CONGESTION AVOIDANCE | 1000 | 2022-11-21 12:31:16,783
57857 | 57589 | ACK | 17 | 2022-11-21 12:31:16,783
57589 | 57857 | DATA | 3 | CONGESTION AVOIDANCE | 1000 | 2022-11-21 12:31:16,783
36639 | 34705 | ACK | 17 | 2022-11-21 12:31:16,997
34705 | 36639 | DATA | 6 | CONGESTION AVOIDANCE | 1000 | 2022-11-21 12:31:16,997
57857 | 57589 | ACK | 17 | 2022-11-21 12:31:17,515
57589 | 57857 | DATA | 3 | CONGESTION AVOIDANCE | 1000 | 2022-11-21 12:31:17,515
57857 | 57589 | ACK | 17 | 2022-11-21 12:31:17,515
57589 | 57857 | DATA | 4 | CONGESTION AVOIDANCE | 1000 | 2022-11-21 12:31:17,515
36639 | 34705 | ACK | 17 | 2022-11-21 12:31:17,678
34705 | 36639 | DATA | 6 | CONGESTION AVOIDANCE | 1000 | 2022-11-21 12:31:17,678
36639 | 34705 | ACK | 17 | 2022-11-21 12:31:18,409
34705 | 36639 | DATA | 6 | CONGESTION AVOIDANCE | 1000 | 2022-11-21 12:31:18,409
36639 | 34705 | ACK | 17 | 2022-11-21 12:31:19,321
34705 | 36639 | DATA | 7 | CONGESTION AVOIDANCE | 1000 | 2022-11-21 12:31:19,321
36639 | 34705 | ACK | 17 | 2022-11-21 12:31:19,322
34705 | 36639 | DATA | 7 | CONGESTION AVOIDANCE | 1000 | 2022-11-21 12:31:19,322
36639 | 34705 | ACK | 17 | 2022-11-21 12:31:19,322
34705 | 36639 | DATA | 7 | CONGESTION AVOIDANCE | 1000 | 2022-11-21 12:31:19,322
36639 | 34705 | ACK | 17 | 2022-11-21 12:31:19,323
34705 | 36639 | DATA | 7 | CONGESTION AVOIDANCE | 1000 | 2022-11-21 12:31:19,323
36639 | 34705 | ACK | 17 | 2022-11-21 12:31:19,323
34705 | 36639 | DATA | 7 | CONGESTION AVOIDANCE | 1000 | 2022-11-21 12:31:19,323
36639 | 34705 | ACK | 17 | 2022-11-21 12:31:19,324
34705 | 36639 | DATA | 7 | CONGESTION AVOIDANCE | 1000 | 2022-11-21 12:31:19,324
57857 | 57589 | ACK | 17 | 2022-11-21 12:31:19,468
57589 | 57857 | DATA | 2 | SLOW START | 1000 | 2022-11-21 12:31:19,468
57857 | 57589 | ACK | 17 | 2022-11-21 12:31:20,030
57589 | 57857 | DATA | 2 | SLOW START | 1000 | 2022-11-21 12:31:20,030
36639 | 34705 | ACK | 17 | 2022-11-21 12:31:20,325
34705 | 36639 | DATA | 4 | CONGESTION AVOIDANCE | 1000 | 2022-11-21 12:31:20,325
36639 | 34705 | ACK | 17 | 2022-11-21 12:31:20,326
34705 | 36639 | DATA | 4 | CONGESTION AVOIDANCE | 1000 | 2022-11-21 12:31:20,326
36639 | 34705 | ACK | 17 | 2022-11-21 12:31:21,237
34705 | 36639 | DATA | 4 | CONGESTION AVOIDANCE | 1000 | 2022-11-21 12:31:21,238
57857 | 57589 | ACK | 17 | 2022-11-21 12:31:21,542
57589 | 57857 | DATA | 2 | CONGESTION AVOIDANCE | 1000 | 2022-11-21 12:31:21,542
57857 | 57589 | ACK | 17 | 2022-11-21 12:31:21,543
57589 | 57857 | DATA | 2 | CONGESTION AVOIDANCE | 1000 | 2022-11-21 12:31:21,543
57857 | 57589 | ACK | 17 | 2022-11-21 12:31:21,543
57589 | 57857 | DATA | 3 | CONGESTION AVOIDANCE | 1000 | 2022-11-21 12:31:21,543
36639 | 34705 | ACK | 17 | 2022-11-21 12:31:21,779
34705 | 36639 | DATA | 4 | CONGESTION AVOIDANCE | 1000 | 2022-11-21 12:31:21,779
57857 | 57589 | ACK | 17 | 2022-11-21 12:31:22,395
57589 | 57857 | DATA | 3 | CONGESTION AVOIDANCE | 1000 | 2022-11-21 12:31:22,395
36639 | 34705 | ACK | 17 | 2022-11-21 12:31:22,730
34705 | 36639 | DATA | 5 | CONGESTION AVOIDANCE | 1000 | 2022-11-21 12:31:22,731
36639 | 34705 | ACK | 17 | 2022-11-21 12:31:22,731
34705 | 36639 | DATA | 5 | CONGESTION AVOIDANCE | 1000 | 2022-11-21 12:31:22,731
36639 | 34705 | ACK | 17 | 2022-11-21 12:31:22,731
34705 | 36639 | DATA | 5 | CONGESTION AVOIDANCE | 1000 | 2022-11-21 12:31:22,731
57857 | 57589 | ACK | 17 | 2022-11-21 12:31:23,066
57589 | 57857 | DATA | 3 | CONGESTION AVOIDANCE | 1000 | 2022-11-21 12:31:23,066
57857 | 57589 | ACK | 17 | 2022-11-21 12:31:23,067
57589 | 57857 | DATA | 4 | CONGESTION AVOIDANCE | 1000 | 2022-11-21 12:31:23,067
57857 | 57589 | ACK | 17 | 2022-11-21 12:31:23,658
57589 | 57857 | DATA | 4 | CONGESTION AVOIDANCE | 1000 | 2022-11-21 12:31:23,658
57857 | 57589 | ACK | 17 | 2022-11-21 12:31:24,340
57589 | 57857 | DATA | 4 | CONGESTION AVOIDANCE | 1000 | 2022-11-21 12:31:24,340
36639 | 34705 | ACK | 17 | 2022-11-21 12:31:24,544
34705 | 36639 | DATA | 3 | CONGESTION AVOIDANCE | 1000 | 2022-11-21 12:31:24,544
36639 | 34705 | ACK | 17 | 2022-11-21 12:31:24,545
34705 | 36639 | DATA | 3 | CONGESTION AVOIDANCE | 1000 | 2022-11-21 12:31:24,545
57857 | 57589 | ACK | 17 | 2022-11-21 12:31:24,921
57589 | 57857 | DATA | 4 | CONGESTION AVOIDANCE | 1000 | 2022-11-21 12:31:24,921
57857 | 57589 | ACK | 17 | 2022-11-21 12:31:24,922
57589 | 57857 | DATA | 5 | CONGESTION AVOIDANCE | 1000 | 2022-11-21 12:31:24,922
36639 | 34705 | ACK | 17 | 2022-11-21 12:31:25,056
34705 | 36639 | DATA | 3 | CONGESTION AVOIDANCE | 1000 | 2022-11-21 12:31:25,056
36639 | 34705 | ACK | 17 | 2022-11-21 12:31:25,707
34705 | 36639 | DATA | 4 | CONGESTION AVOIDANCE | 1000 | 2022-11-21 12:31:25,707
36639 | 34705 | ACK | 17 | 2022-11-21 12:31:25,708
34705 | 36639 | DATA | 4 | CONGESTION AVOIDANCE | 1000 | 2022-11-21 12:31:25,708
57857 | 57589 | ACK | 17 | 2022-11-21 12:31:25,763
57589 | 57857 | DATA | 5 | CONGESTION AVOIDANCE | 1000 | 2022-11-21 12:31:25,763
36639 | 34705 | ACK | 17 | 2022-11-21 12:31:26,229
34705 | 36639 | DATA | 4 | CONGESTION AVOIDANCE | 1000 | 2022-11-21 12:31:26,229
36639 | 34705 | ACK | 17 | 2022-11-21 12:31:26,229
34705 | 36639 | DATA | 4 | CONGESTION AVOIDANCE | 1000 | 2022-11-21 12:31:26,230
57857 | 57589 | ACK | 17 | 2022-11-21 12:31:26,495
57589 | 57857 | DATA | 5 | CONGESTION AVOIDANCE | 1000 | 2022-11-21 12:31:26,495
36639 | 34705 | ACK | 17 | 2022-11-21 12:31:26,761
34705 | 36639 | DATA | 5 | CONGESTION AVOIDANCE | 1000 | 2022-11-21 12:31:26,761
57857 | 57589 | ACK | 17 | 2022-11-21 12:31:27,136
57589 | 57857 | DATA | 5 | CONGESTION AVOIDANCE | 1000 | 2022-11-21 12:31:27,136
57857 | 57589 | ACK | 17 | 2022-11-21 12:31:27,137
57589 | 57857 | DATA | 5 | CONGESTION AVOIDANCE | 1000 | 2022-11-21 12:31:27,137
57857 | 57589 | ACK | 17 | 2022-11-21 12:31:27,678
57589 | 57857 | DATA | 6 | CONGESTION AVOIDANCE | 1000 | 2022-11-21 12:31:27,678
36639 | 34705 | ACK | 17 | 2022-11-21 12:31:27,732
34705 | 36639 | DATA | 5 | CONGESTION AVOIDANCE | 1000 | 2022-11-21 12:31:27,733
36639 | 34705 | ACK | 17 | 2022-11-21 12:31:28,434
34705 | 36639 | DATA | 5 | CONGESTION AVOIDANCE | 1000 | 2022-11-21 12:31:28,434
36639 | 34705 | ACK | 17 | 2022-11-21 12:31:28,434
34705 | 36639 | DATA | 5 | CONGESTION AVOIDANCE | 1000 | 2022-11-21 12:31:28,434
57857 | 57589 | ACK | 17 | 2022-11-21 12:31:28,579
57589 | 57857 | DATA | 6 | CONGESTION AVOIDANCE | 1000 | 2022-11-21 12:31:28,579
36639 | 34705 | ACK | 17 | 2022-11-21 12:31:29,225
34705 | 36639 | DATA | 5 | CONGESTION AVOIDANCE | 1000 | 2022-11-21 12:31:29,225
57857 | 57589 | ACK | 17 | 2022-11-21 12:31:29,231
57589 | 57857 | DATA | 6 | CONGESTION AVOIDANCE | 1000 | 2022-11-21 12:31:29,231
36639 | 34705 | ACK | 17 | 2022-11-21 12:31:29,826
34705 | 36639 | DATA | 6 | CONGESTION AVOIDANCE | 1000 | 2022-11-21 12:31:29,827
36639 | 34705 | ACK | 17 | 2022-11-21 12:31:29,827
34705 | 36639 | DATA | 6 | CONGESTION AVOIDANCE | 1000 | 2022-11-21 12:31:29,827
57857 | 57589 | ACK | 17 | 2022-11-21 12:31:30,233
57589 | 57857 | DATA | 2 | SLOW START | 1000 | 2022-11-21 12:31:30,233
36639 | 34705 | ACK | 17 | 2022-11-21 12:31:30,478
34705 | 36639 | DATA | 6 | CONGESTION AVOIDANCE | 1000 | 2022-11-21 12:31:30,478
36639 | 34705 | ACK | 17 | 2022-11-21 12:31:30,479
34705 | 36639 | DATA | 6 | CONGESTION AVOIDANCE | 1000 | 2022-11-21 12:31:30,479
57857 | 57589 | ACK | 17 | 2022-11-21 12:31:30,904
57589 | 57857 | DATA | 2 | SLOW START | 1000 | 2022-11-21 12:31:30,904
57857 | 57589 | ACK | 17 | 2022-11-21 12:31:30,905
57589 | 57857 | DATA | 4 | SLOW START | 1000 | 2022-11-21 12:31:30,905
36639 | 34705 | ACK | 17 | 2022-11-21 12:31:31,330
34705 | 36639 | DATA | 6 | CONGESTION AVOIDANCE | 1000 | 2022-11-21 12:31:31,330
36639 | 34705 | ACK | 17 | 2022-11-21 12:31:31,331
34705 | 36639 | DATA | 6 | CONGESTION AVOIDANCE | 1000 | 2022-11-21 12:31:31,331
36639 | 34705 | ACK | 17 | 2022-11-21 12:31:31,331
34705 | 36639 | DATA | 7 | CONGESTION AVOIDANCE | 1000 | 2022-11-21 12:31:31,331
36639 | 34705 | ACK | 17 | 2022-11-21 12:31:31,332
34705 | 36639 | DATA | 7 | CONGESTION AVOIDANCE | 1000 | 2022-11-21 12:31:31,332
36639 | 34705 | ACK | 17 | 2022-11-21 12:31:31,332
34705 | 36639 | DATA | 7 | CONGESTION AVOIDANCE | 1000 | 2022-11-21 12:31:31,332
36639 | 34705 | ACK | 17 | 2022-11-21 12:31:31,333
34705 | 36639 | DATA | 7 | CONGESTION AVOIDANCE | 1000 | 2022-11-21 12:31:31,333
57857 | 57589 | ACK | 17 | 2022-11-21 12:31:31,877
57589 | 57857 | DATA | 4 | SLOW START | 1000 | 2022-11-21 12:31:31,877
36639 | 34705 | ACK | 17 | 2022-11-21 12:31:31,894
34705 | 36639 | DATA | 7 | CONGESTION AVOIDANCE | 1000 | 2022-11-21 12:31:31,894
36639 | 34705 | ACK | 17 | 2022-11-21 12:31:32,865
34705 | 36639 | DATA | 7 | CONGESTION AVOIDANCE | 1000 | 2022-11-21 12:31:32,865
36639 | 34705 | ACK | 17 | 2022-11-21 12:31:33,557
34705 | 36639 | DATA | 7 | CONGESTION AVOIDANCE | 1000 | 2022-11-21 12:31:33,557
36639 | 34705 | ACK | 17 | 2022-11-21 12:31:33,557
34705 | 36639 | DATA | 8 | CONGESTION AVOIDANCE | 1000 | 2022-11-21 12:31:33,557
36639 | 34705 | ACK | 17 | 2022-11-21 12:31:33,558
34705 | 36639 | DATA | 8 | CONGESTION AVOIDANCE | 1000 | 2022-11-21 12:31:33,558
57857 | 57589 | ACK | 17 | 2022-11-21 12:31:33,759
57589 | 57857 | DATA | 2 | SLOW START | 1000 | 2022-11-21 12:31:33,759
57857 | 57589 | ACK | 17 | 2022-11-21 12:31:33,760
57589 | 57857 | DATA | 2 | SLOW START | 1000 | 2022-11-21 12:31:33,760
36639 | 34705 | ACK | 17 | 2022-11-21 12:31:34,119
34705 | 36639 | DATA | 8 | CONGESTION AVOIDANCE | 1000 | 2022-11-21 12:31:34,119
57857 | 57589 | ACK | 17 | 2022-11-21 12:31:34,441
57589 | 57857 | DATA | 3 | CONGESTION AVOIDANCE | 1000 | 2022-11-21 12:31:34,441
36639 | 34705 | ACK | 17 | 2022-11-21 12:31:35,101
34705 | 36639 | DATA | 8 | CONGESTION AVOIDANCE | 1000 | 2022-11-21 12:31:35,101
36639 | 34705 | ACK | 17 | 2022-11-21 12:31:35,102
34705 | 36639 | DATA | 8 | CONGESTION AVOIDANCE | 1000 | 2022-11-21 12:31:35,102
36639 | 34705 | ACK | 17 | 2022-11-21 12:31:35,613
34705 | 36639 | DATA | 8 | CONGESTION AVOIDANCE | 1000 | 2022-11-21 12:31:35,613
57857 | 57589 | ACK | 17 | 2022-11-21 12:31:36,304
57589 | 57857 | DATA | 2 | CONGESTION AVOIDANCE | 1000 | 2022-11-21 12:31:36,305
57857 | 57589 | ACK | 17 | 2022-11-21 12:31:36,305
57589 | 57857 | DATA | 2 | CONGESTION AVOIDANCE | 1000 | 2022-11-21 12:31:36,305
36639 | 34705 | ACK | 17 | 2022-11-21 12:31:36,445
34705 | 36639 | DATA | 8 | CONGESTION AVOIDANCE | 1000 | 2022-11-21 12:31:36,445
36639 | 34705 | ACK | 17 | 2022-11-21 12:31:36,445
34705 | 36639 | DATA | 8 | CONGESTION AVOIDANCE | 1000 | 2022-11-21 12:31:36,445
57857 | 57589 | ACK | 17 | 2022-11-21 12:31:37,037
57589 | 57857 | DATA | 3 | CONGESTION AVOIDANCE | 1000 | 2022-11-21 12:31:37,037
36639 | 34705 | ACK | 17 | 2022-11-21 12:31:37,177
34705 | 36639 | DATA | 9 | CONGESTION AVOIDANCE | 1000 | 2022-11-21 12:31:37,177
57589 | 57857 | DATA | 3 | CONGESTION AVOIDANCE | 1000 | 2022-11-21 12:31:37,768
57857 | 57589 | ACK | 17 | 2022-11-21 12:31:37,768
36639 | 34705 | ACK | 17 | 2022-11-21 12:31:37,888
34705 | 36639 | DATA | 9 | CONGESTION AVOIDANCE | 1000 | 2022-11-21 12:31:37,888
36639 | 34705 | ACK | 17 | 2022-11-21 12:31:38,500
34705 | 36639 | DATA | 9 | CONGESTION AVOIDANCE | 1000 | 2022-11-21 12:31:38,500
57857 | 57589 | ACK | 17 | 2022-11-21 12:31:38,700
57589 | 57857 | DATA | 3 | CONGESTION AVOIDANCE | 1000 | 2022-11-21 12:31:38,700
57857 | 57589 | ACK | 17 | 2022-11-21 12:31:38,700
57589 | 57857 | DATA | 4 | CONGESTION AVOIDANCE | 1000 | 2022-11-21 12:31:38,700
57857 | 57589 | ACK | 17 | 2022-11-21 12:31:38,701
57589 | 57857 | DATA | 4 | CONGESTION AVOIDANCE | 1000 | 2022-11-21 12:31:38,701
36639 | 34705 | ACK | 17 | 2022-11-21 12:31:39,091
34705 | 36639 | DATA | 9 | CONGESTION AVOIDANCE | 1000 | 2022-11-21 12:31:39,091
57857 | 57589 | ACK | 17 | 2022-11-21 12:31:39,422
57589 | 57857 | DATA | 4 | CONGESTION AVOIDANCE | 1000 | 2022-11-21 12:31:39,423
57857 | 57589 | ACK | 17 | 2022-11-21 12:31:39,423
57589 | 57857 | DATA | 4 | CONGESTION AVOIDANCE | 1000 | 2022-11-21 12:31:39,423
57857 | 57589 | ACK | 17 | 2022-11-21 12:31:39,424
57589 | 57857 | DATA | 5 | CONGESTION AVOIDANCE | 1000 | 2022-11-21 12:31:39,424
36639 | 34705 | ACK | 17 | 2022-11-21 12:31:40,093
34705 | 36639 | DATA | 5 | CONGESTION AVOIDANCE | 1000 | 2022-11-21 12:31:40,093
57857 | 57589 | ACK | 17 | 2022-11-21 12:31:40,235
57589 | 57857 | DATA | 5 | CONGESTION AVOIDANCE | 1000 | 2022-11-21 12:31:40,235
36639 | 34705 | ACK | 17 | 2022-11-21 12:31:41,065
34705 | 36639 | DATA | 5 | CONGESTION AVOIDANCE | 1000 | 2022-11-21 12:31:41,065
57857 | 57589 | ACK | 17 | 2022-11-21 12:31:41,157
57589 | 57857 | DATA | 5 | CONGESTION AVOIDANCE | 1000 | 2022-11-21 12:31:41,157
57857 | 57589 | ACK | 17 | 2022-11-21 12:31:41,157
57589 | 57857 | DATA | 5 | CONGESTION AVOIDANCE | 1000 | 2022-11-21 12:31:41,157
57857 | 57589 | ACK | 17 | 2022-11-21 12:31:41,848
57589 | 57857 | DATA | 5 | CONGESTION AVOIDANCE | 1000 | 2022-11-21 12:31:41,848
57857 | 57589 | ACK | 17 | 2022-11-21 12:31:41,849
57589 | 57857 | DATA | 6 | CONGESTION AVOIDANCE | 1000 | 2022-11-21 12:31:41,849
57857 | 57589 | ACK | 17 | 2022-11-21 12:31:41,849
57589 | 57857 | DATA | 6 | CONGESTION AVOIDANCE | 1000 | 2022-11-21 12:31:41,849
57857 | 57589 | ACK | 17 | 2022-11-21 12:31:41,850
57589 | 57857 | DATA | 6 | CONGESTION AVOIDANCE | 1000 | 2022-11-21 12:31:41,850
57857 | 57589 | ACK | 17 | 2022-11-21 12:31:42,671
57589 | 57857 | DATA | 6 | CONGESTION AVOIDANCE | 1000 | 2022-11-21 12:31:42,671
36639 | 34705 | ACK | 17 | 2022-11-21 12:31:42,968
34705 | 36639 | DATA | 3 | CONGESTION AVOIDANCE | 1000 | 2022-11-21 12:31:42,968
57857 | 57589 | ACK | 17 | 2022-11-21 12:31:43,513
57589 | 57857 | DATA | 6 | CONGESTION AVOIDANCE | 1000 | 2022-11-21 12:31:43,513
57857 | 57589 | ACK | 17 | 2022-11-21 12:31:43,513
57589 | 57857 | DATA | 6 | CONGESTION AVOIDANCE | 1000 | 2022-11-21 12:31:43,513
57857 | 57589 | ACK | 17 | 2022-11-21 12:31:43,514
57589 | 57857 | DATA | 7 | CONGESTION AVOIDANCE | 1000 | 2022-11-21 12:31:43,514
36639 | 34705 | ACK | 17 | 2022-11-21 12:31:43,589
34705 | 36639 | DATA | 3 | CONGESTION AVOIDANCE | 1000 | 2022-11-21 12:31:43,589
36639 | 34705 | ACK | 17 | 2022-11-21 12:31:44,131
34705 | 36639 | DATA | 3 | CONGESTION AVOIDANCE | 1000 | 2022-11-21 12:31:44,131
57857 | 57589 | ACK | 17 | 2022-11-21 12:31:44,385
57589 | 57857 | DATA | 7 | CONGESTION AVOIDANCE | 1000 | 2022-11-21 12:31:44,386
57857 | 57589 | ACK | 17 | 2022-11-21 12:31:44,386
57589 | 57857 | DATA | 7 | CONGESTION AVOIDANCE | 1000 | 2022-11-21 12:31:44,386
57857 | 57589 | ACK | 17 | 2022-11-21 12:31:45,007
57589 | 57857 | DATA | 7 | CONGESTION AVOIDANCE | 1000 | 2022-11-21 12:31:45,007
57857 | 57589 | ACK | 17 | 2022-11-21 12:31:45,008
57589 | 57857 | DATA | 7 | CONGESTION AVOIDANCE | 1000 | 2022-11-21 12:31:45,008
57857 | 57589 | ACK | 17 | 2022-11-21 12:31:45,008
57589 | 57857 | DATA | 7 | CONGESTION AVOIDANCE | 1000 | 2022-11-21 12:31:45,008
36639 | 34705 | ACK | 17 | 2022-11-21 12:31:45,022
34705 | 36639 | DATA | 4 | CONGESTION AVOIDANCE | 1000 | 2022-11-21 12:31:45,022
36639 | 34705 | ACK | 17 | 2022-11-21 12:31:45,023
34705 | 36639 | DATA | 4 | CONGESTION AVOIDANCE | 1000 | 2022-11-21 12:31:45,023
36639 | 34705 | ACK | 17 | 2022-11-21 12:31:45,024
34705 | 36639 | DATA | 4 | CONGESTION AVOIDANCE | 1000 | 2022-11-21 12:31:45,024
57857 | 57589 | ACK | 17 | 2022-11-21 12:31:45,850
57589 | 57857 | DATA | 7 | CONGESTION AVOIDANCE | 1000 | 2022-11-21 12:31:45,850
57857 | 57589 | ACK | 17 | 2022-11-21 12:31:45,850
57589 | 57857 | DATA | 8 | CONGESTION AVOIDANCE | 1000 | 2022-11-21 12:31:45,850
57857 | 57589 | ACK | 17 | 2022-11-21 12:31:45,851
57589 | 57857 | DATA | 8 | CONGESTION AVOIDANCE | 1000 | 2022-11-21 12:31:45,851
36639 | 34705 | ACK | 17 | 2022-11-21 12:31:45,885
34705 | 36639 | DATA | 4 | CONGESTION AVOIDANCE | 1000 | 2022-11-21 12:31:45,885
36639 | 34705 | ACK | 17 | 2022-11-21 12:31:46,487
34705 | 36639 | DATA | 5 | CONGESTION AVOIDANCE | 1000 | 2022-11-21 12:31:46,487
36639 | 34705 | ACK | 17 | 2022-11-21 12:31:47,028
34705 | 36639 | DATA | 5 | CONGESTION AVOIDANCE | 1000 | 2022-11-21 12:31:47,028
57857 | 57589 | ACK | 17 | 2022-11-21 12:31:47,583
57589 | 57857 | DATA | 2 | SLOW START | 1000 | 2022-11-21 12:31:47,584
36639 | 34705 | ACK | 17 | 2022-11-21 12:31:47,949
34705 | 36639 | DATA | 5 | CONGESTION AVOIDANCE | 1000 | 2022-11-21 12:31:47,950
57857 | 57589 | ACK | 17 | 2022-11-21 12:31:48,165
57589 | 57857 | DATA | 2 | SLOW START | 1000 | 2022-11-21 12:31:48,165
36639 | 34705 | ACK | 17 | 2022-11-21 12:31:48,461
34705 | 36639 | DATA | 5 | CONGESTION AVOIDANCE | 1000 | 2022-11-21 12:31:48,461
57857 | 57589 | ACK | 17 | 2022-11-21 12:31:48,686
57589 | 57857 | DATA | 4 | SLOW START | 1000 | 2022-11-21 12:31:48,686
57857 | 57589 | ACK | 17 | 2022-11-21 12:31:48,686
57589 | 57857 | DATA | 4 | SLOW START | 1000 | 2022-11-21 12:31:48,686
57857 | 57589 | ACK | 17 | 2022-11-21 12:31:48,687
57589 | 57857 | DATA | 4 | SLOW START | 1000 | 2022-11-21 12:31:48,687
57857 | 57589 | ACK | 17 | 2022-11-21 12:31:48,687
57589 | 57857 | DATA | 4 | SLOW START | 1000 | 2022-11-21 12:31:48,687
36639 | 34705 | ACK | 17 | 2022-11-21 12:31:49,362
34705 | 36639 | DATA | 5 | CONGESTION AVOIDANCE | 1000 | 2022-11-21 12:31:49,363
57857 | 57589 | ACK | 17 | 2022-11-21 12:31:49,439
57589 | 57857 | DATA | 5 | CONGESTION AVOIDANCE | 1000 | 2022-11-21 12:31:49,439
57857 | 57589 | ACK | 17 | 2022-11-21 12:31:49,950
57589 | 57857 | DATA | 5 | CONGESTION AVOIDANCE | 1000 | 2022-11-21 12:31:49,950
57857 | 57589 | ACK | 17 | 2022-11-21 12:31:49,951
57589 | 57857 | DATA | 5 | CONGESTION AVOIDANCE | 1000 | 2022-11-21 12:31:49,951
57857 | 57589 | ACK | 17 | 2022-11-21 12:31:49,951
57589 | 57857 | DATA | 5 | CONGESTION AVOIDANCE | 1000 | 2022-11-21 12:31:49,951
36639 | 34705 | ACK | 17 | 2022-11-21 12:31:50,204
34705 | 36639 | DATA | 5 | CONGESTION AVOIDANCE | 65 | 2022-11-21 12:31:50,204
34705 | 36639 | FIN | 15 | 2022-11-21 12:31:50,204
36639 | 34705 | ACK | 15 | 2022-11-21 12:31:50,205
57857 | 57589 | ACK | 17 | 2022-11-21 12:31:51,604
57589 | 57857 | DATA | 2 | SLOW START | 1000 | 2022-11-21 12:31:51,604
57857 | 57589 | ACK | 17 | 2022-11-21 12:31:51,604
57589 | 57857 | DATA | 2 | SLOW START | 65 | 2022-11-21 12:31:51,604
57589 | 57857 | FIN | 15 | 2022-11-21 12:31:51,605
57857 | 57589 | ACK | 15 | 2022-11-21 12:31:51,605
