39815 | 2002 | SYN | 17 | 2022-11-21 02:24:16,342
2002 | 39815 | SYN/ACK | 17 | 2022-11-21 02:24:16,342
39815 | 2002 | ACK | 17 | 2022-11-21 02:24:16,342
59460 | 36944 | DATA | 1 | SLOW START | 1000 | 2022-11-21 02:24:16,343
36944 | 59460 | ACK | 17 | 2022-11-21 02:24:17,244
59460 | 36944 | ACK | 17 | 2022-11-21 02:24:20,704
36944 | 59460 | DATA | 2 | CONGESTION AVOIDANCE | 1000 | 2022-11-21 02:24:20,704
36944 | 59460 | DATA | 2 | CONGESTION AVOIDANCE | 1000 | 2022-11-21 02:24:20,705
59460 | 36944 | ACK | 17 | 2022-11-21 02:24:20,705
59460 | 36944 | ACK | 17 | 2022-11-21 02:24:21,376
36944 | 59460 | DATA | 3 | CONGESTION AVOIDANCE | 1000 | 2022-11-21 02:24:21,376
59460 | 36944 | ACK | 17 | 2022-11-21 02:24:22,208
36944 | 59460 | DATA | 3 | CONGESTION AVOIDANCE | 1000 | 2022-11-21 02:24:22,208
59460 | 36944 | ACK | 17 | 2022-11-21 02:24:22,208
36944 | 59460 | DATA | 3 | CONGESTION AVOIDANCE | 1000 | 2022-11-21 02:24:22,208
59460 | 36944 | ACK | 17 | 2022-11-21 02:24:23,819
36944 | 59460 | DATA | 3 | CONGESTION AVOIDANCE | 1000 | 2022-11-21 02:24:23,819
59460 | 36944 | ACK | 17 | 2022-11-21 02:24:24,909
36944 | 59460 | DATA | 2 | CONGESTION AVOIDANCE | 1000 | 2022-11-21 02:24:24,909
59460 | 36944 | ACK | 17 | 2022-11-21 02:24:25,781
36944 | 59460 | DATA | 2 | CONGESTION AVOIDANCE | 1000 | 2022-11-21 02:24:25,781
59460 | 36944 | ACK | 17 | 2022-11-21 02:24:26,653
36944 | 59460 | DATA | 3 | CONGESTION AVOIDANCE | 1000 | 2022-11-21 02:24:26,653
59460 | 36944 | ACK | 17 | 2022-11-21 02:24:27,314
36944 | 59460 | DATA | 3 | CONGESTION AVOIDANCE | 1000 | 2022-11-21 02:24:27,314
59460 | 36944 | ACK | 17 | 2022-11-21 02:24:28,186
36944 | 59460 | DATA | 3 | CONGESTION AVOIDANCE | 1000 | 2022-11-21 02:24:28,186
59460 | 36944 | ACK | 17 | 2022-11-21 02:24:28,186
36944 | 59460 | DATA | 4 | CONGESTION AVOIDANCE | 1000 | 2022-11-21 02:24:28,186
59460 | 36944 | ACK | 17 | 2022-11-21 02:24:29,038
36944 | 59460 | DATA | 4 | CONGESTION AVOIDANCE | 1000 | 2022-11-21 02:24:29,038
59460 | 36944 | ACK | 17 | 2022-11-21 02:24:29,038
36944 | 59460 | DATA | 4 | CONGESTION AVOIDANCE | 1000 | 2022-11-21 02:24:29,038
59460 | 36944 | ACK | 17 | 2022-11-21 02:24:29,039
36944 | 59460 | DATA | 4 | CONGESTION AVOIDANCE | 1000 | 2022-11-21 02:24:29,039
59460 | 36944 | ACK | 17 | 2022-11-21 02:24:29,039
36944 | 59460 | DATA | 5 | CONGESTION AVOIDANCE | 1000 | 2022-11-21 02:24:29,039
59460 | 36944 | ACK | 17 | 2022-11-21 02:24:29,040
36944 | 59460 | DATA | 5 | CONGESTION AVOIDANCE | 1000 | 2022-11-21 02:24:29,040
59460 | 36944 | ACK | 17 | 2022-11-21 02:24:29,991
36944 | 59460 | DATA | 5 | CONGESTION AVOIDANCE | 1000 | 2022-11-21 02:24:29,991
59460 | 36944 | ACK | 17 | 2022-11-21 02:24:30,633
36944 | 59460 | DATA | 5 | CONGESTION AVOIDANCE | 1000 | 2022-11-21 02:24:30,633
59460 | 36944 | ACK | 17 | 2022-11-21 02:24:30,633
36944 | 59460 | DATA | 5 | CONGESTION AVOIDANCE | 1000 | 2022-11-21 02:24:30,633
36944 | 59460 | DATA | 6 | CONGESTION AVOIDANCE | 1000 | 2022-11-21 02:24:30,634
59460 | 36944 | ACK | 17 | 2022-11-21 02:24:30,634
59460 | 36944 | ACK | 17 | 2022-11-21 02:24:31,626
36944 | 59460 | DATA | 6 | CONGESTION AVOIDANCE | 1000 | 2022-11-21 02:24:31,626
59460 | 36944 | ACK | 17 | 2022-11-21 02:24:32,197
36944 | 59460 | DATA | 6 | CONGESTION AVOIDANCE | 1000 | 2022-11-21 02:24:32,197
59460 | 36944 | ACK | 17 | 2022-11-21 02:24:32,889
36944 | 59460 | DATA | 6 | CONGESTION AVOIDANCE | 1000 | 2022-11-21 02:24:32,889
59460 | 36944 | ACK | 17 | 2022-11-21 02:24:33,440
36944 | 59460 | DATA | 6 | CONGESTION AVOIDANCE | 1000 | 2022-11-21 02:24:33,440
59460 | 36944 | ACK | 17 | 2022-11-21 02:24:33,441
36944 | 59460 | DATA | 6 | CONGESTION AVOIDANCE | 1000 | 2022-11-21 02:24:33,441
59460 | 36944 | ACK | 17 | 2022-11-21 02:24:34,443
36944 | 59460 | DATA | 4 | CONGESTION AVOIDANCE | 1000 | 2022-11-21 02:24:34,443
59460 | 36944 | ACK | 17 | 2022-11-21 02:24:35,244
36944 | 59460 | DATA | 4 | CONGESTION AVOIDANCE | 1000 | 2022-11-21 02:24:35,244
59460 | 36944 | ACK | 17 | 2022-11-21 02:24:37,107
36944 | 59460 | DATA | 3 | CONGESTION AVOIDANCE | 1000 | 2022-11-21 02:24:37,107
59460 | 36944 | ACK | 17 | 2022-11-21 02:24:37,108
36944 | 59460 | DATA | 3 | CONGESTION AVOIDANCE | 1000 | 2022-11-21 02:24:37,108
59460 | 36944 | ACK | 17 | 2022-11-21 02:24:37,910
36944 | 59460 | DATA | 3 | CONGESTION AVOIDANCE | 1000 | 2022-11-21 02:24:37,910
59460 | 36944 | ACK | 17 | 2022-11-21 02:24:38,851
36944 | 59460 | DATA | 4 | CONGESTION AVOIDANCE | 1000 | 2022-11-21 02:24:38,851
59460 | 36944 | ACK | 17 | 2022-11-21 02:24:38,852
36944 | 59460 | DATA | 4 | CONGESTION AVOIDANCE | 1000 | 2022-11-21 02:24:38,852
59460 | 36944 | ACK | 17 | 2022-11-21 02:24:39,723
36944 | 59460 | DATA | 4 | CONGESTION AVOIDANCE | 1000 | 2022-11-21 02:24:39,723
59460 | 36944 | ACK | 17 | 2022-11-21 02:24:40,245
36944 | 59460 | DATA | 4 | CONGESTION AVOIDANCE | 1000 | 2022-11-21 02:24:40,245
59460 | 36944 | ACK | 17 | 2022-11-21 02:24:40,245
36944 | 59460 | DATA | 5 | CONGESTION AVOIDANCE | 1000 | 2022-11-21 02:24:40,245
59460 | 36944 | ACK | 17 | 2022-11-21 02:24:40,245
36944 | 59460 | DATA | 5 | CONGESTION AVOIDANCE | 1000 | 2022-11-21 02:24:40,245
59460 | 36944 | ACK | 17 | 2022-11-21 02:24:41,167
36944 | 59460 | DATA | 5 | CONGESTION AVOIDANCE | 1000 | 2022-11-21 02:24:41,167
59460 | 36944 | ACK | 17 | 2022-11-21 02:24:41,168
36944 | 59460 | DATA | 5 | CONGESTION AVOIDANCE | 1000 | 2022-11-21 02:24:41,168
59460 | 36944 | ACK | 17 | 2022-11-21 02:24:42,149
36944 | 59460 | DATA | 5 | CONGESTION AVOIDANCE | 1000 | 2022-11-21 02:24:42,150
59460 | 36944 | ACK | 17 | 2022-11-21 02:24:43,131
36944 | 59460 | DATA | 6 | CONGESTION AVOIDANCE | 1000 | 2022-11-21 02:24:43,131
59460 | 36944 | ACK | 17 | 2022-11-21 02:24:44,043
36944 | 59460 | DATA | 6 | CONGESTION AVOIDANCE | 1000 | 2022-11-21 02:24:44,043
59460 | 36944 | ACK | 17 | 2022-11-21 02:24:44,044
36944 | 59460 | DATA | 6 | CONGESTION AVOIDANCE | 1000 | 2022-11-21 02:24:44,044
59460 | 36944 | ACK | 17 | 2022-11-21 02:24:44,044
36944 | 59460 | DATA | 6 | CONGESTION AVOIDANCE | 1000 | 2022-11-21 02:24:44,044
59460 | 36944 | ACK | 17 | 2022-11-21 02:24:44,585
36944 | 59460 | DATA | 6 | CONGESTION AVOIDANCE | 1000 | 2022-11-21 02:24:44,585
59460 | 36944 | ACK | 17 | 2022-11-21 02:24:45,537
36944 | 59460 | DATA | 6 | CONGESTION AVOIDANCE | 1000 | 2022-11-21 02:24:45,537
59460 | 36944 | ACK | 17 | 2022-11-21 02:24:45,537
36944 | 59460 | DATA | 7 | CONGESTION AVOIDANCE | 1000 | 2022-11-21 02:24:45,538
59460 | 36944 | ACK | 17 | 2022-11-21 02:24:45,538
36944 | 59460 | DATA | 7 | CONGESTION AVOIDANCE | 1000 | 2022-11-21 02:24:45,538
59460 | 36944 | ACK | 17 | 2022-11-21 02:24:45,539
36944 | 59460 | DATA | 7 | CONGESTION AVOIDANCE | 1000 | 2022-11-21 02:24:45,539
59460 | 36944 | ACK | 17 | 2022-11-21 02:24:45,539
36944 | 59460 | DATA | 7 | CONGESTION AVOIDANCE | 1000 | 2022-11-21 02:24:45,539
59460 | 36944 | ACK | 17 | 2022-11-21 02:24:46,451
36944 | 59460 | DATA | 7 | CONGESTION AVOIDANCE | 1000 | 2022-11-21 02:24:46,451
59460 | 36944 | ACK | 17 | 2022-11-21 02:24:47,162
36944 | 59460 | DATA | 7 | CONGESTION AVOIDANCE | 1000 | 2022-11-21 02:24:47,162
59460 | 36944 | ACK | 17 | 2022-11-21 02:24:47,163
36944 | 59460 | DATA | 7 | CONGESTION AVOIDANCE | 1000 | 2022-11-21 02:24:47,163
59460 | 36944 | ACK | 17 | 2022-11-21 02:24:47,864
36944 | 59460 | DATA | 8 | CONGESTION AVOIDANCE | 1000 | 2022-11-21 02:24:47,864
59460 | 36944 | ACK | 17 | 2022-11-21 02:24:47,865
36944 | 59460 | DATA | 8 | CONGESTION AVOIDANCE | 1000 | 2022-11-21 02:24:47,865
59460 | 36944 | ACK | 17 | 2022-11-21 02:24:48,527
36944 | 59460 | DATA | 8 | CONGESTION AVOIDANCE | 1000 | 2022-11-21 02:24:48,527
59460 | 36944 | ACK | 17 | 2022-11-21 02:24:49,488
36944 | 59460 | DATA | 8 | CONGESTION AVOIDANCE | 1000 | 2022-11-21 02:24:49,488
59460 | 36944 | ACK | 17 | 2022-11-21 02:24:50,210
36944 | 59460 | DATA | 8 | CONGESTION AVOIDANCE | 1000 | 2022-11-21 02:24:50,210
59460 | 36944 | ACK | 17 | 2022-11-21 02:24:51,141
36944 | 59460 | DATA | 8 | CONGESTION AVOIDANCE | 1000 | 2022-11-21 02:24:51,141
59460 | 36944 | ACK | 17 | 2022-11-21 02:24:53,004
36944 | 59460 | DATA | 5 | CONGESTION AVOIDANCE | 1000 | 2022-11-21 02:24:53,004
59460 | 36944 | ACK | 17 | 2022-11-21 02:24:53,005
36944 | 59460 | DATA | 5 | CONGESTION AVOIDANCE | 1000 | 2022-11-21 02:24:53,005
59460 | 36944 | ACK | 17 | 2022-11-21 02:24:53,005
36944 | 59460 | DATA | 5 | CONGESTION AVOIDANCE | 1000 | 2022-11-21 02:24:53,006
59460 | 36944 | ACK | 17 | 2022-11-21 02:24:54,638
36944 | 59460 | DATA | 3 | CONGESTION AVOIDANCE | 1000 | 2022-11-21 02:24:54,638
59460 | 36944 | ACK | 17 | 2022-11-21 02:24:54,639
36944 | 59460 | DATA | 3 | CONGESTION AVOIDANCE | 1000 | 2022-11-21 02:24:54,639
59460 | 36944 | ACK | 17 | 2022-11-21 02:24:55,330
36944 | 59460 | DATA | 3 | CONGESTION AVOIDANCE | 1000 | 2022-11-21 02:24:55,330
59460 | 36944 | ACK | 17 | 2022-11-21 02:24:56,272
36944 | 59460 | DATA | 4 | CONGESTION AVOIDANCE | 1000 | 2022-11-21 02:24:56,272
59460 | 36944 | ACK | 17 | 2022-11-21 02:24:56,893
36944 | 59460 | DATA | 4 | CONGESTION AVOIDANCE | 1000 | 2022-11-21 02:24:56,893
59460 | 36944 | ACK | 17 | 2022-11-21 02:24:57,895
36944 | 59460 | DATA | 3 | CONGESTION AVOIDANCE | 1000 | 2022-11-21 02:24:57,895
59460 | 36944 | ACK | 17 | 2022-11-21 02:24:57,896
36944 | 59460 | DATA | 3 | CONGESTION AVOIDANCE | 1000 | 2022-11-21 02:24:57,896
59460 | 36944 | ACK | 17 | 2022-11-21 02:24:57,896
36944 | 59460 | DATA | 3 | CONGESTION AVOIDANCE | 1000 | 2022-11-21 02:24:57,896
59460 | 36944 | ACK | 17 | 2022-11-21 02:24:57,897
36944 | 59460 | DATA | 4 | CONGESTION AVOIDANCE | 1000 | 2022-11-21 02:24:57,897
59460 | 36944 | ACK | 17 | 2022-11-21 02:24:57,897
36944 | 59460 | DATA | 4 | CONGESTION AVOIDANCE | 1000 | 2022-11-21 02:24:57,897
59460 | 36944 | ACK | 17 | 2022-11-21 02:24:57,898
36944 | 59460 | DATA | 4 | CONGESTION AVOIDANCE | 1000 | 2022-11-21 02:24:57,898
59460 | 36944 | ACK | 17 | 2022-11-21 02:24:58,599
36944 | 59460 | DATA | 4 | CONGESTION AVOIDANCE | 1000 | 2022-11-21 02:24:58,599
59460 | 36944 | ACK | 17 | 2022-11-21 02:25:00,262
36944 | 59460 | DATA | 3 | CONGESTION AVOIDANCE | 1000 | 2022-11-21 02:25:00,262
59460 | 36944 | ACK | 17 | 2022-11-21 02:25:01,154
36944 | 59460 | DATA | 3 | CONGESTION AVOIDANCE | 1000 | 2022-11-21 02:25:01,154
59460 | 36944 | ACK | 17 | 2022-11-21 02:25:01,725
36944 | 59460 | DATA | 3 | CONGESTION AVOIDANCE | 1000 | 2022-11-21 02:25:01,725
59460 | 36944 | ACK | 17 | 2022-11-21 02:25:02,727
36944 | 59460 | DATA | 3 | CONGESTION AVOIDANCE | 1000 | 2022-11-21 02:25:02,727
59460 | 36944 | ACK | 17 | 2022-11-21 02:25:03,439
36944 | 59460 | DATA | 3 | CONGESTION AVOIDANCE | 1000 | 2022-11-21 02:25:03,439
59460 | 36944 | ACK | 17 | 2022-11-21 02:25:04,210
36944 | 59460 | DATA | 3 | CONGESTION AVOIDANCE | 1000 | 2022-11-21 02:25:04,211
59460 | 36944 | ACK | 17 | 2022-11-21 02:25:05,963
36944 | 59460 | DATA | 3 | CONGESTION AVOIDANCE | 1000 | 2022-11-21 02:25:05,963
59460 | 36944 | ACK | 17 | 2022-11-21 02:25:05,964
36944 | 59460 | DATA | 3 | CONGESTION AVOIDANCE | 1000 | 2022-11-21 02:25:05,964
59460 | 36944 | ACK | 17 | 2022-11-21 02:25:06,836
36944 | 59460 | DATA | 3 | CONGESTION AVOIDANCE | 1000 | 2022-11-21 02:25:06,836
59460 | 36944 | ACK | 17 | 2022-11-21 02:25:07,347
36944 | 59460 | DATA | 4 | CONGESTION AVOIDANCE | 1000 | 2022-11-21 02:25:07,347
59460 | 36944 | ACK | 17 | 2022-11-21 02:25:07,978
36944 | 59460 | DATA | 4 | CONGESTION AVOIDANCE | 1000 | 2022-11-21 02:25:07,978
59460 | 36944 | ACK | 17 | 2022-11-21 02:25:07,979
36944 | 59460 | DATA | 4 | CONGESTION AVOIDANCE | 1000 | 2022-11-21 02:25:07,979
59460 | 36944 | ACK | 17 | 2022-11-21 02:25:08,930
36944 | 59460 | DATA | 4 | CONGESTION AVOIDANCE | 1000 | 2022-11-21 02:25:08,930
59460 | 36944 | ACK | 17 | 2022-11-21 02:25:10,703
36944 | 59460 | DATA | 3 | CONGESTION AVOIDANCE | 1000 | 2022-11-21 02:25:10,703
59460 | 36944 | ACK | 17 | 2022-11-21 02:25:11,255
36944 | 59460 | DATA | 3 | CONGESTION AVOIDANCE | 1000 | 2022-11-21 02:25:11,255
59460 | 36944 | ACK | 17 | 2022-11-21 02:25:11,255
36944 | 59460 | DATA | 3 | CONGESTION AVOIDANCE | 1000 | 2022-11-21 02:25:11,255
59460 | 36944 | ACK | 17 | 2022-11-21 02:25:11,256
36944 | 59460 | DATA | 4 | CONGESTION AVOIDANCE | 1000 | 2022-11-21 02:25:11,256
59460 | 36944 | ACK | 17 | 2022-11-21 02:25:11,256
36944 | 59460 | DATA | 4 | CONGESTION AVOIDANCE | 1000 | 2022-11-21 02:25:11,256
59460 | 36944 | ACK | 17 | 2022-11-21 02:25:11,257
36944 | 59460 | DATA | 4 | CONGESTION AVOIDANCE | 1000 | 2022-11-21 02:25:11,257
59460 | 36944 | ACK | 17 | 2022-11-21 02:25:11,257
36944 | 59460 | DATA | 4 | CONGESTION AVOIDANCE | 1000 | 2022-11-21 02:25:11,257
59460 | 36944 | ACK | 17 | 2022-11-21 02:25:11,258
36944 | 59460 | DATA | 5 | CONGESTION AVOIDANCE | 1000 | 2022-11-21 02:25:11,258
59460 | 36944 | ACK | 17 | 2022-11-21 02:25:11,258
36944 | 59460 | DATA | 5 | CONGESTION AVOIDANCE | 1000 | 2022-11-21 02:25:11,258
59460 | 36944 | ACK | 17 | 2022-11-21 02:25:11,259
36944 | 59460 | DATA | 5 | CONGESTION AVOIDANCE | 1000 | 2022-11-21 02:25:11,259
59460 | 36944 | ACK | 17 | 2022-11-21 02:25:11,259
36944 | 59460 | DATA | 5 | CONGESTION AVOIDANCE | 1000 | 2022-11-21 02:25:11,259
59460 | 36944 | ACK | 17 | 2022-11-21 02:25:11,260
36944 | 59460 | DATA | 5 | CONGESTION AVOIDANCE | 1000 | 2022-11-21 02:25:11,260
59460 | 36944 | ACK | 17 | 2022-11-21 02:25:12,141
36944 | 59460 | DATA | 6 | CONGESTION AVOIDANCE | 1000 | 2022-11-21 02:25:12,142
59460 | 36944 | ACK | 17 | 2022-11-21 02:25:12,142
36944 | 59460 | DATA | 6 | CONGESTION AVOIDANCE | 1000 | 2022-11-21 02:25:12,142
59460 | 36944 | ACK | 17 | 2022-11-21 02:25:13,084
36944 | 59460 | DATA | 6 | CONGESTION AVOIDANCE | 1000 | 2022-11-21 02:25:13,084
59460 | 36944 | ACK | 17 | 2022-11-21 02:25:13,084
36944 | 59460 | DATA | 6 | CONGESTION AVOIDANCE | 1000 | 2022-11-21 02:25:13,084
59460 | 36944 | ACK | 17 | 2022-11-21 02:25:13,665
36944 | 59460 | DATA | 6 | CONGESTION AVOIDANCE | 1000 | 2022-11-21 02:25:13,666
59460 | 36944 | ACK | 17 | 2022-11-21 02:25:14,497
36944 | 59460 | DATA | 6 | CONGESTION AVOIDANCE | 1000 | 2022-11-21 02:25:14,497
59460 | 36944 | ACK | 17 | 2022-11-21 02:25:15,259
36944 | 59460 | DATA | 7 | CONGESTION AVOIDANCE | 1000 | 2022-11-21 02:25:15,259
59460 | 36944 | ACK | 17 | 2022-11-21 02:25:16,090
36944 | 59460 | DATA | 7 | CONGESTION AVOIDANCE | 1000 | 2022-11-21 02:25:16,090
59460 | 36944 | ACK | 17 | 2022-11-21 02:25:16,091
36944 | 59460 | DATA | 7 | CONGESTION AVOIDANCE | 1000 | 2022-11-21 02:25:16,091
59460 | 36944 | ACK | 17 | 2022-11-21 02:25:16,091
36944 | 59460 | DATA | 7 | CONGESTION AVOIDANCE | 1000 | 2022-11-21 02:25:16,091
59460 | 36944 | ACK | 17 | 2022-11-21 02:25:16,883
36944 | 59460 | DATA | 7 | CONGESTION AVOIDANCE | 1000 | 2022-11-21 02:25:16,883
59460 | 36944 | ACK | 17 | 2022-11-21 02:25:17,584
36944 | 59460 | DATA | 7 | CONGESTION AVOIDANCE | 1000 | 2022-11-21 02:25:17,584
59460 | 36944 | ACK | 17 | 2022-11-21 02:25:17,585
36944 | 59460 | DATA | 7 | CONGESTION AVOIDANCE | 1000 | 2022-11-21 02:25:17,585
59460 | 36944 | ACK | 17 | 2022-11-21 02:25:18,496
36944 | 59460 | DATA | 8 | CONGESTION AVOIDANCE | 1000 | 2022-11-21 02:25:18,496
59460 | 36944 | ACK | 17 | 2022-11-21 02:25:18,497
36944 | 59460 | DATA | 8 | CONGESTION AVOIDANCE | 1000 | 2022-11-21 02:25:18,497
59460 | 36944 | ACK | 17 | 2022-11-21 02:25:19,498
36944 | 59460 | DATA | 5 | CONGESTION AVOIDANCE | 1000 | 2022-11-21 02:25:19,499
59460 | 36944 | ACK | 17 | 2022-11-21 02:25:20,100
36944 | 59460 | DATA | 5 | CONGESTION AVOIDANCE | 1000 | 2022-11-21 02:25:20,100
59460 | 36944 | ACK | 17 | 2022-11-21 02:25:20,711
36944 | 59460 | DATA | 5 | CONGESTION AVOIDANCE | 1000 | 2022-11-21 02:25:20,711
59460 | 36944 | ACK | 17 | 2022-11-21 02:25:20,712
36944 | 59460 | DATA | 5 | CONGESTION AVOIDANCE | 1000 | 2022-11-21 02:25:20,712
59460 | 36944 | ACK | 17 | 2022-11-21 02:25:21,413
36944 | 59460 | DATA | 5 | CONGESTION AVOIDANCE | 1000 | 2022-11-21 02:25:21,413
59460 | 36944 | ACK | 17 | 2022-11-21 02:25:21,414
36944 | 59460 | DATA | 6 | CONGESTION AVOIDANCE | 1000 | 2022-11-21 02:25:21,414
59460 | 36944 | ACK | 17 | 2022-11-21 02:25:21,945
36944 | 59460 | DATA | 6 | CONGESTION AVOIDANCE | 1000 | 2022-11-21 02:25:21,945
59460 | 36944 | ACK | 17 | 2022-11-21 02:25:22,857
36944 | 59460 | DATA | 6 | CONGESTION AVOIDANCE | 1000 | 2022-11-21 02:25:22,857
59460 | 36944 | ACK | 17 | 2022-11-21 02:25:23,398
36944 | 59460 | DATA | 6 | CONGESTION AVOIDANCE | 1000 | 2022-11-21 02:25:23,398
59460 | 36944 | ACK | 17 | 2022-11-21 02:25:24,230
36944 | 59460 | DATA | 6 | CONGESTION AVOIDANCE | 1000 | 2022-11-21 02:25:24,230
59460 | 36944 | ACK | 17 | 2022-11-21 02:25:25,031
36944 | 59460 | DATA | 6 | CONGESTION AVOIDANCE | 1000 | 2022-11-21 02:25:25,031
59460 | 36944 | ACK | 17 | 2022-11-21 02:25:26,033
36944 | 59460 | DATA | 4 | CONGESTION AVOIDANCE | 1000 | 2022-11-21 02:25:26,033
59460 | 36944 | ACK | 17 | 2022-11-21 02:25:26,033
36944 | 59460 | DATA | 4 | CONGESTION AVOIDANCE | 1000 | 2022-11-21 02:25:26,034
59460 | 36944 | ACK | 17 | 2022-11-21 02:25:26,034
36944 | 59460 | DATA | 4 | CONGESTION AVOIDANCE | 1000 | 2022-11-21 02:25:26,034
59460 | 36944 | ACK | 17 | 2022-11-21 02:25:27,036
36944 | 59460 | DATA | 3 | CONGESTION AVOIDANCE | 1000 | 2022-11-21 02:25:27,036
59460 | 36944 | ACK | 17 | 2022-11-21 02:25:27,747
36944 | 59460 | DATA | 3 | CONGESTION AVOIDANCE | 1000 | 2022-11-21 02:25:27,747
59460 | 36944 | ACK | 17 | 2022-11-21 02:25:30,512
36944 | 59460 | DATA | 2 | CONGESTION AVOIDANCE | 1000 | 2022-11-21 02:25:30,512
59460 | 36944 | ACK | 17 | 2022-11-21 02:25:31,303
36944 | 59460 | DATA | 2 | CONGESTION AVOIDANCE | 1000 | 2022-11-21 02:25:31,303
59460 | 36944 | ACK | 17 | 2022-11-21 02:25:31,304
36944 | 59460 | DATA | 3 | CONGESTION AVOIDANCE | 1000 | 2022-11-21 02:25:31,304
59460 | 36944 | ACK | 17 | 2022-11-21 02:25:31,304
36944 | 59460 | DATA | 3 | CONGESTION AVOIDANCE | 1000 | 2022-11-21 02:25:31,304
59460 | 36944 | ACK | 17 | 2022-11-21 02:25:31,305
36944 | 59460 | DATA | 3 | CONGESTION AVOIDANCE | 1000 | 2022-11-21 02:25:31,305
59460 | 36944 | ACK | 17 | 2022-11-21 02:25:31,856
36944 | 59460 | DATA | 4 | CONGESTION AVOIDANCE | 1000 | 2022-11-21 02:25:31,856
59460 | 36944 | ACK | 17 | 2022-11-21 02:25:31,857
36944 | 59460 | DATA | 4 | CONGESTION AVOIDANCE | 1000 | 2022-11-21 02:25:31,857
59460 | 36944 | ACK | 17 | 2022-11-21 02:25:34,431
36944 | 59460 | DATA | 2 | CONGESTION AVOIDANCE | 1000 | 2022-11-21 02:25:34,431
59460 | 36944 | ACK | 17 | 2022-11-21 02:25:35,032
36944 | 59460 | DATA | 2 | CONGESTION AVOIDANCE | 1000 | 2022-11-21 02:25:35,032
59460 | 36944 | ACK | 17 | 2022-11-21 02:25:35,543
36944 | 59460 | DATA | 3 | CONGESTION AVOIDANCE | 1000 | 2022-11-21 02:25:35,543
59460 | 36944 | ACK | 17 | 2022-11-21 02:25:36,325
36944 | 59460 | DATA | 3 | CONGESTION AVOIDANCE | 1000 | 2022-11-21 02:25:36,325
59460 | 36944 | ACK | 17 | 2022-11-21 02:25:37,027
36944 | 59460 | DATA | 3 | CONGESTION AVOIDANCE | 1000 | 2022-11-21 02:25:37,027
59460 | 36944 | ACK | 17 | 2022-11-21 02:25:37,668
36944 | 59460 | DATA | 4 | CONGESTION AVOIDANCE | 1000 | 2022-11-21 02:25:37,668
59460 | 36944 | ACK | 17 | 2022-11-21 02:25:37,669
36944 | 59460 | DATA | 4 | CONGESTION AVOIDANCE | 1000 | 2022-11-21 02:25:37,669
59460 | 36944 | ACK | 17 | 2022-11-21 02:25:37,669
36944 | 59460 | DATA | 4 | CONGESTION AVOIDANCE | 1000 | 2022-11-21 02:25:37,669
59460 | 36944 | ACK | 17 | 2022-11-21 02:25:38,671
36944 | 59460 | DATA | 3 | CONGESTION AVOIDANCE | 1000 | 2022-11-21 02:25:38,671
59460 | 36944 | ACK | 17 | 2022-11-21 02:25:39,673
36944 | 59460 | DATA | 2 | CONGESTION AVOIDANCE | 1000 | 2022-11-21 02:25:39,673
59460 | 36944 | ACK | 17 | 2022-11-21 02:25:39,673
36944 | 59460 | DATA | 2 | CONGESTION AVOIDANCE | 1000 | 2022-11-21 02:25:39,674
59460 | 36944 | ACK | 17 | 2022-11-21 02:25:40,345
36944 | 59460 | DATA | 3 | CONGESTION AVOIDANCE | 1000 | 2022-11-21 02:25:40,345
59460 | 36944 | ACK | 17 | 2022-11-21 02:25:40,866
36944 | 59460 | DATA | 3 | CONGESTION AVOIDANCE | 1000 | 2022-11-21 02:25:40,866
59460 | 36944 | ACK | 17 | 2022-11-21 02:25:41,838
36944 | 59460 | DATA | 3 | CONGESTION AVOIDANCE | 65 | 2022-11-21 02:25:41,838
36944 | 59460 | FIN | 15 | 2022-11-21 02:25:41,838
59460 | 36944 | ACK | 15 | 2022-11-21 02:25:41,838
